#
# There is insufficient memory for the Java Runtime Environment to continue.
# Native memory allocation (mmap) failed to map 130023424 bytes for G1 virtual space
# Possible reasons:
#   The system is out of physical RAM or swap space
#   The process is running with CompressedOops enabled, and the Java Heap may be blocking the growth of the native heap
# Possible solutions:
#   Reduce memory load on the system
#   Increase physical memory or swap space
#   Check if swap backing store is full
#   Decrease Java heap size (-Xmx/-Xms)
#   Decrease number of Java threads
#   Decrease Java thread stack sizes (-Xss)
#   Set larger code cache with -XX:ReservedCodeCacheSize=
#   JVM is running with Unscaled Compressed Oops mode in which the Java heap is
#     placed in the first 4GB address space. The Java Heap base address is the
#     maximum limit for the native heap growth. Please use -XX:HeapBaseMinAddress
#     to set the Java Heap base and to place the Java Heap above 4GB virtual address.
# This output file may be truncated or incomplete.
#
#  Out of Memory Error (os_windows.cpp:3825), pid=6648, tid=6736
#
# JRE version:  (17.0.9) (build )
# Java VM: OpenJDK 64-Bit Server VM (17.0.9+0--11185874, mixed mode, sharing, tiered, compressed oops, compressed class ptrs, g1 gc, windows-amd64)
# No core dump will be written. Minidumps are not enabled by default on client versions of Windows
#

---------------  S U M M A R Y ------------

Command Line: org.jetbrains.kotlin.cli.jvm.K2JVMCompiler @C:\Android Studio\Dice Roller\app\build\20240510_124511285629084950.compiler.options

Host: 11th Gen Intel(R) Core(TM) i5-1135G7 @ 2.40GHz, 8 cores, 7G,  Windows 11 , 64 bit Build 22621 (10.0.22621.3374)
Time: Fri May 10 22:39:30 2024 Malay Peninsula Standard Time elapsed time: 0.011569 seconds (0d 0h 0m 0s)

---------------  T H R E A D  ---------------

Current thread (0x0000022245777ef0):  JavaThread "Unknown thread" [_thread_in_vm, id=6736, stack(0x000000c1bda00000,0x000000c1bdb00000)]

Stack: [0x000000c1bda00000,0x000000c1bdb00000]
Native frames: (J=compiled Java code, j=interpreted, Vv=VM code, C=native code)
V  [jvm.dll+0x6886e9]
V  [jvm.dll+0x841e4a]
V  [jvm.dll+0x843a8e]
V  [jvm.dll+0x8440f3]
V  [jvm.dll+0x24c14f]
V  [jvm.dll+0x685499]
V  [jvm.dll+0x679c2a]
V  [jvm.dll+0x30cf9b]
V  [jvm.dll+0x314446]
V  [jvm.dll+0x36425e]
V  [jvm.dll+0x36448f]
V  [jvm.dll+0x2e2d68]
V  [jvm.dll+0x2e3cd4]
V  [jvm.dll+0x8129f1]
V  [jvm.dll+0x3720c1]
V  [jvm.dll+0x7f152c]
V  [jvm.dll+0x3f5d4f]
V  [jvm.dll+0x3f7981]
C  [jli.dll+0x528f]
C  [ucrtbase.dll+0x29333]
C  [KERNEL32.DLL+0x1257d]
C  [ntdll.dll+0x5aa48]


---------------  P R O C E S S  ---------------

Threads class SMR info:
_java_thread_list=0x00007fff425eef18, length=0, elements={
}

Java Threads: ( => current thread )

Other Threads:
  0x00000222457d4b60 GCTaskThread "GC Thread#0" [stack: 0x000000c1bdb00000,0x000000c1bdc00000] [id=280]
  0x00000222457e5240 ConcurrentGCThread "G1 Main Marker" [stack: 0x000000c1bdc00000,0x000000c1bdd00000] [id=12068]
  0x00000222457e5f60 ConcurrentGCThread "G1 Conc#0" [stack: 0x000000c1bdd00000,0x000000c1bde00000] [id=13100]

[error occurred during error reporting (printing all threads), id 0xc0000005, EXCEPTION_ACCESS_VIOLATION (0xc0000005) at pc=0x00007fff41da3937]

VM state: not at safepoint (not fully initialized)

VM Mutex/Monitor currently owned by a thread:  ([mutex/lock_event])
[0x0000022245774d90] Heap_lock - owner thread: 0x0000022245777ef0

Heap address: 0x0000000084c00000, size: 1972 MB, Compressed Oops mode: 32-bit

CDS archive(s) mapped at: [0x0000000000000000-0x0000000000000000-0x0000000000000000), size 0, SharedBaseAddress: 0x0000000800000000, ArchiveRelocationMode: 1.
Narrow klass base: 0x0000000000000000, Narrow klass shift: 0, Narrow klass range: 0x0

GC Precious Log:
<Empty>

Heap:
 garbage-first heap   total 0K, used 0K [0x0000000084c00000, 0x0000000100000000)
  region size 1024K, 0 young (0K), 0 survivors (0K)
 Metaspace       used 0K, committed 0K, reserved 0K
  class space    used 0K, committed 0K, reserved 0K

Heap Regions: E=young(eden), S=young(survivor), O=old, HS=humongous(starts), HC=humongous(continues), CS=collection set, F=free, OA=open archive, CA=closed archive, TAMS=top-at-mark-start (previous, next)

Card table byte_map: [0x0000022258360000,0x0000022258740000] _byte_map_base: 0x0000022257f3a000

Marking Bits (Prev, Next): (CMBitMap*) 0x00000222457d5080, (CMBitMap*) 0x00000222457d50c0
 Prev Bits: [0x0000022258b20000, 0x000002225a9f0000)
 Next Bits: [0x000002225a9f0000, 0x000002225c8c0000)

GC Heap History (0 events):
No events

Dll operation events (1 events):
Event: 0.007 Loaded shared library C:\Program Files\Android\Android Studio\jbr\bin\java.dll

Deoptimization events (0 events):
No events

Classes unloaded (0 events):
No events

Classes redefined (0 events):
No events

Internal exceptions (0 events):
No events

VM Operations (0 events):
No events

Events (0 events):
No events


Dynamic libraries:
0x00007ff70bed0000 - 0x00007ff70beda000 	C:\Program Files\Android\Android Studio\jbr\bin\java.exe
0x00007fffba130000 - 0x00007fffba346000 	C:\WINDOWS\SYSTEM32\ntdll.dll
0x00007fffb90c0000 - 0x00007fffb9184000 	C:\WINDOWS\System32\KERNEL32.DLL
0x00007fffb7620000 - 0x00007fffb79c7000 	C:\WINDOWS\System32\KERNELBASE.dll
0x00007fffb7d40000 - 0x00007fffb7e51000 	C:\WINDOWS\System32\ucrtbase.dll
0x00007fffb2130000 - 0x00007fffb214b000 	C:\Program Files\Android\Android Studio\jbr\bin\VCRUNTIME140.dll
0x00007fff7da70000 - 0x00007fff7da87000 	C:\Program Files\Android\Android Studio\jbr\bin\jli.dll
0x00007fffb8eb0000 - 0x00007fffb905e000 	C:\WINDOWS\System32\USER32.dll
0x00007fff9a3b0000 - 0x00007fff9a643000 	C:\WINDOWS\WinSxS\amd64_microsoft.windows.common-controls_6595b64144ccf1df_6.0.22621.3235_none_270f74e173860f98\COMCTL32.dll
0x00007fffb8c00000 - 0x00007fffb8ca7000 	C:\WINDOWS\System32\msvcrt.dll
0x00007fffb7f60000 - 0x00007fffb7f89000 	C:\WINDOWS\System32\GDI32.dll
0x00007fffb7500000 - 0x00007fffb7619000 	C:\WINDOWS\System32\gdi32full.dll
0x00007fffb79d0000 - 0x00007fffb7a6a000 	C:\WINDOWS\System32\msvcp_win.dll
0x00007fffb7ae0000 - 0x00007fffb7b06000 	C:\WINDOWS\System32\win32u.dll
0x00007fffb8ae0000 - 0x00007fffb8b11000 	C:\WINDOWS\System32\IMM32.DLL
0x00007fffb2410000 - 0x00007fffb241c000 	C:\Program Files\Android\Android Studio\jbr\bin\vcruntime140_1.dll
0x00007fff7b1a0000 - 0x00007fff7b22d000 	C:\Program Files\Android\Android Studio\jbr\bin\msvcp140.dll
0x00007fff41ab0000 - 0x00007fff42733000 	C:\Program Files\Android\Android Studio\jbr\bin\server\jvm.dll
0x00007fffb8b40000 - 0x00007fffb8bf2000 	C:\WINDOWS\System32\ADVAPI32.dll
0x00007fffb9340000 - 0x00007fffb93e8000 	C:\WINDOWS\System32\sechost.dll
0x00007fffb7450000 - 0x00007fffb7478000 	C:\WINDOWS\System32\bcrypt.dll
0x00007fffb8d80000 - 0x00007fffb8e95000 	C:\WINDOWS\System32\RPCRT4.dll
0x00007fffb7320000 - 0x00007fffb736d000 	C:\WINDOWS\SYSTEM32\POWRPROF.dll
0x00007fffaf180000 - 0x00007fffaf189000 	C:\WINDOWS\SYSTEM32\WSOCK32.dll
0x00007fffb9680000 - 0x00007fffb96f1000 	C:\WINDOWS\System32\WS2_32.dll
0x00007fffacb60000 - 0x00007fffacb94000 	C:\WINDOWS\SYSTEM32\WINMM.dll
0x00007fffac500000 - 0x00007fffac50a000 	C:\WINDOWS\SYSTEM32\VERSION.dll
0x00007fffb7300000 - 0x00007fffb7313000 	C:\WINDOWS\SYSTEM32\UMPDC.dll
0x00007fffb6460000 - 0x00007fffb6478000 	C:\WINDOWS\SYSTEM32\kernel.appcore.dll
0x00007fffa7c40000 - 0x00007fffa7c4a000 	C:\Program Files\Android\Android Studio\jbr\bin\jimage.dll
0x00007fffb4550000 - 0x00007fffb4783000 	C:\WINDOWS\SYSTEM32\DBGHELP.DLL
0x00007fffb9c70000 - 0x00007fffb9ff8000 	C:\WINDOWS\System32\combase.dll
0x00007fffb9700000 - 0x00007fffb97d7000 	C:\WINDOWS\System32\OLEAUT32.dll
0x00007fff93e40000 - 0x00007fff93e72000 	C:\WINDOWS\SYSTEM32\dbgcore.DLL
0x00007fffb7480000 - 0x00007fffb74f9000 	C:\WINDOWS\System32\bcryptPrimitives.dll
0x00007fff7c9e0000 - 0x00007fff7ca05000 	C:\Program Files\Android\Android Studio\jbr\bin\java.dll

dbghelp: loaded successfully - version: 4.0.5 - missing functions: none
symbol engine: initialized successfully - sym options: 0x614 - pdb path: .;C:\Program Files\Android\Android Studio\jbr\bin;C:\WINDOWS\SYSTEM32;C:\WINDOWS\WinSxS\amd64_microsoft.windows.common-controls_6595b64144ccf1df_6.0.22621.3235_none_270f74e173860f98;C:\Program Files\Android\Android Studio\jbr\bin\server

VM Arguments:
java_command: org.jetbrains.kotlin.cli.jvm.K2JVMCompiler @C:\Android Studio\Dice Roller\app\build\20240510_124511285629084950.compiler.options
java_class_path (initial): C:\Users\ASUS\.gradle\caches\modules-2\files-2.1\org.jetbrains.kotlin\kotlin-compiler-embeddable\1.9.0\2c8c3a7402becca891f12739b3e9fd2dc2adbd7a\kotlin-compiler-embeddable-1.9.0.jar;C:\Users\ASUS\.gradle\caches\modules-2\files-2.1\org.jetbrains.kotlin\kotlin-stdlib\1.9.0\8ee15ef0c67dc83d874f412d84378d7f0eb50b63\kotlin-stdlib-1.9.0.jar;C:\Users\ASUS\.gradle\caches\modules-2\files-2.1\org.jetbrains.kotlin\kotlin-script-runtime\1.9.0\4b3102cbbb7e1b58d9d1adf89563f00069ffa7d1\kotlin-script-runtime-1.9.0.jar;C:\Users\ASUS\.gradle\caches\modules-2\files-2.1\org.jetbrains.kotlin\kotlin-reflect\1.6.10\1cbe9c92c12a94eea200d23c2bbaedaf3daf5132\kotlin-reflect-1.6.10.jar;C:\Users\ASUS\.gradle\caches\modules-2\files-2.1\org.jetbrains.kotlin\kotlin-daemon-embeddable\1.9.0\186543f5e28cf8d9a0290fecc2cf34301c40a65c\kotlin-daemon-embeddable-1.9.0.jar;C:\Users\ASUS\.gradle\caches\modules-2\files-2.1\org.jetbrains.intellij.deps\trove4j\1.0.20200330\3afb14d5f9ceb459d724e907a21145e8ff394f02\trove4j-1.0.20200330.jar;C:\Users\ASUS\.gradle\caches\modules-2\files-2.1\org.jetbrains.kotlin\kotlin-stdlib-common\1.9.0\cd65c21cfd1eec4d44ef09f9f52b6d9f8a720636\kotlin-stdlib-common-1.9.0.jar;C:\Users\ASUS\.gradle\caches\modules-2\files-2.1\org.jetbrains\annotations\13.0\919f0dfe192fb4e063e7dacadee7f8bb9a2672a9\annotations-13.0.jar
Launcher Type: SUN_STANDARD

[Global flags]
     intx CICompilerCount                          = 4                                         {product} {ergonomic}
     uint ConcGCThreads                            = 2                                         {product} {ergonomic}
     uint G1ConcRefinementThreads                  = 8                                         {product} {ergonomic}
   size_t G1HeapRegionSize                         = 1048576                                   {product} {ergonomic}
    uintx GCDrainStackTargetSize                   = 64                                        {product} {ergonomic}
   size_t InitialHeapSize                          = 130023424                                 {product} {ergonomic}
   size_t MarkStackSize                            = 4194304                                   {product} {ergonomic}
   size_t MaxHeapSize                              = 2067791872                                {product} {ergonomic}
   size_t MinHeapDeltaBytes                        = 1048576                                   {product} {ergonomic}
   size_t MinHeapSize                              = 8388608                                   {product} {ergonomic}
    uintx NonNMethodCodeHeapSize                   = 5839372                                {pd product} {ergonomic}
    uintx NonProfiledCodeHeapSize                  = 122909434                              {pd product} {ergonomic}
    uintx ProfiledCodeHeapSize                     = 122909434                              {pd product} {ergonomic}
    uintx ReservedCodeCacheSize                    = 251658240                              {pd product} {ergonomic}
     bool SegmentedCodeCache                       = true                                      {product} {ergonomic}
   size_t SoftMaxHeapSize                          = 2067791872                             {manageable} {ergonomic}
     bool UseCompressedClassPointers               = true                           {product lp64_product} {ergonomic}
     bool UseCompressedOops                        = true                           {product lp64_product} {ergonomic}
     bool UseG1GC                                  = true                                      {product} {ergonomic}
     bool UseLargePagesIndividualAllocation        = false                                  {pd product} {ergonomic}

Logging:
Log output configuration:
 #0: stdout all=warning uptime,level,tags
 #1: stderr all=off uptime,level,tags

Environment Variables:
PATH=C:\Program Files\Common Files\Oracle\Java\javapath;C:\WINDOWS\system32;C:\WINDOWS;C:\WINDOWS\System32\Wbem;C:\WINDOWS\System32\WindowsPowerShell\v1.0\;C:\WINDOWS\System32\OpenSSH\;C:\xampp\mysql\bin;C:\Program Files\PuTTY\;C:\xampp\php;C:\Users\ASUS\AppData\Local\Programs\Python\Python311\Scripts\;C:\Users\ASUS\AppData\Local\Programs\Python\Python311\;C:\Users\ASUS\AppData\Local\Microsoft\WindowsApps;;C:\Users\ASUS\AppData\Local\Programs\Microsoft VS Code\bin;C:\Program Files\JetBrains\IntelliJ IDEA Community Edition 2023.2.2\bin;
USERNAME=ASUS
OS=Windows_NT
PROCESSOR_IDENTIFIER=Intel64 Family 6 Model 140 Stepping 1, GenuineIntel
TMP=C:\Users\ASUS\AppData\Local\Temp
TEMP=C:\Users\ASUS\AppData\Local\Temp



Periodic native trim disabled

JNI global refs:
JNI global refs: 0, weak refs: 0

JNI global refs memory usage: 0, weak refs: 0

OOME stack traces (most recent first):
Classloader memory used:


---------------  S Y S T E M  ---------------

OS:
 Windows 11 , 64 bit Build 22621 (10.0.22621.3374)
OS uptime: 0 days 0:46 hours
Hyper-V role detected

CPU: total 8 (initial active 8) (4 cores per cpu, 2 threads per core) family 6 model 140 stepping 1 microcode 0x9a, cx8, cmov, fxsr, ht, mmx, 3dnowpref, sse, sse2, sse3, ssse3, sse4.1, sse4.2, popcnt, lzcnt, tsc, tscinvbit, avx, avx2, aes, erms, clmul, bmi1, bmi2, adx, avx512f, avx512dq, avx512cd, avx512bw, avx512vl, sha, fma, vzeroupper, avx512_vpopcntdq, avx512_vpclmulqdq, avx512_vaes, avx512_vnni, clflush, clflushopt, clwb, avx512_vbmi2, avx512_vbmi, hv
Processor Information for all 8 processors :
  Max Mhz: 2419, Current Mhz: 2419, Mhz Limit: 2419

Memory: 4k page, system-wide physical 7882M (394M free)
TotalPageFile size 9930M (AvailPageFile size 59M)
current process WorkingSet (physical memory assigned to process): 11M, peak: 11M
current process commit charge ("private bytes"): 60M, peak: 184M

vm_info: OpenJDK 64-Bit Server VM (17.0.9+0--11185874) for windows-amd64 JRE (17.0.9+0--11185874), built on Dec  6 2023 18:57:44 by "androidbuild" with MS VC++ 16.10 / 16.11 (VS2019)

END.
