#
# There is insufficient memory for the Java Runtime Environment to continue.
# Native memory allocation (mmap) failed to map 5242880 bytes for G1 virtual space
# Possible reasons:
#   The system is out of physical RAM or swap space
#   The process is running with CompressedOops enabled, and the Java Heap may be blocking the growth of the native heap
# Possible solutions:
#   Reduce memory load on the system
#   Increase physical memory or swap space
#   Check if swap backing store is full
#   Decrease Java heap size (-Xmx/-Xms)
#   Decrease number of Java threads
#   Decrease Java thread stack sizes (-Xss)
#   Set larger code cache with -XX:ReservedCodeCacheSize=
#   JVM is running with Unscaled Compressed Oops mode in which the Java heap is
#     placed in the first 4GB address space. The Java Heap base address is the
#     maximum limit for the native heap growth. Please use -XX:HeapBaseMinAddress
#     to set the Java Heap base and to place the Java Heap above 4GB virtual address.
# This output file may be truncated or incomplete.
#
#  Out of Memory Error (os_windows.cpp:3825), pid=16832, tid=5512
#
# JRE version: OpenJDK Runtime Environment (17.0.9) (build 17.0.9+0--11185874)
# Java VM: OpenJDK 64-Bit Server VM (17.0.9+0--11185874, mixed mode, tiered, compressed oops, compressed class ptrs, g1 gc, windows-amd64)
# No core dump will be written. Minidumps are not enabled by default on client versions of Windows
#

---------------  S U M M A R Y ------------

Command Line: --add-opens=java.base/java.util=ALL-UNNAMED --add-opens=java.base/java.lang=ALL-UNNAMED --add-opens=java.base/java.lang.invoke=ALL-UNNAMED --add-opens=java.prefs/java.util.prefs=ALL-UNNAMED --add-opens=java.base/java.nio.charset=ALL-UNNAMED --add-opens=java.base/java.net=ALL-UNNAMED --add-opens=java.base/java.util.concurrent.atomic=ALL-UNNAMED -Xmx1024m -Dfile.encoding=UTF-8 -Duser.country=ID -Duser.language=en -Duser.variant -javaagent:C:\Users\ASUS\.gradle\wrapper\dists\gradle-8.4-bin\1w5dpkrfk8irigvoxmyhowfim\gradle-8.4\lib\agents\gradle-instrumentation-agent-8.4.jar org.gradle.launcher.daemon.bootstrap.GradleDaemon 8.4

Host: 11th Gen Intel(R) Core(TM) i5-1135G7 @ 2.40GHz, 8 cores, 7G,  Windows 11 , 64 bit Build 22621 (10.0.22621.3374)
Time: Tue May  7 21:57:58 2024 Malay Peninsula Standard Time elapsed time: 7.922374 seconds (0d 0h 0m 7s)

---------------  T H R E A D  ---------------

Current thread (0x0000022fc3aa4d40):  VMThread "VM Thread" [stack: 0x000000e04a800000,0x000000e04a900000] [id=5512]

Stack: [0x000000e04a800000,0x000000e04a900000]
Native frames: (J=compiled Java code, j=interpreted, Vv=VM code, C=native code)
V  [jvm.dll+0x6886e9]
V  [jvm.dll+0x841e4a]
V  [jvm.dll+0x843a8e]
V  [jvm.dll+0x8440f3]
V  [jvm.dll+0x24c14f]
V  [jvm.dll+0x685499]
V  [jvm.dll+0x679c2a]
V  [jvm.dll+0x30cf9b]
V  [jvm.dll+0x314446]
V  [jvm.dll+0x36425e]
V  [jvm.dll+0x36448f]
V  [jvm.dll+0x2e2d68]
V  [jvm.dll+0x2e5e56]
V  [jvm.dll+0x2f066a]
V  [jvm.dll+0x325610]
V  [jvm.dll+0x8487eb]
V  [jvm.dll+0x849531]
V  [jvm.dll+0x849a4d]
V  [jvm.dll+0x849e24]
V  [jvm.dll+0x849ef0]
V  [jvm.dll+0x7f06aa]
V  [jvm.dll+0x687565]
C  [ucrtbase.dll+0x29333]
C  [KERNEL32.DLL+0x1257d]
C  [ntdll.dll+0x5aa48]

VM_Operation (0x000000e04a4ff960): G1PauseRemark, mode: safepoint, requested by thread 0x0000022fac290010


---------------  P R O C E S S  ---------------

Threads class SMR info:
_java_thread_list=0x0000022fccaf7f90, length=52, elements={
0x0000022fac24a290, 0x0000022fc3aa5270, 0x0000022fc3aa5d40, 0x0000022fc3ad26c0,
0x0000022fc3ad3190, 0x0000022fc3ad3d50, 0x0000022fc3ad4710, 0x0000022fc3ad54b0,
0x0000022fc801e020, 0x0000022fc8029f30, 0x0000022fc81362b0, 0x0000022fc83318d0,
0x0000022fc96673a0, 0x0000022fca333500, 0x0000022fca216820, 0x0000022fc9c6f230,
0x0000022fc9c6f710, 0x0000022fca1a14c0, 0x0000022fc93228a0, 0x0000022fcab80030,
0x0000022fc8e0e010, 0x0000022fc8e0ea30, 0x0000022fc8e0ef40, 0x0000022fc8e0f450,
0x0000022fca1d6020, 0x0000022fc8e0db00, 0x0000022fc8e0f960, 0x0000022fc8e0c1b0,
0x0000022fc8e0e520, 0x0000022fc8e0cbd0, 0x0000022fc8e0d0e0, 0x0000022fc8e0c6c0,
0x0000022fcb50b4a0, 0x0000022fcb508200, 0x0000022fcb50b9b0, 0x0000022fcb506dc0,
0x0000022fcb50af90, 0x0000022fcb509b50, 0x0000022fcb5077e0, 0x0000022fcb5063a0,
0x0000022fcb504540, 0x0000022fcb505980, 0x0000022fcb508710, 0x0000022fcb504f60,
0x0000022fcb508c20, 0x0000022fcb50a570, 0x0000022fcb509640, 0x0000022fcb50aa80,
0x0000022fcb509130, 0x0000022fcb505470, 0x0000022fcb505e90, 0x0000022fcb50a060
}

Java Threads: ( => current thread )
  0x0000022fac24a290 JavaThread "main" [_thread_blocked, id=10704, stack(0x000000e04a200000,0x000000e04a300000)]
  0x0000022fc3aa5270 JavaThread "Reference Handler" daemon [_thread_blocked, id=6776, stack(0x000000e04a900000,0x000000e04aa00000)]
  0x0000022fc3aa5d40 JavaThread "Finalizer" daemon [_thread_blocked, id=2288, stack(0x000000e04aa00000,0x000000e04ab00000)]
  0x0000022fc3ad26c0 JavaThread "Signal Dispatcher" daemon [_thread_blocked, id=15144, stack(0x000000e04ab00000,0x000000e04ac00000)]
  0x0000022fc3ad3190 JavaThread "Attach Listener" daemon [_thread_blocked, id=10812, stack(0x000000e04ac00000,0x000000e04ad00000)]
  0x0000022fc3ad3d50 JavaThread "Service Thread" daemon [_thread_blocked, id=11824, stack(0x000000e04ad00000,0x000000e04ae00000)]
  0x0000022fc3ad4710 JavaThread "Monitor Deflation Thread" daemon [_thread_blocked, id=8504, stack(0x000000e04ae00000,0x000000e04af00000)]
  0x0000022fc3ad54b0 JavaThread "C2 CompilerThread0" daemon [_thread_blocked, id=1596, stack(0x000000e04af00000,0x000000e04b000000)]
  0x0000022fc801e020 JavaThread "C1 CompilerThread0" daemon [_thread_blocked, id=7900, stack(0x000000e04b000000,0x000000e04b100000)]
  0x0000022fc8029f30 JavaThread "Sweeper thread" daemon [_thread_blocked, id=4932, stack(0x000000e04b100000,0x000000e04b200000)]
  0x0000022fc81362b0 JavaThread "Common-Cleaner" daemon [_thread_blocked, id=2560, stack(0x000000e04b200000,0x000000e04b300000)]
  0x0000022fc83318d0 JavaThread "Notification Thread" daemon [_thread_blocked, id=9172, stack(0x000000e04b300000,0x000000e04b400000)]
  0x0000022fc96673a0 JavaThread "Daemon health stats" [_thread_blocked, id=14836, stack(0x000000e04ba00000,0x000000e04bb00000)]
  0x0000022fca333500 JavaThread "Incoming local TCP Connector on port 61245" [_thread_in_native, id=9044, stack(0x000000e04b500000,0x000000e04b600000)]
  0x0000022fca216820 JavaThread "Daemon periodic checks" [_thread_blocked, id=9112, stack(0x000000e04bb00000,0x000000e04bc00000)]
  0x0000022fc9c6f230 JavaThread "Daemon" [_thread_blocked, id=17500, stack(0x000000e04bc00000,0x000000e04bd00000)]
  0x0000022fc9c6f710 JavaThread "Handler for socket connection from /127.0.0.1:61245 to /127.0.0.1:61246" [_thread_in_native, id=10496, stack(0x000000e04bd00000,0x000000e04be00000)]
  0x0000022fca1a14c0 JavaThread "Cancel handler" [_thread_blocked, id=13132, stack(0x000000e04be00000,0x000000e04bf00000)]
  0x0000022fc93228a0 JavaThread "Daemon worker" [_thread_blocked, id=7044, stack(0x000000e04bf00000,0x000000e04c000000)]
  0x0000022fcab80030 JavaThread "Asynchronous log dispatcher for DefaultDaemonConnection: socket connection from /127.0.0.1:61245 to /127.0.0.1:61246" [_thread_blocked, id=14024, stack(0x000000e04c000000,0x000000e04c100000)]
  0x0000022fc8e0e010 JavaThread "Stdin handler" [_thread_blocked, id=16576, stack(0x000000e04c100000,0x000000e04c200000)]
  0x0000022fc8e0ea30 JavaThread "Daemon client event forwarder" [_thread_blocked, id=13496, stack(0x000000e04c200000,0x000000e04c300000)]
  0x0000022fc8e0ef40 JavaThread "Cache worker for journal cache (C:\Users\ASUS\.gradle\caches\journal-1)" [_thread_blocked, id=17048, stack(0x000000e04c700000,0x000000e04c800000)]
  0x0000022fc8e0f450 JavaThread "File lock request listener" [_thread_in_native, id=6080, stack(0x000000e04c800000,0x000000e04c900000)]
  0x0000022fca1d6020 JavaThread "C2 CompilerThread1" daemon [_thread_blocked, id=14144, stack(0x000000e04c900000,0x000000e04ca00000)]
  0x0000022fc8e0db00 JavaThread "Cache worker for file hash cache (C:\Users\ASUS\.gradle\caches\8.4\fileHashes)" [_thread_blocked, id=13392, stack(0x000000e04ca00000,0x000000e04cb00000)]
  0x0000022fc8e0f960 JavaThread "File watcher server" daemon [_thread_blocked, id=11436, stack(0x000000e04cb00000,0x000000e04cc00000)]
  0x0000022fc8e0c1b0 JavaThread "File watcher consumer" daemon [_thread_blocked, id=10200, stack(0x000000e04cc00000,0x000000e04cd00000)]
  0x0000022fc8e0e520 JavaThread "Cache worker for checksums cache (C:\Android Studio\Dice Roller\.gradle\8.4\checksums)" [_thread_blocked, id=15208, stack(0x000000e04cd00000,0x000000e04ce00000)]
  0x0000022fc8e0cbd0 JavaThread "Cache worker for file hash cache (C:\Android Studio\Dice Roller\.gradle\8.4\fileHashes)" [_thread_blocked, id=6108, stack(0x000000e04ce00000,0x000000e04cf00000)]
  0x0000022fc8e0d0e0 JavaThread "Cache worker for cache directory md-supplier (C:\Users\ASUS\.gradle\caches\8.4\md-supplier)" [_thread_blocked, id=11520, stack(0x000000e04cf00000,0x000000e04d000000)]
  0x0000022fc8e0c6c0 JavaThread "Cache worker for file content cache (C:\Users\ASUS\.gradle\caches\8.4\fileContent)" [_thread_blocked, id=17292, stack(0x000000e04d000000,0x000000e04d100000)]
  0x0000022fcb50b4a0 JavaThread "Cache worker for cache directory md-rule (C:\Users\ASUS\.gradle\caches\8.4\md-rule)" [_thread_blocked, id=16048, stack(0x000000e04d100000,0x000000e04d200000)]
  0x0000022fcb508200 JavaThread "Cache worker for execution history cache (C:\Users\ASUS\.gradle\caches\8.4\executionHistory)" [_thread_blocked, id=11676, stack(0x000000e04d200000,0x000000e04d300000)]
  0x0000022fcb50b9b0 JavaThread "Cache worker for kotlin-dsl (C:\Users\ASUS\.gradle\caches\8.4\kotlin-dsl)" [_thread_blocked, id=7392, stack(0x000000e04d400000,0x000000e04d500000)]
  0x0000022fcb506dc0 JavaThread "jar transforms" [_thread_blocked, id=5028, stack(0x000000e04d500000,0x000000e04d600000)]
  0x0000022fcb50af90 JavaThread "jar transforms Thread 2" [_thread_blocked, id=14636, stack(0x000000e04d600000,0x000000e04d700000)]
  0x0000022fcb509b50 JavaThread "jar transforms Thread 3" [_thread_blocked, id=18252, stack(0x000000e04d700000,0x000000e04d800000)]
  0x0000022fcb5077e0 JavaThread "jar transforms Thread 4" [_thread_blocked, id=8868, stack(0x000000e04d800000,0x000000e04d900000)]
  0x0000022fcb5063a0 JavaThread "Cache worker for dependencies-accessors (C:\Android Studio\Dice Roller\.gradle\8.4\dependencies-accessors)" [_thread_blocked, id=12916, stack(0x000000e04d900000,0x000000e04da00000)]
  0x0000022fcb504540 JavaThread "Cache worker for Build Output Cleanup Cache (C:\Android Studio\Dice Roller\.gradle\buildOutputCleanup)" [_thread_blocked, id=18368, stack(0x000000e04da00000,0x000000e04db00000)]
  0x0000022fcb505980 JavaThread "jar transforms Thread 5" [_thread_blocked, id=14192, stack(0x000000e04db00000,0x000000e04dc00000)]
  0x0000022fcb508710 JavaThread "jar transforms Thread 6" [_thread_blocked, id=5136, stack(0x000000e04dc00000,0x000000e04dd00000)]
  0x0000022fcb504f60 JavaThread "Unconstrained build operations" [_thread_blocked, id=13092, stack(0x000000e04dd00000,0x000000e04de00000)]
  0x0000022fcb508c20 JavaThread "Unconstrained build operations Thread 2" [_thread_blocked, id=4504, stack(0x000000e04de00000,0x000000e04df00000)]
  0x0000022fcb50a570 JavaThread "Unconstrained build operations Thread 3" [_thread_blocked, id=7712, stack(0x000000e04df00000,0x000000e04e000000)]
  0x0000022fcb509640 JavaThread "Unconstrained build operations Thread 4" [_thread_blocked, id=15956, stack(0x000000e04e000000,0x000000e04e100000)]
  0x0000022fcb50aa80 JavaThread "Unconstrained build operations Thread 5" [_thread_blocked, id=7644, stack(0x000000e04e100000,0x000000e04e200000)]
  0x0000022fcb509130 JavaThread "Unconstrained build operations Thread 6" [_thread_blocked, id=13072, stack(0x000000e04e200000,0x000000e04e300000)]
  0x0000022fcb505470 JavaThread "Unconstrained build operations Thread 7" [_thread_blocked, id=8484, stack(0x000000e04e300000,0x000000e04e400000)]
  0x0000022fcb505e90 JavaThread "jar transforms Thread 7" [_thread_blocked, id=7208, stack(0x000000e04e400000,0x000000e04e500000)]
  0x0000022fcb50a060 JavaThread "jar transforms Thread 8" [_thread_blocked, id=1980, stack(0x000000e04e500000,0x000000e04e600000)]

Other Threads:
=>0x0000022fc3aa4d40 VMThread "VM Thread" [stack: 0x000000e04a800000,0x000000e04a900000] [id=5512]
  0x0000022fc83321d0 WatcherThread [stack: 0x000000e04b400000,0x000000e04b500000] [id=9680]
  0x0000022fac2870c0 GCTaskThread "GC Thread#0" [stack: 0x000000e04a300000,0x000000e04a400000] [id=11564]
  0x0000022fc8cf47a0 GCTaskThread "GC Thread#1" [stack: 0x000000e04b700000,0x000000e04b800000] [id=2044]
  0x0000022fc8e45830 GCTaskThread "GC Thread#2" [stack: 0x000000e04b800000,0x000000e04b900000] [id=10692]
  0x0000022fc8e45af0 GCTaskThread "GC Thread#3" [stack: 0x000000e04b900000,0x000000e04ba00000] [id=9560]
  0x0000022fc92d4a00 GCTaskThread "GC Thread#4" [stack: 0x000000e04b600000,0x000000e04b700000] [id=6456]
  0x0000022fca333de0 GCTaskThread "GC Thread#5" [stack: 0x000000e04c300000,0x000000e04c400000] [id=764]
  0x0000022fca3360b0 GCTaskThread "GC Thread#6" [stack: 0x000000e04c400000,0x000000e04c500000] [id=6260]
  0x0000022fca386030 GCTaskThread "GC Thread#7" [stack: 0x000000e04c500000,0x000000e04c600000] [id=12852]
  0x0000022fac290010 ConcurrentGCThread "G1 Main Marker" [stack: 0x000000e04a400000,0x000000e04a500000] [id=14048]
  0x0000022fac2911d0 ConcurrentGCThread "G1 Conc#0" [stack: 0x000000e04a500000,0x000000e04a600000] [id=3084]
  0x0000022fca1dc960 ConcurrentGCThread "G1 Conc#1" [stack: 0x000000e04c600000,0x000000e04c700000] [id=1512]
  0x0000022fac2fe7b0 ConcurrentGCThread "G1 Refine#0" [stack: 0x000000e04a600000,0x000000e04a700000] [id=10628]
  0x0000022fcace5210 ConcurrentGCThread "G1 Refine#1" [stack: 0x000000e04d300000,0x000000e04d400000] [id=772]
  0x0000022fc38f02f0 ConcurrentGCThread "G1 Service" [stack: 0x000000e04a700000,0x000000e04a800000] [id=2300]

Threads with active compile tasks:
C2 CompilerThread0     7946 6257       4       jdk.internal.org.objectweb.asm.Frame::execute (2305 bytes)
C2 CompilerThread1     7946 6325       4       java.util.zip.ZipFile$ZipFileInflaterInputStream::<init> (41 bytes)

VM state: at safepoint (normal execution)

VM Mutex/Monitor currently owned by a thread:  ([mutex/lock_event])
[0x0000022fac247880] Threads_lock - owner thread: 0x0000022fc3aa4d40
[0x0000022fac245fc0] Heap_lock - owner thread: 0x0000022fac290010

Heap address: 0x00000000c0000000, size: 1024 MB, Compressed Oops mode: 32-bit

CDS archive(s) not mapped
Compressed class space mapped at: 0x0000000100000000-0x0000000140000000, reserved size: 1073741824
Narrow klass base: 0x0000000000000000, Narrow klass shift: 3, Narrow klass range: 0x140000000

GC Precious Log:
 CPUs: 8 total, 8 available
 Memory: 7882M
 Large Page Support: Disabled
 NUMA Support: Disabled
 Compressed Oops: Enabled (32-bit)
 Heap Region Size: 1M
 Heap Min Capacity: 8M
 Heap Initial Capacity: 124M
 Heap Max Capacity: 1G
 Pre-touch: Disabled
 Parallel Workers: 8
 Concurrent Workers: 2
 Concurrent Refinement Workers: 8
 Periodic GC: Disabled

Heap:
 garbage-first heap   total 102400K, used 61580K [0x00000000c0000000, 0x0000000100000000)
  region size 1024K, 3 young (3072K), 1 survivors (1024K)
 Metaspace       used 58605K, committed 59136K, reserved 1114112K
  class space    used 8028K, committed 8320K, reserved 1048576K

Heap Regions: E=young(eden), S=young(survivor), O=old, HS=humongous(starts), HC=humongous(continues), CS=collection set, F=free, OA=open archive, CA=closed archive, TAMS=top-at-mark-start (previous, next)
|   0|0x00000000c0000000, 0x00000000c0100000, 0x00000000c0100000|100%|HS|  |TAMS 0x00000000c0100000, 0x00000000c0000000| Complete 
|   1|0x00000000c0100000, 0x00000000c0200000, 0x00000000c0200000|100%|HC|  |TAMS 0x00000000c0200000, 0x00000000c0100000| Complete 
|   2|0x00000000c0200000, 0x00000000c0300000, 0x00000000c0300000|100%|HC|  |TAMS 0x00000000c0300000, 0x00000000c0200000| Complete 
|   3|0x00000000c0300000, 0x00000000c0400000, 0x00000000c0400000|100%|HC|  |TAMS 0x00000000c0400000, 0x00000000c0300000| Complete 
|   4|0x00000000c0400000, 0x00000000c0500000, 0x00000000c0500000|100%| O|  |TAMS 0x00000000c0500000, 0x00000000c0400000| Untracked 
|   5|0x00000000c0500000, 0x00000000c0600000, 0x00000000c0600000|100%| O|  |TAMS 0x00000000c0600000, 0x00000000c0500000| Updating 
|   6|0x00000000c0600000, 0x00000000c0700000, 0x00000000c0700000|100%| O|  |TAMS 0x00000000c0700000, 0x00000000c0600000| Untracked 
|   7|0x00000000c0700000, 0x00000000c0800000, 0x00000000c0800000|100%| O|  |TAMS 0x00000000c0800000, 0x00000000c0700000| Updating 
|   8|0x00000000c0800000, 0x00000000c0900000, 0x00000000c0900000|100%| O|  |TAMS 0x00000000c0900000, 0x00000000c0800000| Untracked 
|   9|0x00000000c0900000, 0x00000000c0a00000, 0x00000000c0a00000|100%| O|  |TAMS 0x00000000c0a00000, 0x00000000c0900000| Untracked 
|  10|0x00000000c0a00000, 0x00000000c0a99800, 0x00000000c0b00000| 59%| O|  |TAMS 0x00000000c0a99800, 0x00000000c0a00000| Updating 
|  11|0x00000000c0b00000, 0x00000000c0c00000, 0x00000000c0c00000|100%| O|  |TAMS 0x00000000c0c00000, 0x00000000c0b00000| Untracked 
|  12|0x00000000c0c00000, 0x00000000c0d00000, 0x00000000c0d00000|100%| O|  |TAMS 0x00000000c0d00000, 0x00000000c0c00000| Untracked 
|  13|0x00000000c0d00000, 0x00000000c0e00000, 0x00000000c0e00000|100%| O|  |TAMS 0x00000000c0e00000, 0x00000000c0d00000| Untracked 
|  14|0x00000000c0e00000, 0x00000000c0f00000, 0x00000000c0f00000|100%| O|  |TAMS 0x00000000c0f00000, 0x00000000c0e00000| Untracked 
|  15|0x00000000c0f00000, 0x00000000c1000000, 0x00000000c1000000|100%| O|  |TAMS 0x00000000c1000000, 0x00000000c0f00000| Untracked 
|  16|0x00000000c1000000, 0x00000000c1100000, 0x00000000c1100000|100%| O|  |TAMS 0x00000000c1100000, 0x00000000c1000000| Untracked 
|  17|0x00000000c1100000, 0x00000000c1200000, 0x00000000c1200000|100%| O|  |TAMS 0x00000000c1200000, 0x00000000c1100000| Untracked 
|  18|0x00000000c1200000, 0x00000000c1300000, 0x00000000c1300000|100%| O|  |TAMS 0x00000000c1300000, 0x00000000c1200000| Untracked 
|  19|0x00000000c1300000, 0x00000000c1400000, 0x00000000c1400000|100%| O|  |TAMS 0x00000000c1400000, 0x00000000c1300000| Untracked 
|  20|0x00000000c1400000, 0x00000000c1500000, 0x00000000c1500000|100%| O|  |TAMS 0x00000000c1500000, 0x00000000c1400000| Updating 
|  21|0x00000000c1500000, 0x00000000c1600000, 0x00000000c1600000|100%| O|  |TAMS 0x00000000c1600000, 0x00000000c1500000| Untracked 
|  22|0x00000000c1600000, 0x00000000c1700000, 0x00000000c1700000|100%| O|  |TAMS 0x00000000c1700000, 0x00000000c1600000| Updating 
|  23|0x00000000c1700000, 0x00000000c1700000, 0x00000000c1800000|  0%| F|  |TAMS 0x00000000c1700000, 0x00000000c1700000| Untracked 
|  24|0x00000000c1800000, 0x00000000c1900000, 0x00000000c1900000|100%| O|  |TAMS 0x00000000c1900000, 0x00000000c1800000| Updating 
|  25|0x00000000c1900000, 0x00000000c1a00000, 0x00000000c1a00000|100%| O|  |TAMS 0x00000000c1a00000, 0x00000000c1900000| Untracked 
|  26|0x00000000c1a00000, 0x00000000c1b00000, 0x00000000c1b00000|100%| O|  |TAMS 0x00000000c1b00000, 0x00000000c1a00000| Untracked 
|  27|0x00000000c1b00000, 0x00000000c1c00000, 0x00000000c1c00000|100%| O|  |TAMS 0x00000000c1c00000, 0x00000000c1b00000| Untracked 
|  28|0x00000000c1c00000, 0x00000000c1d00000, 0x00000000c1d00000|100%| O|  |TAMS 0x00000000c1d00000, 0x00000000c1c00000| Untracked 
|  29|0x00000000c1d00000, 0x00000000c1e00000, 0x00000000c1e00000|100%| O|  |TAMS 0x00000000c1e00000, 0x00000000c1d00000| Untracked 
|  30|0x00000000c1e00000, 0x00000000c1f00000, 0x00000000c1f00000|100%| O|  |TAMS 0x00000000c1f00000, 0x00000000c1e00000| Untracked 
|  31|0x00000000c1f00000, 0x00000000c2000000, 0x00000000c2000000|100%| O|  |TAMS 0x00000000c2000000, 0x00000000c1f00000| Updating 
|  32|0x00000000c2000000, 0x00000000c2100000, 0x00000000c2100000|100%|HS|  |TAMS 0x00000000c2100000, 0x00000000c2000000| Complete 
|  33|0x00000000c2100000, 0x00000000c2200000, 0x00000000c2200000|100%|HS|  |TAMS 0x00000000c2200000, 0x00000000c2100000| Complete 
|  34|0x00000000c2200000, 0x00000000c2300000, 0x00000000c2300000|100%|HS|  |TAMS 0x00000000c2300000, 0x00000000c2200000| Complete 
|  35|0x00000000c2300000, 0x00000000c2400000, 0x00000000c2400000|100%|HC|  |TAMS 0x00000000c2400000, 0x00000000c2300000| Complete 
|  36|0x00000000c2400000, 0x00000000c2500000, 0x00000000c2500000|100%|HS|  |TAMS 0x00000000c2500000, 0x00000000c2400000| Complete 
|  37|0x00000000c2500000, 0x00000000c2600000, 0x00000000c2600000|100%|HC|  |TAMS 0x00000000c2600000, 0x00000000c2500000| Complete 
|  38|0x00000000c2600000, 0x00000000c2700000, 0x00000000c2700000|100%| O|  |TAMS 0x00000000c2700000, 0x00000000c2600000| Untracked 
|  39|0x00000000c2700000, 0x00000000c2800000, 0x00000000c2800000|100%| O|  |TAMS 0x00000000c2800000, 0x00000000c2700000| Untracked 
|  40|0x00000000c2800000, 0x00000000c2900000, 0x00000000c2900000|100%| O|  |TAMS 0x00000000c2900000, 0x00000000c2800000| Untracked 
|  41|0x00000000c2900000, 0x00000000c2a00000, 0x00000000c2a00000|100%| O|  |TAMS 0x00000000c2a00000, 0x00000000c2900000| Untracked 
|  42|0x00000000c2a00000, 0x00000000c2b00000, 0x00000000c2b00000|100%|HS|  |TAMS 0x00000000c2b00000, 0x00000000c2a00000| Complete 
|  43|0x00000000c2b00000, 0x00000000c2c00000, 0x00000000c2c00000|100%| O|  |TAMS 0x00000000c2c00000, 0x00000000c2b00000| Untracked 
|  44|0x00000000c2c00000, 0x00000000c2d00000, 0x00000000c2d00000|100%| O|  |TAMS 0x00000000c2d00000, 0x00000000c2c00000| Untracked 
|  45|0x00000000c2d00000, 0x00000000c2e00000, 0x00000000c2e00000|100%| O|  |TAMS 0x00000000c2e00000, 0x00000000c2d00000| Untracked 
|  46|0x00000000c2e00000, 0x00000000c2f00000, 0x00000000c2f00000|100%| O|  |TAMS 0x00000000c2f00000, 0x00000000c2e00000| Untracked 
|  47|0x00000000c2f00000, 0x00000000c3000000, 0x00000000c3000000|100%| O|  |TAMS 0x00000000c3000000, 0x00000000c2f00000| Updating 
|  48|0x00000000c3000000, 0x00000000c3100000, 0x00000000c3100000|100%|HS|  |TAMS 0x00000000c3100000, 0x00000000c3000000| Complete 
|  49|0x00000000c3100000, 0x00000000c3200000, 0x00000000c3200000|100%|HC|  |TAMS 0x00000000c3200000, 0x00000000c3100000| Complete 
|  50|0x00000000c3200000, 0x00000000c3300000, 0x00000000c3300000|100%|HC|  |TAMS 0x00000000c3300000, 0x00000000c3200000| Complete 
|  51|0x00000000c3300000, 0x00000000c3400000, 0x00000000c3400000|100%|HC|  |TAMS 0x00000000c3400000, 0x00000000c3300000| Complete 
|  52|0x00000000c3400000, 0x00000000c3500000, 0x00000000c3500000|100%|HS|  |TAMS 0x00000000c3500000, 0x00000000c3400000| Complete 
|  53|0x00000000c3500000, 0x00000000c3600000, 0x00000000c3600000|100%| O|  |TAMS 0x00000000c3600000, 0x00000000c3500000| Updating 
|  54|0x00000000c3600000, 0x00000000c3700000, 0x00000000c3700000|100%| O|  |TAMS 0x00000000c3700000, 0x00000000c3600000| Updating 
|  55|0x00000000c3700000, 0x00000000c3800000, 0x00000000c3800000|100%| O|  |TAMS 0x00000000c3800000, 0x00000000c3700000| Untracked 
|  56|0x00000000c3800000, 0x00000000c3900000, 0x00000000c3900000|100%| O|  |TAMS 0x00000000c3900000, 0x00000000c3800000| Untracked 
|  57|0x00000000c3900000, 0x00000000c3a00000, 0x00000000c3a00000|100%| O|  |TAMS 0x00000000c3a00000, 0x00000000c3900000| Updating 
|  58|0x00000000c3a00000, 0x00000000c3b00000, 0x00000000c3b00000|100%|HS|  |TAMS 0x00000000c3b00000, 0x00000000c3a00000| Complete 
|  59|0x00000000c3b00000, 0x00000000c3c00000, 0x00000000c3c00000|100%| O|  |TAMS 0x00000000c3c00000, 0x00000000c3b00000| Untracked 
|  60|0x00000000c3c00000, 0x00000000c3c0b000, 0x00000000c3d00000|  4%| O|  |TAMS 0x00000000c3c0b000, 0x00000000c3c00000| Updating 
|  61|0x00000000c3d00000, 0x00000000c3d00000, 0x00000000c3e00000|  0%| F|  |TAMS 0x00000000c3d00000, 0x00000000c3d00000| Untracked 
|  62|0x00000000c3e00000, 0x00000000c3e00000, 0x00000000c3f00000|  0%| F|  |TAMS 0x00000000c3e00000, 0x00000000c3e00000| Untracked 
|  63|0x00000000c3f00000, 0x00000000c3f00000, 0x00000000c4000000|  0%| F|  |TAMS 0x00000000c3f00000, 0x00000000c3f00000| Untracked 
|  64|0x00000000c4000000, 0x00000000c4000000, 0x00000000c4100000|  0%| F|  |TAMS 0x00000000c4000000, 0x00000000c4000000| Untracked 
|  65|0x00000000c4100000, 0x00000000c4100000, 0x00000000c4200000|  0%| F|  |TAMS 0x00000000c4100000, 0x00000000c4100000| Untracked 
|  66|0x00000000c4200000, 0x00000000c4200000, 0x00000000c4300000|  0%| F|  |TAMS 0x00000000c4200000, 0x00000000c4200000| Untracked 
|  67|0x00000000c4300000, 0x00000000c4300000, 0x00000000c4400000|  0%| F|  |TAMS 0x00000000c4300000, 0x00000000c4300000| Untracked 
|  68|0x00000000c4400000, 0x00000000c4400000, 0x00000000c4500000|  0%| F|  |TAMS 0x00000000c4400000, 0x00000000c4400000| Untracked 
|  69|0x00000000c4500000, 0x00000000c4500000, 0x00000000c4600000|  0%| F|  |TAMS 0x00000000c4500000, 0x00000000c4500000| Untracked 
|  70|0x00000000c4600000, 0x00000000c4600000, 0x00000000c4700000|  0%| F|  |TAMS 0x00000000c4600000, 0x00000000c4600000| Untracked 
|  71|0x00000000c4700000, 0x00000000c4700000, 0x00000000c4800000|  0%| F|  |TAMS 0x00000000c4700000, 0x00000000c4700000| Untracked 
|  72|0x00000000c4800000, 0x00000000c4800000, 0x00000000c4900000|  0%| F|  |TAMS 0x00000000c4800000, 0x00000000c4800000| Untracked 
|  73|0x00000000c4900000, 0x00000000c4900000, 0x00000000c4a00000|  0%| F|  |TAMS 0x00000000c4900000, 0x00000000c4900000| Untracked 
|  74|0x00000000c4a00000, 0x00000000c4a00000, 0x00000000c4b00000|  0%| F|  |TAMS 0x00000000c4a00000, 0x00000000c4a00000| Untracked 
|  75|0x00000000c4b00000, 0x00000000c4b00000, 0x00000000c4c00000|  0%| F|  |TAMS 0x00000000c4b00000, 0x00000000c4b00000| Untracked 
|  76|0x00000000c4c00000, 0x00000000c4c00000, 0x00000000c4d00000|  0%| F|  |TAMS 0x00000000c4c00000, 0x00000000c4c00000| Untracked 
|  77|0x00000000c4d00000, 0x00000000c4d00000, 0x00000000c4e00000|  0%| F|  |TAMS 0x00000000c4d00000, 0x00000000c4d00000| Untracked 
|  78|0x00000000c4e00000, 0x00000000c4e00000, 0x00000000c4f00000|  0%| F|  |TAMS 0x00000000c4e00000, 0x00000000c4e00000| Untracked 
|  79|0x00000000c4f00000, 0x00000000c4f00000, 0x00000000c5000000|  0%| F|  |TAMS 0x00000000c4f00000, 0x00000000c4f00000| Untracked 
|  80|0x00000000c5000000, 0x00000000c5000000, 0x00000000c5100000|  0%| F|  |TAMS 0x00000000c5000000, 0x00000000c5000000| Untracked 
|  81|0x00000000c5100000, 0x00000000c5100000, 0x00000000c5200000|  0%| F|  |TAMS 0x00000000c5100000, 0x00000000c5100000| Untracked 
|  82|0x00000000c5200000, 0x00000000c5200000, 0x00000000c5300000|  0%| F|  |TAMS 0x00000000c5200000, 0x00000000c5200000| Untracked 
|  83|0x00000000c5300000, 0x00000000c5300000, 0x00000000c5400000|  0%| F|  |TAMS 0x00000000c5300000, 0x00000000c5300000| Untracked 
|  84|0x00000000c5400000, 0x00000000c547e980, 0x00000000c5500000| 49%| S|CS|TAMS 0x00000000c5400000, 0x00000000c5400000| Complete 
|  85|0x00000000c5500000, 0x00000000c5500000, 0x00000000c5600000|  0%| F|  |TAMS 0x00000000c5500000, 0x00000000c5500000| Untracked 
|  86|0x00000000c5600000, 0x00000000c5600000, 0x00000000c5700000|  0%| F|  |TAMS 0x00000000c5600000, 0x00000000c5600000| Untracked 
|  87|0x00000000c5700000, 0x00000000c5700000, 0x00000000c5800000|  0%| F|  |TAMS 0x00000000c5700000, 0x00000000c5700000| Untracked 
|  88|0x00000000c5800000, 0x00000000c5800000, 0x00000000c5900000|  0%| F|  |TAMS 0x00000000c5800000, 0x00000000c5800000| Untracked 
|  89|0x00000000c5900000, 0x00000000c5900000, 0x00000000c5a00000|  0%| F|  |TAMS 0x00000000c5900000, 0x00000000c5900000| Untracked 
|  90|0x00000000c5a00000, 0x00000000c5a00000, 0x00000000c5b00000|  0%| F|  |TAMS 0x00000000c5a00000, 0x00000000c5a00000| Untracked 
|  91|0x00000000c5b00000, 0x00000000c5b00000, 0x00000000c5c00000|  0%| F|  |TAMS 0x00000000c5b00000, 0x00000000c5b00000| Untracked 
|  92|0x00000000c5c00000, 0x00000000c5c00000, 0x00000000c5d00000|  0%| F|  |TAMS 0x00000000c5c00000, 0x00000000c5c00000| Untracked 
|  93|0x00000000c5d00000, 0x00000000c5d00000, 0x00000000c5e00000|  0%| F|  |TAMS 0x00000000c5d00000, 0x00000000c5d00000| Untracked 
|  94|0x00000000c5e00000, 0x00000000c5e00000, 0x00000000c5f00000|  0%| F|  |TAMS 0x00000000c5e00000, 0x00000000c5e00000| Untracked 
|  95|0x00000000c5f00000, 0x00000000c5f00000, 0x00000000c6000000|  0%| F|  |TAMS 0x00000000c5f00000, 0x00000000c5f00000| Untracked 
|  96|0x00000000c6000000, 0x00000000c6000000, 0x00000000c6100000|  0%| F|  |TAMS 0x00000000c6000000, 0x00000000c6000000| Untracked 
|  97|0x00000000c6100000, 0x00000000c6100000, 0x00000000c6200000|  0%| F|  |TAMS 0x00000000c6100000, 0x00000000c6100000| Untracked 
|  98|0x00000000c6200000, 0x00000000c62ea820, 0x00000000c6300000| 91%| E|  |TAMS 0x00000000c6200000, 0x00000000c6200000| Complete 
| 123|0x00000000c7b00000, 0x00000000c7c00000, 0x00000000c7c00000|100%| E|CS|TAMS 0x00000000c7b00000, 0x00000000c7b00000| Complete 

Card table byte_map: [0x0000022fbec50000,0x0000022fbee50000] _byte_map_base: 0x0000022fbe650000

Marking Bits (Prev, Next): (CMBitMap*) 0x0000022fac2876e0, (CMBitMap*) 0x0000022fac287720
 Prev Bits: [0x0000022fbf050000, 0x0000022fc0050000)
 Next Bits: [0x0000022fc0050000, 0x0000022fc1050000)

Polling page: 0x0000022faa1c0000

Metaspace:

Usage:
  Non-class:     49.39 MB used.
      Class:      7.84 MB used.
       Both:     57.23 MB used.

Virtual space:
  Non-class space:       64.00 MB reserved,      49.62 MB ( 78%) committed,  1 nodes.
      Class space:        1.00 GB reserved,       8.12 MB ( <1%) committed,  1 nodes.
             Both:        1.06 GB reserved,      57.75 MB (  5%) committed. 

Chunk freelists:
   Non-Class:  13.57 MB
       Class:  7.91 MB
        Both:  21.47 MB

MaxMetaspaceSize: unlimited
CompressedClassSpaceSize: 1.00 GB
Initial GC threshold: 21.00 MB
Current GC threshold: 92.19 MB
CDS: off
MetaspaceReclaimPolicy: balanced
 - commit_granule_bytes: 65536.
 - commit_granule_words: 8192.
 - virtual_space_node_default_size: 8388608.
 - enlarge_chunks_in_place: 1.
 - new_chunks_are_fully_committed: 0.
 - uncommit_free_chunks: 1.
 - use_allocation_guard: 0.
 - handle_deallocations: 1.


Internal statistics:

num_allocs_failed_limit: 6.
num_arena_births: 688.
num_arena_deaths: 0.
num_vsnodes_births: 2.
num_vsnodes_deaths: 0.
num_space_committed: 924.
num_space_uncommitted: 0.
num_chunks_returned_to_freelist: 6.
num_chunks_taken_from_freelist: 2635.
num_chunk_merges: 6.
num_chunk_splits: 1756.
num_chunks_enlarged: 1203.
num_inconsistent_stats: 0.

CodeHeap 'non-profiled nmethods': size=120000Kb used=2625Kb max_used=3219Kb free=117375Kb
 bounds [0x0000022fb71f0000, 0x0000022fb7520000, 0x0000022fbe720000]
CodeHeap 'profiled nmethods': size=120000Kb used=10049Kb max_used=10766Kb free=109950Kb
 bounds [0x0000022faf720000, 0x0000022fb01b0000, 0x0000022fb6c50000]
CodeHeap 'non-nmethods': size=5760Kb used=1656Kb max_used=1707Kb free=4103Kb
 bounds [0x0000022fb6c50000, 0x0000022fb6ec0000, 0x0000022fb71f0000]
 total_blobs=6259 nmethods=5554 adapters=615
 compilation: enabled
              stopped_count=0, restarted_count=0
 full_count=0

Compilation events (20 events):
Event: 7.897 Thread 0x0000022fc801e020 6340       3       com.google.common.collect.ImmutableEntry::<init> (15 bytes)
Event: 7.897 Thread 0x0000022fc801e020 nmethod 6340 0x0000022faf7e4990 code [0x0000022faf7e4b40, 0x0000022faf7e4db8]
Event: 7.900 Thread 0x0000022fca1d6020 nmethod 6326 0x0000022fb7473d10 code [0x0000022fb7473ea0, 0x0000022fb7474618]
Event: 7.900 Thread 0x0000022fca1d6020 6324   !   4       java.util.zip.ZipFile$CleanableResource::getInflater (47 bytes)
Event: 7.902 Thread 0x0000022fc801e020 6342       3       com.google.common.collect.Hashing::smear (19 bytes)
Event: 7.903 Thread 0x0000022fc801e020 nmethod 6342 0x0000022faf7e4590 code [0x0000022faf7e4720, 0x0000022faf7e4898]
Event: 7.903 Thread 0x0000022fc801e020 6343       3       org.gradle.internal.instantiation.generator.AsmBackedClassGenerator::generate (6 bytes)
Event: 7.903 Thread 0x0000022fc801e020 nmethod 6343 0x0000022faf7e4210 code [0x0000022faf7e43a0, 0x0000022faf7e44e8]
Event: 7.903 Thread 0x0000022fc801e020 6344       3       org.gradle.internal.instantiation.generator.AbstractClassGenerator::generate (58 bytes)
Event: 7.903 Thread 0x0000022fc801e020 nmethod 6344 0x0000022fafaf6510 code [0x0000022fafaf6700, 0x0000022fafaf6e08]
Event: 7.904 Thread 0x0000022fc801e020 6345       1       org.gradle.internal.dispatch.ProxyDispatchAdapter::getSource (5 bytes)
Event: 7.905 Thread 0x0000022fc801e020 nmethod 6345 0x0000022fb7473a10 code [0x0000022fb7473ba0, 0x0000022fb7473c78]
Event: 7.906 Thread 0x0000022fca1d6020 nmethod 6324 0x0000022fb7472e90 code [0x0000022fb7473040, 0x0000022fb7473738]
Event: 7.907 Thread 0x0000022fca1d6020 6341       4       java.util.concurrent.locks.ReentrantLock$NonfairSync::initialTryLock (58 bytes)
Event: 7.908 Thread 0x0000022fc801e020 6346       3       org.gradle.internal.io.StreamByteBuffer::readFully (27 bytes)
Event: 7.908 Thread 0x0000022fca1d6020 nmethod 6341 0x0000022fb7472a90 code [0x0000022fb7472c00, 0x0000022fb7472d98]
Event: 7.908 Thread 0x0000022fca1d6020 6325       4       java.util.zip.ZipFile$ZipFileInflaterInputStream::<init> (41 bytes)
Event: 7.908 Thread 0x0000022fc801e020 nmethod 6346 0x0000022faf7e3b10 code [0x0000022faf7e3cc0, 0x0000022faf7e3f18]
Event: 7.908 Thread 0x0000022fc801e020 6347       3       org.gradle.internal.io.StreamByteBuffer::readAsByteArray (21 bytes)
Event: 7.909 Thread 0x0000022fc801e020 nmethod 6347 0x0000022fafaf6010 code [0x0000022fafaf61c0, 0x0000022fafaf63f8]

GC Heap History (20 events):
Event: 4.924 GC heap before
{Heap before GC invocations=10 (full 0):
 garbage-first heap   total 71680K, used 55839K [0x00000000c0000000, 0x0000000100000000)
  region size 1024K, 30 young (30720K), 4 survivors (4096K)
 Metaspace       used 42714K, committed 43136K, reserved 1114112K
  class space    used 5594K, committed 5760K, reserved 1048576K
}
Event: 4.929 GC heap after
{Heap after GC invocations=11 (full 0):
 garbage-first heap   total 86016K, used 31084K [0x00000000c0000000, 0x0000000100000000)
  region size 1024K, 2 young (2048K), 2 survivors (2048K)
 Metaspace       used 42714K, committed 43136K, reserved 1114112K
  class space    used 5594K, committed 5760K, reserved 1048576K
}
Event: 5.609 GC heap before
{Heap before GC invocations=11 (full 0):
 garbage-first heap   total 86016K, used 65900K [0x00000000c0000000, 0x0000000100000000)
  region size 1024K, 36 young (36864K), 2 survivors (2048K)
 Metaspace       used 47173K, committed 47680K, reserved 1114112K
  class space    used 6329K, committed 6592K, reserved 1048576K
}
Event: 5.614 GC heap after
{Heap after GC invocations=12 (full 0):
 garbage-first heap   total 86016K, used 32284K [0x00000000c0000000, 0x0000000100000000)
  region size 1024K, 4 young (4096K), 4 survivors (4096K)
 Metaspace       used 47173K, committed 47680K, reserved 1114112K
  class space    used 6329K, committed 6592K, reserved 1048576K
}
Event: 6.206 GC heap before
{Heap before GC invocations=12 (full 0):
 garbage-first heap   total 86016K, used 67100K [0x00000000c0000000, 0x0000000100000000)
  region size 1024K, 38 young (38912K), 4 survivors (4096K)
 Metaspace       used 51784K, committed 52288K, reserved 1114112K
  class space    used 7069K, committed 7296K, reserved 1048576K
}
Event: 6.210 GC heap after
{Heap after GC invocations=13 (full 0):
 garbage-first heap   total 86016K, used 34154K [0x00000000c0000000, 0x0000000100000000)
  region size 1024K, 5 young (5120K), 5 survivors (5120K)
 Metaspace       used 51784K, committed 52288K, reserved 1114112K
  class space    used 7069K, committed 7296K, reserved 1048576K
}
Event: 6.869 GC heap before
{Heap before GC invocations=13 (full 0):
 garbage-first heap   total 86016K, used 66922K [0x00000000c0000000, 0x0000000100000000)
  region size 1024K, 37 young (37888K), 5 survivors (5120K)
 Metaspace       used 55242K, committed 55680K, reserved 1114112K
  class space    used 7592K, committed 7808K, reserved 1048576K
}
Event: 6.876 GC heap after
{Heap after GC invocations=14 (full 0):
 garbage-first heap   total 86016K, used 37137K [0x00000000c0000000, 0x0000000100000000)
  region size 1024K, 5 young (5120K), 5 survivors (5120K)
 Metaspace       used 55242K, committed 55680K, reserved 1114112K
  class space    used 7592K, committed 7808K, reserved 1048576K
}
Event: 7.345 GC heap before
{Heap before GC invocations=14 (full 0):
 garbage-first heap   total 86016K, used 67857K [0x00000000c0000000, 0x0000000100000000)
  region size 1024K, 31 young (31744K), 5 survivors (5120K)
 Metaspace       used 56056K, committed 56640K, reserved 1114112K
  class space    used 7679K, committed 7936K, reserved 1048576K
}
Event: 7.351 GC heap after
{Heap after GC invocations=15 (full 0):
 garbage-first heap   total 86016K, used 47013K [0x00000000c0000000, 0x0000000100000000)
  region size 1024K, 5 young (5120K), 5 survivors (5120K)
 Metaspace       used 56056K, committed 56640K, reserved 1114112K
  class space    used 7679K, committed 7936K, reserved 1048576K
}
Event: 7.411 GC heap before
{Heap before GC invocations=16 (full 0):
 garbage-first heap   total 86016K, used 49061K [0x00000000c0000000, 0x0000000100000000)
  region size 1024K, 8 young (8192K), 5 survivors (5120K)
 Metaspace       used 56063K, committed 56640K, reserved 1114112K
  class space    used 7679K, committed 7936K, reserved 1048576K
}
Event: 7.414 GC heap after
{Heap after GC invocations=17 (full 0):
 garbage-first heap   total 86016K, used 50379K [0x00000000c0000000, 0x0000000100000000)
  region size 1024K, 3 young (3072K), 3 survivors (3072K)
 Metaspace       used 56063K, committed 56640K, reserved 1114112K
  class space    used 7679K, committed 7936K, reserved 1048576K
}
Event: 7.493 GC heap before
{Heap before GC invocations=18 (full 0):
 garbage-first heap   total 101376K, used 58571K [0x00000000c0000000, 0x0000000100000000)
  region size 1024K, 8 young (8192K), 3 survivors (3072K)
 Metaspace       used 56084K, committed 56640K, reserved 1114112K
  class space    used 7683K, committed 7936K, reserved 1048576K
}
Event: 7.496 GC heap after
{Heap after GC invocations=19 (full 0):
 garbage-first heap   total 101376K, used 57536K [0x00000000c0000000, 0x0000000100000000)
  region size 1024K, 3 young (3072K), 3 survivors (3072K)
 Metaspace       used 56084K, committed 56640K, reserved 1114112K
  class space    used 7683K, committed 7936K, reserved 1048576K
}
Event: 7.686 GC heap before
{Heap before GC invocations=20 (full 0):
 garbage-first heap   total 102400K, used 71872K [0x00000000c0000000, 0x0000000100000000)
  region size 1024K, 17 young (17408K), 3 survivors (3072K)
 Metaspace       used 57082K, committed 57664K, reserved 1114112K
  class space    used 7828K, committed 8128K, reserved 1048576K
}
Event: 7.689 GC heap after
{Heap after GC invocations=21 (full 0):
 garbage-first heap   total 102400K, used 59974K [0x00000000c0000000, 0x0000000100000000)
  region size 1024K, 2 young (2048K), 2 survivors (2048K)
 Metaspace       used 57082K, committed 57664K, reserved 1114112K
  class space    used 7828K, committed 8128K, reserved 1048576K
}
Event: 7.720 GC heap before
{Heap before GC invocations=21 (full 0):
 garbage-first heap   total 102400K, used 63046K [0x00000000c0000000, 0x0000000100000000)
  region size 1024K, 5 young (5120K), 2 survivors (2048K)
 Metaspace       used 57277K, committed 57856K, reserved 1114112K
  class space    used 7848K, committed 8128K, reserved 1048576K
}
Event: 7.721 GC heap after
{Heap after GC invocations=22 (full 0):
 garbage-first heap   total 102400K, used 60269K [0x00000000c0000000, 0x0000000100000000)
  region size 1024K, 1 young (1024K), 1 survivors (1024K)
 Metaspace       used 57277K, committed 57856K, reserved 1114112K
  class space    used 7848K, committed 8128K, reserved 1048576K
}
Event: 7.882 GC heap before
{Heap before GC invocations=22 (full 0):
 garbage-first heap   total 102400K, used 74605K [0x00000000c0000000, 0x0000000100000000)
  region size 1024K, 15 young (15360K), 1 survivors (1024K)
 Metaspace       used 58444K, committed 58944K, reserved 1114112K
  class space    used 7999K, committed 8256K, reserved 1048576K
}
Event: 7.884 GC heap after
{Heap after GC invocations=23 (full 0):
 garbage-first heap   total 102400K, used 60556K [0x00000000c0000000, 0x0000000100000000)
  region size 1024K, 1 young (1024K), 1 survivors (1024K)
 Metaspace       used 58444K, committed 58944K, reserved 1114112K
  class space    used 7999K, committed 8256K, reserved 1048576K
}

Dll operation events (3 events):
Event: 0.010 Loaded shared library C:\Program Files\Android\Android Studio\jbr\bin\java.dll
Event: 0.227 Loaded shared library C:\Program Files\Android\Android Studio\jbr\bin\zip.dll
Event: 0.589 Loaded shared library C:\Program Files\Android\Android Studio\jbr\bin\verify.dll

Deoptimization events (20 events):
Event: 7.602 Thread 0x0000022fc93228a0 Uncommon trap: trap_request=0xffffffde fr.pc=0x0000022fb74a2b80 relative=0x0000000000006080
Event: 7.602 Thread 0x0000022fc93228a0 Uncommon trap: reason=class_check action=maybe_recompile pc=0x0000022fb74a2b80 method=java.util.jar.JarFile.getManifestFromReference()Ljava/util/jar/Manifest; @ 152 c2
Event: 7.602 Thread 0x0000022fc93228a0 DEOPT PACKING pc=0x0000022fb74a2b80 sp=0x000000e04bff70e0
Event: 7.602 Thread 0x0000022fc93228a0 DEOPT UNPACKING pc=0x0000022fb6caa1a3 sp=0x000000e04bff6d90 mode 2
Event: 7.605 Thread 0x0000022fc93228a0 Uncommon trap: trap_request=0xffffffde fr.pc=0x0000022fb73f8cd8 relative=0x0000000000000858
Event: 7.605 Thread 0x0000022fc93228a0 Uncommon trap: reason=class_check action=maybe_recompile pc=0x0000022fb73f8cd8 method=java.io.BufferedInputStream.read1([BII)I @ 39 c2
Event: 7.605 Thread 0x0000022fc93228a0 DEOPT PACKING pc=0x0000022fb73f8cd8 sp=0x000000e04bff6f10
Event: 7.605 Thread 0x0000022fc93228a0 DEOPT UNPACKING pc=0x0000022fb6caa1a3 sp=0x000000e04bff6e28 mode 2
Event: 7.605 Thread 0x0000022fc93228a0 Uncommon trap: trap_request=0xffffffde fr.pc=0x0000022fb73f8cd8 relative=0x0000000000000858
Event: 7.605 Thread 0x0000022fc93228a0 Uncommon trap: reason=class_check action=maybe_recompile pc=0x0000022fb73f8cd8 method=java.io.BufferedInputStream.read1([BII)I @ 39 c2
Event: 7.605 Thread 0x0000022fc93228a0 DEOPT PACKING pc=0x0000022fb73f8cd8 sp=0x000000e04bff6f10
Event: 7.605 Thread 0x0000022fc93228a0 DEOPT UNPACKING pc=0x0000022fb6caa1a3 sp=0x000000e04bff6e28 mode 2
Event: 7.605 Thread 0x0000022fc93228a0 Uncommon trap: trap_request=0xffffffde fr.pc=0x0000022fb73f8cd8 relative=0x0000000000000858
Event: 7.605 Thread 0x0000022fc93228a0 Uncommon trap: reason=class_check action=maybe_recompile pc=0x0000022fb73f8cd8 method=java.io.BufferedInputStream.read1([BII)I @ 39 c2
Event: 7.605 Thread 0x0000022fc93228a0 DEOPT PACKING pc=0x0000022fb73f8cd8 sp=0x000000e04bff6f10
Event: 7.605 Thread 0x0000022fc93228a0 DEOPT UNPACKING pc=0x0000022fb6caa1a3 sp=0x000000e04bff6e28 mode 2
Event: 7.678 Thread 0x0000022fc93228a0 Uncommon trap: trap_request=0xffffffde fr.pc=0x0000022fb74a2b80 relative=0x0000000000006080
Event: 7.678 Thread 0x0000022fc93228a0 Uncommon trap: reason=class_check action=maybe_recompile pc=0x0000022fb74a2b80 method=java.util.jar.JarFile.getManifestFromReference()Ljava/util/jar/Manifest; @ 152 c2
Event: 7.678 Thread 0x0000022fc93228a0 DEOPT PACKING pc=0x0000022fb74a2b80 sp=0x000000e04bff6960
Event: 7.678 Thread 0x0000022fc93228a0 DEOPT UNPACKING pc=0x0000022fb6caa1a3 sp=0x000000e04bff6610 mode 2

Classes unloaded (0 events):
No events

Classes redefined (0 events):
No events

Internal exceptions (20 events):
Event: 6.597 Thread 0x0000022fc93228a0 Exception <a 'java/lang/NoSuchMethodError'{0x00000000c405b1a0}: 'int java.lang.invoke.DirectMethodHandle$Holder.invokeSpecialIFC(java.lang.Object, java.lang.Object, java.lang.Object)'> (0x00000000c405b1a0) 
thrown [s\src\hotspot\share\interpreter\linkResolver.cpp, line 771]
Event: 6.642 Thread 0x0000022fc93228a0 Exception <a 'java/lang/NoSuchMethodError'{0x00000000c3dfc380}: 'java.lang.Object java.lang.invoke.DirectMethodHandle$Holder.newInvokeSpecial(java.lang.Object, java.lang.Object, java.lang.Object, java.lang.Object, java.lang.Object, int)'> (0x00000000c3dfc380) 
thrown [s\src\hotspot\share\interpreter\linkResolver.cpp, line 771]
Event: 6.643 Thread 0x0000022fc93228a0 Exception <a 'java/lang/NoSuchMethodError'{0x00000000c3c01ca0}: 'java.lang.Object java.lang.invoke.DirectMethodHandle$Holder.invokeSpecial(java.lang.Object, java.lang.Object, java.lang.Object, java.lang.Object, java.lang.Object, java.lang.Object, int)'> (0x00000000c3c01ca0) 
thrown [s\src\hotspot\share\interpreter\linkResolver.cpp, line 771]
Event: 6.645 Thread 0x0000022fc93228a0 Exception <a 'java/lang/NoSuchMethodError'{0x00000000c3c37510}: 'java.lang.Object java.lang.invoke.DirectMethodHandle$Holder.invokeSpecial(java.lang.Object, java.lang.Object, java.lang.Object, java.lang.Object, java.lang.Object, long)'> (0x00000000c3c37510) 
thrown [s\src\hotspot\share\interpreter\linkResolver.cpp, line 771]
Event: 6.647 Thread 0x0000022fc93228a0 Exception <a 'java/lang/NoSuchMethodError'{0x00000000c3c595e0}: 'void java.lang.invoke.DirectMethodHandle$Holder.invokeStatic(java.lang.Object, java.lang.Object, java.lang.Object, int, java.lang.Object)'> (0x00000000c3c595e0) 
thrown [s\src\hotspot\share\interpreter\linkResolver.cpp, line 771]
Event: 7.214 Thread 0x0000022fc93228a0 Exception <a 'java/lang/NoSuchMethodError'{0x00000000c41dcf10}: 'long java.lang.invoke.DirectMethodHandle$Holder.invokeVirtual(java.lang.Object, java.lang.Object)'> (0x00000000c41dcf10) 
thrown [s\src\hotspot\share\interpreter\linkResolver.cpp, line 771]
Event: 7.218 Thread 0x0000022fc8e0ea30 Exception <a 'java/lang/NoSuchMethodError'{0x00000000c4087b00}: static Lorg/gradle/internal/build/event/types/DefaultOperationFinishedProgressEvent;.<clinit>()V> (0x00000000c4087b00) 
thrown [s\src\hotspot\share\prims\jni.cpp, line 1108]
Event: 7.219 Thread 0x0000022fc8e0ea30 Exception <a 'java/lang/NoSuchMethodError'{0x00000000c40ae0b8}: static Lorg/gradle/internal/build/event/types/DefaultProjectConfigurationSuccessResult;.<clinit>()V> (0x00000000c40ae0b8) 
thrown [s\src\hotspot\share\prims\jni.cpp, line 1108]
Event: 7.220 Thread 0x0000022fc8e0ea30 Exception <a 'java/lang/NoSuchMethodError'{0x00000000c40b23a0}: static Lorg/gradle/internal/build/event/types/AbstractProjectConfigurationResult;.<clinit>()V> (0x00000000c40b23a0) 
thrown [s\src\hotspot\share\prims\jni.cpp, line 1108]
Event: 7.220 Thread 0x0000022fc8e0ea30 Exception <a 'java/lang/NoSuchMethodError'{0x00000000c40b38b8}: static Lorg/gradle/internal/build/event/types/AbstractOperationResult;.<clinit>()V> (0x00000000c40b38b8) 
thrown [s\src\hotspot\share\prims\jni.cpp, line 1108]
Event: 7.220 Thread 0x0000022fc8e0ea30 Exception <a 'java/lang/NoSuchMethodError'{0x00000000c40b4ab8}: static Lorg/gradle/internal/build/event/types/AbstractResult;.<clinit>()V> (0x00000000c40b4ab8) 
thrown [s\src\hotspot\share\prims\jni.cpp, line 1108]
Event: 7.222 Thread 0x0000022fc8e0ea30 Exception <a 'java/lang/NoSuchMethodError'{0x00000000c40cb080}: static Lorg/gradle/internal/build/event/types/DefaultPluginApplicationResult;.<clinit>()V> (0x00000000c40cb080) 
thrown [s\src\hotspot\share\prims\jni.cpp, line 1108]
Event: 7.223 Thread 0x0000022fc8e0ea30 Exception <a 'java/lang/NoSuchMethodError'{0x00000000c40d6ad0}: static Lorg/gradle/internal/build/event/types/DefaultBinaryPluginIdentifier;.<clinit>()V> (0x00000000c40d6ad0) 
thrown [s\src\hotspot\share\prims\jni.cpp, line 1108]
Event: 7.225 Thread 0x0000022fc8e0ea30 Exception <a 'java/lang/NoSuchMethodError'{0x00000000c40ee0c0}: static Lorg/gradle/internal/build/event/types/DefaultScriptPluginIdentifier;.<clinit>()V> (0x00000000c40ee0c0) 
thrown [s\src\hotspot\share\prims\jni.cpp, line 1108]
Event: 7.273 Thread 0x0000022fc93228a0 Implicit null exception at 0x0000022fb74e3e12 to 0x0000022fb74e44ec
Event: 7.273 Thread 0x0000022fc93228a0 Implicit null exception at 0x0000022fb74ddf14 to 0x0000022fb74de5d8
Event: 7.342 Thread 0x0000022fc93228a0 Exception <a 'java/lang/NoSuchMethodError'{0x00000000c3a72908}: 'void java.lang.invoke.Invokers$Holder.invoke_MT(java.lang.Object, java.lang.Object, java.lang.Object, java.lang.Object)'> (0x00000000c3a72908) 
thrown [s\src\hotspot\share\interpreter\linkResolver.cpp, line 771]
Event: 7.484 Thread 0x0000022fc93228a0 Exception <a 'java/lang/ClassNotFoundException'{0x00000000c60137f8}: sun/misc/SharedSecrets> (0x00000000c60137f8) 
thrown [s\src\hotspot\share\classfile\systemDictionary.cpp, line 256]
Event: 7.485 Thread 0x0000022fc93228a0 Exception <a 'java/lang/ClassNotFoundException'{0x00000000c6014dd0}: org/gradle/api/internal/plugins/DefaultObjectConfigurationActionBeanInfo> (0x00000000c6014dd0) 
thrown [s\src\hotspot\share\classfile\systemDictionary.cpp, line 256]
Event: 7.486 Thread 0x0000022fc93228a0 Exception <a 'java/lang/ClassNotFoundException'{0x00000000c602b510}: org/gradle/api/internal/plugins/DefaultObjectConfigurationActionCustomizer> (0x00000000c602b510) 
thrown [s\src\hotspot\share\classfile\systemDictionary.cpp, line 256]

VM Operations (20 events):
Event: 7.394 Executing VM operation: G1PauseCleanup done
Event: 7.411 Executing VM operation: G1TryInitiateConcMark
Event: 7.414 Executing VM operation: G1TryInitiateConcMark done
Event: 7.437 Executing VM operation: G1PauseRemark
Event: 7.440 Executing VM operation: G1PauseRemark done
Event: 7.452 Executing VM operation: G1PauseCleanup
Event: 7.452 Executing VM operation: G1PauseCleanup done
Event: 7.493 Executing VM operation: G1TryInitiateConcMark
Event: 7.497 Executing VM operation: G1TryInitiateConcMark done
Event: 7.530 Executing VM operation: G1PauseRemark
Event: 7.533 Executing VM operation: G1PauseRemark done
Event: 7.549 Executing VM operation: G1PauseCleanup
Event: 7.549 Executing VM operation: G1PauseCleanup done
Event: 7.686 Executing VM operation: G1CollectForAllocation
Event: 7.689 Executing VM operation: G1CollectForAllocation done
Event: 7.719 Executing VM operation: G1CollectForAllocation
Event: 7.721 Executing VM operation: G1CollectForAllocation done
Event: 7.882 Executing VM operation: G1CollectForAllocation
Event: 7.884 Executing VM operation: G1CollectForAllocation done
Event: 7.916 Executing VM operation: G1PauseRemark

Events (20 events):
Event: 7.062 Thread 0x0000022fc8029f30 flushing nmethod 0x0000022fb0073610
Event: 7.062 Thread 0x0000022fc8029f30 flushing nmethod 0x0000022fb0077410
Event: 7.062 Thread 0x0000022fc8029f30 flushing nmethod 0x0000022fb007ec10
Event: 7.062 Thread 0x0000022fc8029f30 flushing nmethod 0x0000022fb0082590
Event: 7.062 Thread 0x0000022fc8029f30 flushing nmethod 0x0000022fb0083c90
Event: 7.062 Thread 0x0000022fc8029f30 flushing nmethod 0x0000022fb00ccb90
Event: 7.062 Thread 0x0000022fc8029f30 flushing nmethod 0x0000022fb00e3a90
Event: 7.062 Thread 0x0000022fc8029f30 flushing nmethod 0x0000022fb0129510
Event: 7.165 Thread 0x0000022fcb505e90 Thread added: 0x0000022fcb505e90
Event: 7.165 Thread 0x0000022fcb50a060 Thread added: 0x0000022fcb50a060
Event: 7.215 loading class java/util/stream/SortedOps$RefSortingSink
Event: 7.215 loading class java/util/stream/SortedOps$RefSortingSink done
Event: 7.224 loading class java/time/Ser
Event: 7.224 loading class java/time/Ser done
Event: 7.484 loading class sun/misc/SharedSecrets
Event: 7.484 loading class sun/misc/SharedSecrets done
Event: 7.488 loading class jdk/internal/reflect/UnsafeObjectFieldAccessorImpl
Event: 7.488 loading class jdk/internal/reflect/UnsafeObjectFieldAccessorImpl done
Event: 7.787 loading class java/util/regex/Pattern$1
Event: 7.788 loading class java/util/regex/Pattern$1 done


Dynamic libraries:
0x00007ff7737b0000 - 0x00007ff7737ba000 	C:\Program Files\Android\Android Studio\jbr\bin\java.exe
0x00007ffb98750000 - 0x00007ffb98966000 	C:\WINDOWS\SYSTEM32\ntdll.dll
0x00007ffb978a0000 - 0x00007ffb97964000 	C:\WINDOWS\System32\KERNEL32.DLL
0x00007ffb95be0000 - 0x00007ffb95f87000 	C:\WINDOWS\System32\KERNELBASE.dll
0x00007ffb96060000 - 0x00007ffb96171000 	C:\WINDOWS\System32\ucrtbase.dll
0x00007ffb8c3c0000 - 0x00007ffb8c3d7000 	C:\Program Files\Android\Android Studio\jbr\bin\jli.dll
0x00007ffb8c520000 - 0x00007ffb8c53b000 	C:\Program Files\Android\Android Studio\jbr\bin\VCRUNTIME140.dll
0x00007ffb97ee0000 - 0x00007ffb9808e000 	C:\WINDOWS\System32\USER32.dll
0x00007ffb95f90000 - 0x00007ffb95fb6000 	C:\WINDOWS\System32\win32u.dll
0x00007ffb7fef0000 - 0x00007ffb80183000 	C:\WINDOWS\WinSxS\amd64_microsoft.windows.common-controls_6595b64144ccf1df_6.0.22621.3235_none_270f74e173860f98\COMCTL32.dll
0x00007ffb980d0000 - 0x00007ffb98177000 	C:\WINDOWS\System32\msvcrt.dll
0x00007ffb96480000 - 0x00007ffb964a9000 	C:\WINDOWS\System32\GDI32.dll
0x00007ffb96220000 - 0x00007ffb96339000 	C:\WINDOWS\System32\gdi32full.dll
0x00007ffb95fc0000 - 0x00007ffb9605a000 	C:\WINDOWS\System32\msvcp_win.dll
0x00007ffb98090000 - 0x00007ffb980c1000 	C:\WINDOWS\System32\IMM32.DLL
0x00007ffb90e30000 - 0x00007ffb90e3c000 	C:\Program Files\Android\Android Studio\jbr\bin\vcruntime140_1.dll
0x00007ffb85240000 - 0x00007ffb852cd000 	C:\Program Files\Android\Android Studio\jbr\bin\msvcp140.dll
0x00007ffb52880000 - 0x00007ffb53503000 	C:\Program Files\Android\Android Studio\jbr\bin\server\jvm.dll
0x00007ffb966a0000 - 0x00007ffb96752000 	C:\WINDOWS\System32\ADVAPI32.dll
0x00007ffb975e0000 - 0x00007ffb97688000 	C:\WINDOWS\System32\sechost.dll
0x00007ffb961f0000 - 0x00007ffb96218000 	C:\WINDOWS\System32\bcrypt.dll
0x00007ffb98330000 - 0x00007ffb98445000 	C:\WINDOWS\System32\RPCRT4.dll
0x00007ffb95940000 - 0x00007ffb9598d000 	C:\WINDOWS\SYSTEM32\POWRPROF.dll
0x00007ffb92cd0000 - 0x00007ffb92cd9000 	C:\WINDOWS\SYSTEM32\WSOCK32.dll
0x00007ffb8f680000 - 0x00007ffb8f6b4000 	C:\WINDOWS\SYSTEM32\WINMM.dll
0x00007ffb964b0000 - 0x00007ffb96521000 	C:\WINDOWS\System32\WS2_32.dll
0x00007ffb8efe0000 - 0x00007ffb8efea000 	C:\WINDOWS\SYSTEM32\VERSION.dll
0x00007ffb95920000 - 0x00007ffb95933000 	C:\WINDOWS\SYSTEM32\UMPDC.dll
0x00007ffb94a80000 - 0x00007ffb94a98000 	C:\WINDOWS\SYSTEM32\kernel.appcore.dll
0x00007ffb92cb0000 - 0x00007ffb92cba000 	C:\Program Files\Android\Android Studio\jbr\bin\jimage.dll
0x00007ffb8c5f0000 - 0x00007ffb8c823000 	C:\WINDOWS\SYSTEM32\DBGHELP.DLL
0x00007ffb96760000 - 0x00007ffb96ae8000 	C:\WINDOWS\System32\combase.dll
0x00007ffb98230000 - 0x00007ffb98307000 	C:\WINDOWS\System32\OLEAUT32.dll
0x00007ffb70520000 - 0x00007ffb70552000 	C:\WINDOWS\SYSTEM32\dbgcore.DLL
0x00007ffb96340000 - 0x00007ffb963b9000 	C:\WINDOWS\System32\bcryptPrimitives.dll
0x00007ffb8f750000 - 0x00007ffb8f75e000 	C:\Program Files\Android\Android Studio\jbr\bin\instrument.dll
0x00007ffb8f8d0000 - 0x00007ffb8f8f5000 	C:\Program Files\Android\Android Studio\jbr\bin\java.dll
0x00007ffb90e10000 - 0x00007ffb90e28000 	C:\Program Files\Android\Android Studio\jbr\bin\zip.dll
0x00007ffb96b90000 - 0x00007ffb973ec000 	C:\WINDOWS\System32\SHELL32.dll
0x00007ffb93980000 - 0x00007ffb94279000 	C:\WINDOWS\SYSTEM32\windows.storage.dll
0x00007ffb93840000 - 0x00007ffb9397e000 	C:\WINDOWS\SYSTEM32\wintypes.dll
0x00007ffb98450000 - 0x00007ffb98543000 	C:\WINDOWS\System32\SHCORE.dll
0x00007ffb97690000 - 0x00007ffb976ee000 	C:\WINDOWS\System32\shlwapi.dll
0x00007ffb959a0000 - 0x00007ffb959c1000 	C:\WINDOWS\SYSTEM32\profapi.dll
0x00007ffb8c5b0000 - 0x00007ffb8c5c9000 	C:\Program Files\Android\Android Studio\jbr\bin\net.dll
0x00007ffb90430000 - 0x00007ffb90566000 	C:\WINDOWS\SYSTEM32\WINHTTP.dll
0x00007ffb94ee0000 - 0x00007ffb94f49000 	C:\WINDOWS\system32\mswsock.dll
0x00007ffb8c420000 - 0x00007ffb8c436000 	C:\Program Files\Android\Android Studio\jbr\bin\nio.dll
0x00007ffb8f8c0000 - 0x00007ffb8f8d0000 	C:\Program Files\Android\Android Studio\jbr\bin\verify.dll
0x00007ffb7f800000 - 0x00007ffb7f827000 	C:\Users\ASUS\.gradle\native\c067742578af261105cb4f569cf0c3c89f3d7b1fecec35dd04571415982c5e48\windows-amd64\native-platform.dll
0x00007ffb50010000 - 0x00007ffb50154000 	C:\Users\ASUS\.gradle\native\38dada09dfb8b06ba9b0570ebf7e218e3eb74d4ef43ca46872605cf95ebc2f47\windows-amd64\native-platform-file-events.dll
0x00007ffb90ee0000 - 0x00007ffb90ee9000 	C:\Program Files\Android\Android Studio\jbr\bin\management.dll
0x00007ffb90da0000 - 0x00007ffb90dab000 	C:\Program Files\Android\Android Studio\jbr\bin\management_ext.dll
0x00007ffb98320000 - 0x00007ffb98328000 	C:\WINDOWS\System32\PSAPI.DLL
0x00007ffb95160000 - 0x00007ffb9517b000 	C:\WINDOWS\SYSTEM32\CRYPTSP.dll
0x00007ffb949d0000 - 0x00007ffb94a05000 	C:\WINDOWS\system32\rsaenh.dll
0x00007ffb95000000 - 0x00007ffb95028000 	C:\WINDOWS\SYSTEM32\USERENV.dll
0x00007ffb95180000 - 0x00007ffb9518c000 	C:\WINDOWS\SYSTEM32\CRYPTBASE.dll
0x00007ffb94520000 - 0x00007ffb9454d000 	C:\WINDOWS\SYSTEM32\IPHLPAPI.DLL
0x00007ffb98310000 - 0x00007ffb98319000 	C:\WINDOWS\System32\NSI.dll
0x00007ffb90280000 - 0x00007ffb90299000 	C:\WINDOWS\SYSTEM32\dhcpcsvc6.DLL
0x00007ffb90260000 - 0x00007ffb9027f000 	C:\WINDOWS\SYSTEM32\dhcpcsvc.DLL
0x00007ffb945a0000 - 0x00007ffb94699000 	C:\WINDOWS\SYSTEM32\DNSAPI.dll
0x00007ffb92ca0000 - 0x00007ffb92ca8000 	C:\WINDOWS\system32\wshunix.dll

dbghelp: loaded successfully - version: 4.0.5 - missing functions: none
symbol engine: initialized successfully - sym options: 0x614 - pdb path: .;C:\Program Files\Android\Android Studio\jbr\bin;C:\WINDOWS\SYSTEM32;C:\WINDOWS\WinSxS\amd64_microsoft.windows.common-controls_6595b64144ccf1df_6.0.22621.3235_none_270f74e173860f98;C:\Program Files\Android\Android Studio\jbr\bin\server;C:\Users\ASUS\.gradle\native\c067742578af261105cb4f569cf0c3c89f3d7b1fecec35dd04571415982c5e48\windows-amd64;C:\Users\ASUS\.gradle\native\38dada09dfb8b06ba9b0570ebf7e218e3eb74d4ef43ca46872605cf95ebc2f47\windows-amd64

VM Arguments:
jvm_args: --add-opens=java.base/java.util=ALL-UNNAMED --add-opens=java.base/java.lang=ALL-UNNAMED --add-opens=java.base/java.lang.invoke=ALL-UNNAMED --add-opens=java.prefs/java.util.prefs=ALL-UNNAMED --add-opens=java.base/java.nio.charset=ALL-UNNAMED --add-opens=java.base/java.net=ALL-UNNAMED --add-opens=java.base/java.util.concurrent.atomic=ALL-UNNAMED -Xmx1024m -Dfile.encoding=UTF-8 -Duser.country=ID -Duser.language=en -Duser.variant -javaagent:C:\Users\ASUS\.gradle\wrapper\dists\gradle-8.4-bin\1w5dpkrfk8irigvoxmyhowfim\gradle-8.4\lib\agents\gradle-instrumentation-agent-8.4.jar 
java_command: org.gradle.launcher.daemon.bootstrap.GradleDaemon 8.4
java_class_path (initial): C:\Users\ASUS\.gradle\wrapper\dists\gradle-8.4-bin\1w5dpkrfk8irigvoxmyhowfim\gradle-8.4\lib\gradle-launcher-8.4.jar
Launcher Type: SUN_STANDARD

[Global flags]
     intx CICompilerCount                          = 4                                         {product} {ergonomic}
     uint ConcGCThreads                            = 2                                         {product} {ergonomic}
     uint G1ConcRefinementThreads                  = 8                                         {product} {ergonomic}
   size_t G1HeapRegionSize                         = 1048576                                   {product} {ergonomic}
    uintx GCDrainStackTargetSize                   = 64                                        {product} {ergonomic}
   size_t InitialHeapSize                          = 130023424                                 {product} {ergonomic}
   size_t MarkStackSize                            = 4194304                                   {product} {ergonomic}
   size_t MaxHeapSize                              = 1073741824                                {product} {command line}
   size_t MaxNewSize                               = 643825664                                 {product} {ergonomic}
   size_t MinHeapDeltaBytes                        = 1048576                                   {product} {ergonomic}
   size_t MinHeapSize                              = 8388608                                   {product} {ergonomic}
    uintx NonNMethodCodeHeapSize                   = 5839372                                {pd product} {ergonomic}
    uintx NonProfiledCodeHeapSize                  = 122909434                              {pd product} {ergonomic}
    uintx ProfiledCodeHeapSize                     = 122909434                              {pd product} {ergonomic}
    uintx ReservedCodeCacheSize                    = 251658240                              {pd product} {ergonomic}
     bool SegmentedCodeCache                       = true                                      {product} {ergonomic}
   size_t SoftMaxHeapSize                          = 1073741824                             {manageable} {ergonomic}
     bool UseCompressedClassPointers               = true                           {product lp64_product} {ergonomic}
     bool UseCompressedOops                        = true                           {product lp64_product} {ergonomic}
     bool UseG1GC                                  = true                                      {product} {ergonomic}
     bool UseLargePagesIndividualAllocation        = false                                  {pd product} {ergonomic}

Logging:
Log output configuration:
 #0: stdout all=warning uptime,level,tags
 #1: stderr all=off uptime,level,tags

Environment Variables:
PATH=C:\Program Files\Common Files\Oracle\Java\javapath;C:\WINDOWS\system32;C:\WINDOWS;C:\WINDOWS\System32\Wbem;C:\WINDOWS\System32\WindowsPowerShell\v1.0\;C:\WINDOWS\System32\OpenSSH\;C:\xampp\mysql\bin;C:\Program Files\PuTTY\;C:\xampp\php;C:\Users\ASUS\AppData\Local\Programs\Python\Python311\Scripts\;C:\Users\ASUS\AppData\Local\Programs\Python\Python311\;C:\Users\ASUS\AppData\Local\Microsoft\WindowsApps;;C:\Users\ASUS\AppData\Local\Programs\Microsoft VS Code\bin;C:\Program Files\JetBrains\IntelliJ IDEA Community Edition 2023.2.2\bin;
USERNAME=ASUS
OS=Windows_NT
PROCESSOR_IDENTIFIER=Intel64 Family 6 Model 140 Stepping 1, GenuineIntel
TMP=C:\Users\ASUS\AppData\Local\Temp
TEMP=C:\Users\ASUS\AppData\Local\Temp



Periodic native trim disabled

JNI global refs:
JNI global refs: 26, weak refs: 0

JNI global refs memory usage: 843, weak refs: 841

OOME stack traces (most recent first):
Classloader memory used:
Loader org.gradle.internal.classloader.VisitableURLClassLoader                         : 3443K
Loader bootstrap                                                                       : 2447K
Loader org.gradle.initialization.MixInLegacyTypesClassLoader                           : 1043K
Loader org.gradle.internal.classloader.VisitableURLClassLoader$InstrumentingVisitableURLClassLoader: 269K
Loader jdk.internal.loader.ClassLoaders$PlatformClassLoader                            : 65555B
Loader jdk.internal.loader.ClassLoaders$AppClassLoader                                 : 28453B
Loader jdk.internal.reflect.DelegatingClassLoader                                      : 22123B
Loader org.gradle.internal.classloader.VisitableURLClassLoader                         : 8097B

Classes loaded by more than one classloader:
Class Program                                                                         : loaded 4 times (x 72B)
Class com.google.common.collect.Iterators$MergingIterator                             : loaded 2 times (x 79B)
Class [Lcom.google.common.collect.AbstractMapEntry;                                   : loaded 2 times (x 67B)
Class com.google.common.collect.SingletonImmutableList                                : loaded 2 times (x 167B)
Class org.gradle.internal.classpath.ClassPath                                         : loaded 2 times (x 68B)
Class org.gradle.api.internal.classpath.DefaultModuleRegistry                         : loaded 2 times (x 84B)
Class Settings_gradle$1$1                                                             : loaded 2 times (x 72B)
Class com.google.common.collect.ListMultimap                                          : loaded 2 times (x 68B)
Class com.google.common.base.CharMatcher$JavaDigit                                    : loaded 2 times (x 109B)
Class com.google.common.base.CharMatcher$Digit                                        : loaded 2 times (x 110B)
Class com.google.common.collect.AbstractMultimap                                      : loaded 2 times (x 121B)
Class org.gradle.api.Action                                                           : loaded 2 times (x 68B)
Class com.google.common.collect.ImmutableEntry                                        : loaded 2 times (x 80B)
Class com.google.common.collect.Lists$StringAsImmutableList                           : loaded 2 times (x 167B)
Class com.google.common.base.CharMatcher                                              : loaded 2 times (x 109B)
Class com.google.common.base.CharMatcher$IsNot                                        : loaded 2 times (x 109B)
Class com.google.common.base.Splitter                                                 : loaded 2 times (x 70B)
Class com.google.common.collect.Iterators$ArrayItr                                    : loaded 2 times (x 95B)
Class org.gradle.api.internal.DefaultClassPathProvider                                : loaded 2 times (x 74B)
Class org.gradle.internal.installation.GradleInstallation$1                           : loaded 2 times (x 73B)
Class com.google.common.base.CharMatcher$BitSetMatcher                                : loaded 2 times (x 110B)
Class com.google.common.collect.ImmutableMap$IteratorBasedImmutableMap                : loaded 2 times (x 123B)
Class com.google.common.collect.ImmutableMap                                          : loaded 2 times (x 118B)
Class com.google.common.base.Converter                                                : loaded 2 times (x 88B)
Class com.google.common.collect.ImmutableSet$EmptySetBuilderImpl                      : loaded 2 times (x 74B)
Class com.google.common.base.Predicate                                                : loaded 2 times (x 68B)
Class org.gradle.internal.classloader.FilteringClassLoader                            : loaded 2 times (x 103B)
Class com.google.common.collect.RegularImmutableSet                                   : loaded 2 times (x 146B)
Class org.gradle.internal.classpath.DefaultClassPath$ImmutableUniqueList$Builder      : loaded 2 times (x 73B)
Class com.google.common.collect.Maps$8                                                : loaded 2 times (x 80B)
Class com.google.common.base.PatternCompiler                                          : loaded 2 times (x 68B)
Class com.google.common.base.CharMatcher$InRange                                      : loaded 2 times (x 109B)
Class com.google.common.collect.BiMap                                                 : loaded 2 times (x 68B)
Class com.google.common.collect.Lists                                                 : loaded 2 times (x 69B)
Class com.google.common.math.IntMath$1                                                : loaded 2 times (x 69B)
Class org.gradle.internal.classloader.ClassLoaderVisitor                              : loaded 2 times (x 74B)
Class com.google.common.math.MathPreconditions                                        : loaded 2 times (x 69B)
Class org.gradle.internal.service.DefaultServiceLocator                               : loaded 2 times (x 81B)
Class org.gradle.internal.service.UnknownServiceException                             : loaded 2 times (x 81B)
Class com.google.common.collect.ArrayListMultimap                                     : loaded 2 times (x 170B)
Class com.google.common.base.Strings                                                  : loaded 2 times (x 69B)
Class org.gradle.internal.classloader.DefaultClassLoaderFactory                       : loaded 2 times (x 80B)
Class com.google.common.collect.UnmodifiableIterator                                  : loaded 2 times (x 78B)
Class com.google.common.base.Platform$JdkPatternCompiler                              : loaded 2 times (x 73B)
Class com.google.common.base.CharMatcher$SingleWidth                                  : loaded 2 times (x 110B)
Class com.google.common.collect.Hashing                                               : loaded 2 times (x 69B)
Class com.google.common.base.JdkPattern                                               : loaded 2 times (x 73B)
Class com.google.common.collect.Multimap                                              : loaded 2 times (x 68B)
Class org.gradle.internal.classloader.VisitableURLClassLoader$Spec                    : loaded 2 times (x 72B)
Class org.gradle.api.GradleException                                                  : loaded 2 times (x 80B)
Class com.google.common.base.CharMatcher$JavaLetterOrDigit                            : loaded 2 times (x 109B)
Class org.gradle.api.internal.classpath.ModuleRegistry                                : loaded 2 times (x 68B)
Class com.google.common.collect.ImmutableCollection                                   : loaded 2 times (x 123B)
Class org.gradle.api.internal.ClassPathProvider                                       : loaded 2 times (x 68B)
Class com.google.common.collect.RegularImmutableMap$Values                            : loaded 2 times (x 167B)
Class org.gradle.internal.classloader.ClasspathUtil$1                                 : loaded 2 times (x 74B)
Class com.google.common.collect.ImmutableEnumMap                                      : loaded 2 times (x 123B)
Class com.google.common.collect.ImmutableList$ReverseImmutableList                    : loaded 2 times (x 168B)
Class org.gradle.internal.classloader.ClassLoaderFactory                              : loaded 2 times (x 68B)
Class com.google.common.collect.ObjectArrays                                          : loaded 2 times (x 69B)
Class com.google.common.collect.Iterators$10                                          : loaded 2 times (x 79B)
Class com.google.common.collect.ImmutableList                                         : loaded 2 times (x 166B)
Class org.gradle.api.internal.classpath.ManifestUtil                                  : loaded 2 times (x 69B)
Class org.gradle.api.specs.Spec                                                       : loaded 2 times (x 68B)
Class com.google.common.base.CharMatcher$Whitespace                                   : loaded 2 times (x 110B)
Class com.google.common.collect.Iterators$1                                           : loaded 2 times (x 79B)
Class com.google.common.collect.Iterators$4                                           : loaded 2 times (x 80B)
Class com.google.common.collect.RegularImmutableMap$BucketOverflowException           : loaded 2 times (x 80B)
Class com.google.common.collect.Iterators$5                                           : loaded 2 times (x 80B)
Class com.google.common.base.Preconditions                                            : loaded 2 times (x 69B)
Class com.google.common.base.Function                                                 : loaded 2 times (x 68B)
Class com.google.common.collect.Iterators$9                                           : loaded 2 times (x 79B)
Class org.gradle.internal.IoActions                                                   : loaded 2 times (x 69B)
Class com.google.common.collect.RegularImmutableMap$KeySet                            : loaded 2 times (x 148B)
Class com.google.common.collect.CollectPreconditions                                  : loaded 2 times (x 69B)
Class com.google.common.collect.Maps                                                  : loaded 2 times (x 69B)
Class com.google.common.collect.RegularImmutableMap                                   : loaded 2 times (x 119B)
Class com.google.common.collect.AbstractIndexedListIterator                           : loaded 2 times (x 94B)
Class com.google.common.base.CharMatcher$None                                         : loaded 2 times (x 110B)
Class org.gradle.api.internal.classpath.EffectiveClassPath                            : loaded 2 times (x 88B)
Class com.google.common.collect.UnmodifiableListIterator                              : loaded 2 times (x 93B)
Class com.google.common.collect.ImmutableList$1                                       : loaded 2 times (x 95B)
Class com.google.common.base.Splitter$Strategy                                        : loaded 2 times (x 68B)
Class com.google.common.collect.ImmutableMapEntrySet$RegularEntrySet                  : loaded 2 times (x 149B)
Class [Lcom.google.common.collect.ImmutableMapEntry;                                  : loaded 2 times (x 67B)
Class org.gradle.internal.installation.CurrentGradleInstallation                      : loaded 2 times (x 71B)
Class org.gradle.internal.agents.InstrumentingClassLoader                             : loaded 2 times (x 68B)
Class org.gradle.internal.installation.CurrentGradleInstallationLocator               : loaded 2 times (x 69B)
Class org.gradle.api.internal.classpath.Module                                        : loaded 2 times (x 68B)
Class com.google.common.base.Splitter$1$1                                             : loaded 2 times (x 84B)
Class com.google.common.collect.ImmutableSet$JdkBackedSetBuilderImpl                  : loaded 2 times (x 74B)
Class com.google.common.collect.ImmutableSet$RegularSetBuilderImpl                    : loaded 2 times (x 75B)
Class org.gradle.internal.service.CachingServiceLocator                               : loaded 2 times (x 80B)
Class [Lcom.google.common.collect.ImmutableEntry;                                     : loaded 2 times (x 67B)
Class org.gradle.internal.classpath.DefaultClassPath                                  : loaded 2 times (x 88B)
Class com.google.common.base.Splitter$SplittingIterator                               : loaded 2 times (x 82B)
Class Build_gradle$1                                                                  : loaded 2 times (x 76B)
Class com.google.common.base.CharMatcher$Is                                           : loaded 2 times (x 109B)
Class com.google.common.base.Platform                                                 : loaded 2 times (x 69B)
Class com.google.common.collect.RegularImmutableAsList                                : loaded 2 times (x 176B)
Class com.google.common.collect.PeekingIterator                                       : loaded 2 times (x 68B)
Class com.google.common.collect.ImmutableMapEntrySet                                  : loaded 2 times (x 149B)
Class com.google.common.collect.ImmutableBiMapFauxverideShim                          : loaded 2 times (x 118B)
Class org.gradle.internal.classloader.SystemClassLoaderSpec                           : loaded 2 times (x 69B)
Class com.google.common.collect.SingletonImmutableSet                                 : loaded 2 times (x 144B)
Class [Lcom.google.common.base.AbstractIterator$State;                                : loaded 2 times (x 67B)
Class com.google.common.collect.ImmutableMap$Builder                                  : loaded 2 times (x 80B)
Class com.google.common.base.AbstractIterator                                         : loaded 2 times (x 78B)
Class com.google.common.base.AbstractIterator$1                                       : loaded 2 times (x 69B)
Class com.google.common.collect.Iterators                                             : loaded 2 times (x 69B)
Class com.google.common.base.CharMatcher$1                                            : loaded 2 times (x 111B)
Class com.google.common.base.CharMatcher$Ascii                                        : loaded 2 times (x 110B)
Class org.gradle.api.UncheckedIOException                                             : loaded 2 times (x 80B)
Class com.google.common.base.CharMatcher$And                                          : loaded 2 times (x 110B)
Class com.google.common.collect.IndexedImmutableSet                                   : loaded 2 times (x 148B)
Class com.google.common.collect.AbstractListMultimap                                  : loaded 2 times (x 170B)
Class com.google.common.base.CharMatcher$Any                                          : loaded 2 times (x 110B)
Class org.gradle.internal.installation.GradleInstallation                             : loaded 2 times (x 73B)
Class com.google.common.collect.ArrayListMultimapGwtSerializationDependencies         : loaded 2 times (x 170B)
Class com.google.common.base.CharMatcher$RangesMatcher                                : loaded 2 times (x 110B)
Class com.google.common.collect.ImmutableList$SubList                                 : loaded 2 times (x 168B)
Class org.gradle.internal.classloader.ClasspathUtil                                   : loaded 2 times (x 69B)
Class com.google.common.base.Splitter$1                                               : loaded 2 times (x 75B)
Class com.google.common.collect.Maps$BiMapConverter                                   : loaded 2 times (x 88B)
Class org.gradle.api.internal.DefaultClassPathRegistry                                : loaded 2 times (x 74B)
Class com.google.common.collect.ImmutableSet$SetBuilderImpl                           : loaded 2 times (x 74B)
Class org.gradle.api.internal.classpath.DefaultModuleRegistry$DefaultModule           : loaded 2 times (x 84B)
Class com.google.common.base.CharMatcher$JavaIsoControl                               : loaded 2 times (x 110B)
Class com.google.common.collect.ImmutableMap$1                                        : loaded 2 times (x 79B)
Class com.google.common.base.CharMatcher$Or                                           : loaded 2 times (x 110B)
Class org.gradle.kotlin.dsl.VersionCatalogAccessorsKt                                 : loaded 2 times (x 69B)
Class com.google.common.collect.Iterables                                             : loaded 2 times (x 69B)
Class com.google.common.base.CharMatcher$JavaLowerCase                                : loaded 2 times (x 109B)
Class org.gradle.api.internal.classpath.UnknownModuleException                        : loaded 2 times (x 80B)
Class com.google.common.collect.Maps$EntryTransformer                                 : loaded 2 times (x 68B)
Class com.google.common.collect.ImmutableCollection$Builder                           : loaded 2 times (x 74B)
Class com.google.common.base.CommonPattern                                            : loaded 2 times (x 72B)
Class org.gradle.internal.service.ServiceLookupException                              : loaded 2 times (x 80B)
Class org.gradle.cache.GlobalCache                                                    : loaded 2 times (x 68B)
Class com.google.common.base.CharMatcher$NegatedFastMatcher                           : loaded 2 times (x 111B)
Class [Lorg.gradle.api.internal.ClassPathProvider;                                    : loaded 2 times (x 67B)
Class org.gradle.util.internal.GUtil                                                  : loaded 2 times (x 69B)
Class com.google.common.math.IntMath                                                  : loaded 2 times (x 69B)
Class com.google.common.collect.AbstractIterator                                      : loaded 2 times (x 80B)
Class org.gradle.internal.classloader.ClassLoaderSpec                                 : loaded 2 times (x 69B)
Class com.google.common.base.NullnessCasts                                            : loaded 2 times (x 69B)
Class com.google.common.collect.AbstractMapEntry                                      : loaded 2 times (x 79B)
Class com.google.common.base.CharMatcher$Negated                                      : loaded 2 times (x 111B)
Class com.google.common.collect.ImmutableSet$Builder                                  : loaded 2 times (x 83B)
Class com.google.common.base.CharMatcher$ForPredicate                                 : loaded 2 times (x 110B)
Class com.google.common.collect.ImmutableMap$MapViewOfValuesAsSingletonSets           : loaded 2 times (x 123B)
Class com.google.common.collect.SortedMapDifference                                   : loaded 2 times (x 68B)
Class org.gradle.internal.classloader.VisitableURLClassLoader                         : loaded 2 times (x 115B)
Class com.google.common.collect.ImmutableBiMap                                        : loaded 2 times (x 141B)
Class org.gradle.internal.Cast                                                        : loaded 2 times (x 69B)
Class Build_gradle                                                                    : loaded 2 times (x 70B)
Class org.gradle.api.internal.ClassPathRegistry                                       : loaded 2 times (x 68B)
Class com.google.common.collect.ImmutableSet                                          : loaded 2 times (x 143B)
Class org.gradle.internal.classloader.VisitableURLClassLoader$InstrumentingVisitableURLClassLoader: loaded 2 times (x 121B)
Class org.gradle.internal.classloader.ClassLoaderHierarchy                            : loaded 2 times (x 68B)
Class com.google.common.base.AbstractIterator$State                                   : loaded 2 times (x 77B)
Class com.google.common.base.CharMatcher$NamedFastMatcher                             : loaded 2 times (x 110B)
Class org.gradle.internal.InternalTransformer                                         : loaded 2 times (x 68B)
Class org.gradle.internal.service.ServiceLocator                                      : loaded 2 times (x 68B)
Class Settings_gradle$1                                                               : loaded 2 times (x 72B)
Class com.google.common.collect.ImmutableMapEntry                                     : loaded 2 times (x 83B)
Class com.google.common.base.CharMatcher$Invisible                                    : loaded 2 times (x 110B)
Class com.google.common.base.CharMatcher$FastMatcher                                  : loaded 2 times (x 109B)
Class org.gradle.internal.classpath.DefaultClassPath$ImmutableUniqueList              : loaded 2 times (x 159B)
Class com.google.common.base.CharMatcher$JavaLetter                                   : loaded 2 times (x 109B)
Class org.gradle.internal.classpath.TransformedClassPath                              : loaded 2 times (x 94B)
Class com.google.common.collect.MapDifference                                         : loaded 2 times (x 68B)
Class Settings_gradle                                                                 : loaded 2 times (x 126B)
Class com.google.common.collect.Platform                                              : loaded 2 times (x 69B)
Class com.google.common.collect.ImmutableAsList                                       : loaded 2 times (x 169B)
Class com.google.common.base.CharMatcher$AnyOf                                        : loaded 2 times (x 110B)
Class com.google.common.base.CharMatcher$IsEither                                     : loaded 2 times (x 109B)
Class com.google.common.collect.RegularImmutableList                                  : loaded 2 times (x 172B)
Class com.google.common.base.CharMatcher$JavaUpperCase                                : loaded 2 times (x 109B)
Class com.google.common.collect.Multiset                                              : loaded 2 times (x 68B)
Class com.google.common.collect.ImmutableSet$CachingAsList                            : loaded 2 times (x 145B)
Class com.google.common.collect.ImmutableMapEntry$NonTerminalImmutableMapEntry        : loaded 2 times (x 83B)
Class com.google.common.collect.AbstractMapBasedMultimap                              : loaded 2 times (x 137B)


---------------  S Y S T E M  ---------------

OS:
 Windows 11 , 64 bit Build 22621 (10.0.22621.3374)
OS uptime: 0 days 6:20 hours
Hyper-V role detected

CPU: total 8 (initial active 8) (4 cores per cpu, 2 threads per core) family 6 model 140 stepping 1 microcode 0x9a, cx8, cmov, fxsr, ht, mmx, 3dnowpref, sse, sse2, sse3, ssse3, sse4.1, sse4.2, popcnt, lzcnt, tsc, tscinvbit, avx, avx2, aes, erms, clmul, bmi1, bmi2, adx, avx512f, avx512dq, avx512cd, avx512bw, avx512vl, sha, fma, vzeroupper, avx512_vpopcntdq, avx512_vpclmulqdq, avx512_vaes, avx512_vnni, clflush, clflushopt, clwb, avx512_vbmi2, avx512_vbmi, hv
Processor Information for all 8 processors :
  Max Mhz: 2419, Current Mhz: 2419, Mhz Limit: 2419

Memory: 4k page, system-wide physical 7882M (327M free)
TotalPageFile size 9930M (AvailPageFile size 9M)
current process WorkingSet (physical memory assigned to process): 286M, peak: 287M
current process commit charge ("private bytes"): 319M, peak: 325M

vm_info: OpenJDK 64-Bit Server VM (17.0.9+0--11185874) for windows-amd64 JRE (17.0.9+0--11185874), built on Dec  6 2023 18:57:44 by "androidbuild" with MS VC++ 16.10 / 16.11 (VS2019)

END.
