#
# There is insufficient memory for the Java Runtime Environment to continue.
# Native memory allocation (malloc) failed to allocate 1843856 bytes for Chunk::new
# Possible reasons:
#   The system is out of physical RAM or swap space
#   The process is running with CompressedOops enabled, and the Java Heap may be blocking the growth of the native heap
# Possible solutions:
#   Reduce memory load on the system
#   Increase physical memory or swap space
#   Check if swap backing store is full
#   Decrease Java heap size (-Xmx/-Xms)
#   Decrease number of Java threads
#   Decrease Java thread stack sizes (-Xss)
#   Set larger code cache with -XX:ReservedCodeCacheSize=
#   JVM is running with Unscaled Compressed Oops mode in which the Java heap is
#     placed in the first 4GB address space. The Java Heap base address is the
#     maximum limit for the native heap growth. Please use -XX:HeapBaseMinAddress
#     to set the Java Heap base and to place the Java Heap above 4GB virtual address.
# This output file may be truncated or incomplete.
#
#  Out of Memory Error (arena.cpp:191), pid=2216, tid=12368
#
# JRE version: OpenJDK Runtime Environment (17.0.9) (build 17.0.9+0--11185874)
# Java VM: OpenJDK 64-Bit Server VM (17.0.9+0--11185874, mixed mode, tiered, compressed oops, compressed class ptrs, g1 gc, windows-amd64)
# No core dump will be written. Minidumps are not enabled by default on client versions of Windows
#

---------------  S U M M A R Y ------------

Command Line: --add-opens=java.base/java.util=ALL-UNNAMED --add-opens=java.base/java.lang=ALL-UNNAMED --add-opens=java.base/java.lang.invoke=ALL-UNNAMED --add-opens=java.prefs/java.util.prefs=ALL-UNNAMED --add-opens=java.base/java.nio.charset=ALL-UNNAMED --add-opens=java.base/java.net=ALL-UNNAMED --add-opens=java.base/java.util.concurrent.atomic=ALL-UNNAMED -Xmx1024m -Dfile.encoding=UTF-8 -Duser.country=ID -Duser.language=en -Duser.variant -javaagent:C:\Users\ASUS\.gradle\wrapper\dists\gradle-8.4-bin\1w5dpkrfk8irigvoxmyhowfim\gradle-8.4\lib\agents\gradle-instrumentation-agent-8.4.jar org.gradle.launcher.daemon.bootstrap.GradleDaemon 8.4

Host: 11th Gen Intel(R) Core(TM) i5-1135G7 @ 2.40GHz, 8 cores, 7G,  Windows 11 , 64 bit Build 22621 (10.0.22621.3374)
Time: Fri May 10 18:07:39 2024 Malay Peninsula Standard Time elapsed time: 4.984200 seconds (0d 0h 0m 4s)

---------------  T H R E A D  ---------------

Current thread (0x0000020c26a9aaa0):  JavaThread "C2 CompilerThread1" daemon [_thread_in_native, id=12368, stack(0x000000c9b1200000,0x000000c9b1300000)]


Current CompileTask:
C2:   4984 3541       4       java.net.URLClassLoader$1::run (5 bytes)

Stack: [0x000000c9b1200000,0x000000c9b1300000]
Native frames: (J=compiled Java code, j=interpreted, Vv=VM code, C=native code)
V  [jvm.dll+0x6886e9]
V  [jvm.dll+0x841e4a]
V  [jvm.dll+0x843a8e]
V  [jvm.dll+0x8440f3]
V  [jvm.dll+0x24c14f]
V  [jvm.dll+0xac44c]
V  [jvm.dll+0xaca9c]
V  [jvm.dll+0x36c1a2]
V  [jvm.dll+0x33651a]
V  [jvm.dll+0x3359ba]
V  [jvm.dll+0x21ddb1]
V  [jvm.dll+0x21d1d1]
V  [jvm.dll+0x1a674d]
V  [jvm.dll+0x22d088]
V  [jvm.dll+0x22b1c0]
V  [jvm.dll+0x7f62f7]
V  [jvm.dll+0x7f06aa]
V  [jvm.dll+0x687565]
C  [ucrtbase.dll+0x29333]
C  [KERNEL32.DLL+0x1257d]
C  [ntdll.dll+0x5aa48]


---------------  P R O C E S S  ---------------

Threads class SMR info:
_java_thread_list=0x0000020c2df7a9d0, length=35, elements={
0x0000020c0ecca850, 0x0000020c26537420, 0x0000020c26538700, 0x0000020c26523f60,
0x0000020c26546f90, 0x0000020c26547960, 0x0000020c26548820, 0x0000020c2678ed50,
0x0000020c2678fb30, 0x0000020c26790f50, 0x0000020c268eef20, 0x0000020c26a42c30,
0x0000020c26a9aaa0, 0x0000020c2cb22000, 0x0000020c2ccd5020, 0x0000020c2c9f2da0,
0x0000020c2cc2bb10, 0x0000020c2cdddf80, 0x0000020c2d279930, 0x0000020c2cb35100,
0x0000020c2ca72440, 0x0000020c2ca70af0, 0x0000020c2ca71000, 0x0000020c2ca71a20,
0x0000020c2ca71f30, 0x0000020c2cfecae0, 0x0000020c2cfe79e0, 0x0000020c2cfe65a0,
0x0000020c2cfe6ab0, 0x0000020c2cfeac80, 0x0000020c2cfeb6a0, 0x0000020c2cfeb190,
0x0000020c2cfe9840, 0x0000020c2cfe7ef0, 0x0000020c2cfebbb0
}

Java Threads: ( => current thread )
  0x0000020c0ecca850 JavaThread "main" [_thread_blocked, id=764, stack(0x000000c9aff00000,0x000000c9b0000000)]
  0x0000020c26537420 JavaThread "Reference Handler" daemon [_thread_blocked, id=7408, stack(0x000000c9b0600000,0x000000c9b0700000)]
  0x0000020c26538700 JavaThread "Finalizer" daemon [_thread_blocked, id=13204, stack(0x000000c9b0700000,0x000000c9b0800000)]
  0x0000020c26523f60 JavaThread "Signal Dispatcher" daemon [_thread_blocked, id=14604, stack(0x000000c9b0800000,0x000000c9b0900000)]
  0x0000020c26546f90 JavaThread "Attach Listener" daemon [_thread_blocked, id=10184, stack(0x000000c9b0900000,0x000000c9b0a00000)]
  0x0000020c26547960 JavaThread "Service Thread" daemon [_thread_blocked, id=6080, stack(0x000000c9b0a00000,0x000000c9b0b00000)]
  0x0000020c26548820 JavaThread "Monitor Deflation Thread" daemon [_thread_blocked, id=5684, stack(0x000000c9b0b00000,0x000000c9b0c00000)]
  0x0000020c2678ed50 JavaThread "C2 CompilerThread0" daemon [_thread_in_native, id=10360, stack(0x000000c9b0c00000,0x000000c9b0d00000)]
  0x0000020c2678fb30 JavaThread "C1 CompilerThread0" daemon [_thread_blocked, id=6060, stack(0x000000c9b0d00000,0x000000c9b0e00000)]
  0x0000020c26790f50 JavaThread "Sweeper thread" daemon [_thread_blocked, id=8004, stack(0x000000c9b0e00000,0x000000c9b0f00000)]
  0x0000020c268eef20 JavaThread "Common-Cleaner" daemon [_thread_blocked, id=17156, stack(0x000000c9b0f00000,0x000000c9b1000000)]
  0x0000020c26a42c30 JavaThread "Notification Thread" daemon [_thread_blocked, id=6868, stack(0x000000c9b1000000,0x000000c9b1100000)]
=>0x0000020c26a9aaa0 JavaThread "C2 CompilerThread1" daemon [_thread_in_native, id=12368, stack(0x000000c9b1200000,0x000000c9b1300000)]
  0x0000020c2cb22000 JavaThread "Daemon health stats" [_thread_blocked, id=3452, stack(0x000000c9b1700000,0x000000c9b1800000)]
  0x0000020c2ccd5020 JavaThread "Incoming local TCP Connector on port 55012" [_thread_in_native, id=11440, stack(0x000000c9b1800000,0x000000c9b1900000)]
  0x0000020c2c9f2da0 JavaThread "Daemon periodic checks" [_thread_blocked, id=7264, stack(0x000000c9b1900000,0x000000c9b1a00000)]
  0x0000020c2cc2bb10 JavaThread "Daemon" [_thread_blocked, id=15024, stack(0x000000c9b1a00000,0x000000c9b1b00000)]
  0x0000020c2cdddf80 JavaThread "Handler for socket connection from /127.0.0.1:55012 to /127.0.0.1:55013" [_thread_in_native, id=11412, stack(0x000000c9b1b00000,0x000000c9b1c00000)]
  0x0000020c2d279930 JavaThread "Cancel handler" [_thread_blocked, id=15412, stack(0x000000c9b1c00000,0x000000c9b1d00000)]
  0x0000020c2cb35100 JavaThread "Daemon worker" [_thread_in_native, id=10652, stack(0x000000c9b1d00000,0x000000c9b1e00000)]
  0x0000020c2ca72440 JavaThread "Asynchronous log dispatcher for DefaultDaemonConnection: socket connection from /127.0.0.1:55012 to /127.0.0.1:55013" [_thread_blocked, id=10756, stack(0x000000c9b1e00000,0x000000c9b1f00000)]
  0x0000020c2ca70af0 JavaThread "Stdin handler" [_thread_blocked, id=11008, stack(0x000000c9b1f00000,0x000000c9b2000000)]
  0x0000020c2ca71000 JavaThread "Daemon client event forwarder" [_thread_blocked, id=3764, stack(0x000000c9b2000000,0x000000c9b2100000)]
  0x0000020c2ca71a20 JavaThread "Cache worker for journal cache (C:\Users\ASUS\.gradle\caches\journal-1)" [_thread_blocked, id=11828, stack(0x000000c9b2500000,0x000000c9b2600000)]
  0x0000020c2ca71f30 JavaThread "File lock request listener" [_thread_in_native, id=16140, stack(0x000000c9b2600000,0x000000c9b2700000)]
  0x0000020c2cfecae0 JavaThread "Cache worker for file hash cache (C:\Users\ASUS\.gradle\caches\8.4\fileHashes)" [_thread_blocked, id=2340, stack(0x000000c9b2700000,0x000000c9b2800000)]
  0x0000020c2cfe79e0 JavaThread "File watcher server" daemon [_thread_in_native, id=7468, stack(0x000000c9b2800000,0x000000c9b2900000)]
  0x0000020c2cfe65a0 JavaThread "File watcher consumer" daemon [_thread_blocked, id=3536, stack(0x000000c9b2900000,0x000000c9b2a00000)]
  0x0000020c2cfe6ab0 JavaThread "Cache worker for checksums cache (C:\Android Studio\Dice Roller\.gradle\8.4\checksums)" [_thread_blocked, id=10824, stack(0x000000c9b2a00000,0x000000c9b2b00000)]
  0x0000020c2cfeac80 JavaThread "Cache worker for file hash cache (C:\Android Studio\Dice Roller\.gradle\8.4\fileHashes)" [_thread_blocked, id=1576, stack(0x000000c9b2b00000,0x000000c9b2c00000)]
  0x0000020c2cfeb6a0 JavaThread "Cache worker for cache directory md-supplier (C:\Users\ASUS\.gradle\caches\8.4\md-supplier)" [_thread_blocked, id=6520, stack(0x000000c9b2c00000,0x000000c9b2d00000)]
  0x0000020c2cfeb190 JavaThread "Cache worker for file content cache (C:\Users\ASUS\.gradle\caches\8.4\fileContent)" [_thread_blocked, id=17308, stack(0x000000c9b2d00000,0x000000c9b2e00000)]
  0x0000020c2cfe9840 JavaThread "Cache worker for cache directory md-rule (C:\Users\ASUS\.gradle\caches\8.4\md-rule)" [_thread_blocked, id=10556, stack(0x000000c9b2e00000,0x000000c9b2f00000)]
  0x0000020c2cfe7ef0 JavaThread "Cache worker for execution history cache (C:\Users\ASUS\.gradle\caches\8.4\executionHistory)" [_thread_blocked, id=9176, stack(0x000000c9b3000000,0x000000c9b3100000)]
  0x0000020c2cfebbb0 JavaThread "Cache worker for kotlin-dsl (C:\Users\ASUS\.gradle\caches\8.4\kotlin-dsl)" [_thread_blocked, id=1512, stack(0x000000c9b3100000,0x000000c9b3200000)]

Other Threads:
  0x0000020c26516a70 VMThread "VM Thread" [stack: 0x000000c9b0500000,0x000000c9b0600000] [id=1588]
  0x0000020c0eccb6d0 WatcherThread [stack: 0x000000c9b1100000,0x000000c9b1200000] [id=12156]
  0x0000020c0ed07680 GCTaskThread "GC Thread#0" [stack: 0x000000c9b0000000,0x000000c9b0100000] [id=10816]
  0x0000020c2b88d820 GCTaskThread "GC Thread#1" [stack: 0x000000c9b1300000,0x000000c9b1400000] [id=15428]
  0x0000020c2b88cd20 GCTaskThread "GC Thread#2" [stack: 0x000000c9b1400000,0x000000c9b1500000] [id=456]
  0x0000020c2b88ca60 GCTaskThread "GC Thread#3" [stack: 0x000000c9b1500000,0x000000c9b1600000] [id=1188]
  0x0000020c2b88d2a0 GCTaskThread "GC Thread#4" [stack: 0x000000c9b1600000,0x000000c9b1700000] [id=13124]
  0x0000020c2b88dae0 GCTaskThread "GC Thread#5" [stack: 0x000000c9b2100000,0x000000c9b2200000] [id=15712]
  0x0000020c2b88bf60 GCTaskThread "GC Thread#6" [stack: 0x000000c9b2200000,0x000000c9b2300000] [id=17280]
  0x0000020c2b88c220 GCTaskThread "GC Thread#7" [stack: 0x000000c9b2300000,0x000000c9b2400000] [id=7156]
  0x0000020c0ed10de0 ConcurrentGCThread "G1 Main Marker" [stack: 0x000000c9b0100000,0x000000c9b0200000] [id=8636]
  0x0000020c0ed11800 ConcurrentGCThread "G1 Conc#0" [stack: 0x000000c9b0200000,0x000000c9b0300000] [id=15716]
  0x0000020c2b88c7a0 ConcurrentGCThread "G1 Conc#1" [stack: 0x000000c9b2400000,0x000000c9b2500000] [id=3036]
  0x0000020c0ed7d580 ConcurrentGCThread "G1 Refine#0" [stack: 0x000000c9b0300000,0x000000c9b0400000] [id=5144]
  0x0000020c2e9713b0 ConcurrentGCThread "G1 Refine#1" [stack: 0x000000c9b2f00000,0x000000c9b3000000] [id=6552]
  0x0000020c0ed7dfb0 ConcurrentGCThread "G1 Service" [stack: 0x000000c9b0400000,0x000000c9b0500000] [id=10912]

Threads with active compile tasks:
C2 CompilerThread0     5004 3542   !   4       java.net.URLClassLoader$1::run (81 bytes)
C2 CompilerThread1     5004 3541       4       java.net.URLClassLoader$1::run (5 bytes)

VM state: not at safepoint (normal execution)

VM Mutex/Monitor currently owned by a thread: None

Heap address: 0x00000000c0000000, size: 1024 MB, Compressed Oops mode: 32-bit

CDS archive(s) not mapped
Compressed class space mapped at: 0x0000000100000000-0x0000000140000000, reserved size: 1073741824
Narrow klass base: 0x0000000000000000, Narrow klass shift: 3, Narrow klass range: 0x140000000

GC Precious Log:
 CPUs: 8 total, 8 available
 Memory: 7882M
 Large Page Support: Disabled
 NUMA Support: Disabled
 Compressed Oops: Enabled (32-bit)
 Heap Region Size: 1M
 Heap Min Capacity: 8M
 Heap Initial Capacity: 124M
 Heap Max Capacity: 1G
 Pre-touch: Disabled
 Parallel Workers: 8
 Concurrent Workers: 2
 Concurrent Refinement Workers: 8
 Periodic GC: Disabled

Heap:
 garbage-first heap   total 82944K, used 32496K [0x00000000c0000000, 0x0000000100000000)
  region size 1024K, 6 young (6144K), 2 survivors (2048K)
 Metaspace       used 41961K, committed 42368K, reserved 1114112K
  class space    used 5589K, committed 5760K, reserved 1048576K

Heap Regions: E=young(eden), S=young(survivor), O=old, HS=humongous(starts), HC=humongous(continues), CS=collection set, F=free, OA=open archive, CA=closed archive, TAMS=top-at-mark-start (previous, next)
|   0|0x00000000c0000000, 0x00000000c0100000, 0x00000000c0100000|100%|HS|  |TAMS 0x00000000c0100000, 0x00000000c0000000| Complete 
|   1|0x00000000c0100000, 0x00000000c0200000, 0x00000000c0200000|100%|HC|  |TAMS 0x00000000c0200000, 0x00000000c0100000| Complete 
|   2|0x00000000c0200000, 0x00000000c0300000, 0x00000000c0300000|100%|HC|  |TAMS 0x00000000c0300000, 0x00000000c0200000| Complete 
|   3|0x00000000c0300000, 0x00000000c0400000, 0x00000000c0400000|100%|HC|  |TAMS 0x00000000c0400000, 0x00000000c0300000| Complete 
|   4|0x00000000c0400000, 0x00000000c0500000, 0x00000000c0500000|100%| O|  |TAMS 0x00000000c0500000, 0x00000000c0400000| Untracked 
|   5|0x00000000c0500000, 0x00000000c0600000, 0x00000000c0600000|100%| O|  |TAMS 0x00000000c0600000, 0x00000000c0500000| Untracked 
|   6|0x00000000c0600000, 0x00000000c0700000, 0x00000000c0700000|100%| O|  |TAMS 0x00000000c0700000, 0x00000000c0600000| Untracked 
|   7|0x00000000c0700000, 0x00000000c0800000, 0x00000000c0800000|100%| O|  |TAMS 0x00000000c0800000, 0x00000000c0700000| Untracked 
|   8|0x00000000c0800000, 0x00000000c0900000, 0x00000000c0900000|100%| O|  |TAMS 0x00000000c0900000, 0x00000000c0800000| Untracked 
|   9|0x00000000c0900000, 0x00000000c0a00000, 0x00000000c0a00000|100%| O|  |TAMS 0x00000000c0a00000, 0x00000000c0900000| Untracked 
|  10|0x00000000c0a00000, 0x00000000c0a68400, 0x00000000c0b00000| 40%| O|  |TAMS 0x00000000c0a68400, 0x00000000c0a00000| Untracked 
|  11|0x00000000c0b00000, 0x00000000c0c00000, 0x00000000c0c00000|100%| O|  |TAMS 0x00000000c0c00000, 0x00000000c0b00000| Untracked 
|  12|0x00000000c0c00000, 0x00000000c0d00000, 0x00000000c0d00000|100%| O|  |TAMS 0x00000000c0d00000, 0x00000000c0c00000| Untracked 
|  13|0x00000000c0d00000, 0x00000000c0e00000, 0x00000000c0e00000|100%| O|  |TAMS 0x00000000c0e00000, 0x00000000c0d00000| Untracked 
|  14|0x00000000c0e00000, 0x00000000c0f00000, 0x00000000c0f00000|100%| O|  |TAMS 0x00000000c0f00000, 0x00000000c0e00000| Untracked 
|  15|0x00000000c0f00000, 0x00000000c1000000, 0x00000000c1000000|100%| O|  |TAMS 0x00000000c1000000, 0x00000000c0f00000| Untracked 
|  16|0x00000000c1000000, 0x00000000c1100000, 0x00000000c1100000|100%| O|  |TAMS 0x00000000c1100000, 0x00000000c1000000| Untracked 
|  17|0x00000000c1100000, 0x00000000c1200000, 0x00000000c1200000|100%| O|  |TAMS 0x00000000c1200000, 0x00000000c1100000| Untracked 
|  18|0x00000000c1200000, 0x00000000c1300000, 0x00000000c1300000|100%| O|  |TAMS 0x00000000c1300000, 0x00000000c1200000| Untracked 
|  19|0x00000000c1300000, 0x00000000c1400000, 0x00000000c1400000|100%| O|  |TAMS 0x00000000c1400000, 0x00000000c1300000| Untracked 
|  20|0x00000000c1400000, 0x00000000c1500000, 0x00000000c1500000|100%| O|  |TAMS 0x00000000c1484600, 0x00000000c1400000| Untracked 
|  21|0x00000000c1500000, 0x00000000c1600000, 0x00000000c1600000|100%| O|  |TAMS 0x00000000c1500000, 0x00000000c1500000| Untracked 
|  22|0x00000000c1600000, 0x00000000c1700000, 0x00000000c1700000|100%| O|  |TAMS 0x00000000c1600000, 0x00000000c1600000| Untracked 
|  23|0x00000000c1700000, 0x00000000c1800000, 0x00000000c1800000|100%| O|  |TAMS 0x00000000c1700000, 0x00000000c1700000| Untracked 
|  24|0x00000000c1800000, 0x00000000c1900000, 0x00000000c1900000|100%| O|  |TAMS 0x00000000c1800000, 0x00000000c1800000| Untracked 
|  25|0x00000000c1900000, 0x00000000c1a00000, 0x00000000c1a00000|100%| O|  |TAMS 0x00000000c1900000, 0x00000000c1900000| Untracked 
|  26|0x00000000c1a00000, 0x00000000c1b00000, 0x00000000c1b00000|100%| O|  |TAMS 0x00000000c1a00000, 0x00000000c1a00000| Untracked 
|  27|0x00000000c1b00000, 0x00000000c1b6e400, 0x00000000c1c00000| 43%| O|  |TAMS 0x00000000c1b00000, 0x00000000c1b00000| Untracked 
|  28|0x00000000c1c00000, 0x00000000c1c00000, 0x00000000c1d00000|  0%| F|  |TAMS 0x00000000c1c00000, 0x00000000c1c00000| Untracked 
|  29|0x00000000c1d00000, 0x00000000c1d00000, 0x00000000c1e00000|  0%| F|  |TAMS 0x00000000c1d00000, 0x00000000c1d00000| Untracked 
|  30|0x00000000c1e00000, 0x00000000c1e00000, 0x00000000c1f00000|  0%| F|  |TAMS 0x00000000c1e00000, 0x00000000c1e00000| Untracked 
|  31|0x00000000c1f00000, 0x00000000c1f00000, 0x00000000c2000000|  0%| F|  |TAMS 0x00000000c1f00000, 0x00000000c1f00000| Untracked 
|  32|0x00000000c2000000, 0x00000000c2000000, 0x00000000c2100000|  0%| F|  |TAMS 0x00000000c2000000, 0x00000000c2000000| Untracked 
|  33|0x00000000c2100000, 0x00000000c2100000, 0x00000000c2200000|  0%| F|  |TAMS 0x00000000c2100000, 0x00000000c2100000| Untracked 
|  34|0x00000000c2200000, 0x00000000c2200000, 0x00000000c2300000|  0%| F|  |TAMS 0x00000000c2200000, 0x00000000c2200000| Untracked 
|  35|0x00000000c2300000, 0x00000000c2300000, 0x00000000c2400000|  0%| F|  |TAMS 0x00000000c2300000, 0x00000000c2300000| Untracked 
|  36|0x00000000c2400000, 0x00000000c2400000, 0x00000000c2500000|  0%| F|  |TAMS 0x00000000c2400000, 0x00000000c2400000| Untracked 
|  37|0x00000000c2500000, 0x00000000c2500000, 0x00000000c2600000|  0%| F|  |TAMS 0x00000000c2500000, 0x00000000c2500000| Untracked 
|  38|0x00000000c2600000, 0x00000000c2600000, 0x00000000c2700000|  0%| F|  |TAMS 0x00000000c2600000, 0x00000000c2600000| Untracked 
|  39|0x00000000c2700000, 0x00000000c2700000, 0x00000000c2800000|  0%| F|  |TAMS 0x00000000c2700000, 0x00000000c2700000| Untracked 
|  40|0x00000000c2800000, 0x00000000c2800000, 0x00000000c2900000|  0%| F|  |TAMS 0x00000000c2800000, 0x00000000c2800000| Untracked 
|  41|0x00000000c2900000, 0x00000000c29e58c0, 0x00000000c2a00000| 89%| S|CS|TAMS 0x00000000c2900000, 0x00000000c2900000| Complete 
|  42|0x00000000c2a00000, 0x00000000c2b00000, 0x00000000c2b00000|100%| S|CS|TAMS 0x00000000c2a00000, 0x00000000c2a00000| Complete 
|  43|0x00000000c2b00000, 0x00000000c2b00000, 0x00000000c2c00000|  0%| F|  |TAMS 0x00000000c2b00000, 0x00000000c2b00000| Untracked 
|  44|0x00000000c2c00000, 0x00000000c2c00000, 0x00000000c2d00000|  0%| F|  |TAMS 0x00000000c2c00000, 0x00000000c2c00000| Untracked 
|  45|0x00000000c2d00000, 0x00000000c2d00000, 0x00000000c2e00000|  0%| F|  |TAMS 0x00000000c2d00000, 0x00000000c2d00000| Untracked 
|  46|0x00000000c2e00000, 0x00000000c2e00000, 0x00000000c2f00000|  0%| F|  |TAMS 0x00000000c2e00000, 0x00000000c2e00000| Untracked 
|  47|0x00000000c2f00000, 0x00000000c2f00000, 0x00000000c3000000|  0%| F|  |TAMS 0x00000000c2f00000, 0x00000000c2f00000| Untracked 
|  48|0x00000000c3000000, 0x00000000c3000000, 0x00000000c3100000|  0%| F|  |TAMS 0x00000000c3000000, 0x00000000c3000000| Untracked 
|  49|0x00000000c3100000, 0x00000000c3100000, 0x00000000c3200000|  0%| F|  |TAMS 0x00000000c3100000, 0x00000000c3100000| Untracked 
|  50|0x00000000c3200000, 0x00000000c3200000, 0x00000000c3300000|  0%| F|  |TAMS 0x00000000c3200000, 0x00000000c3200000| Untracked 
|  51|0x00000000c3300000, 0x00000000c3300000, 0x00000000c3400000|  0%| F|  |TAMS 0x00000000c3300000, 0x00000000c3300000| Untracked 
|  52|0x00000000c3400000, 0x00000000c3400000, 0x00000000c3500000|  0%| F|  |TAMS 0x00000000c3400000, 0x00000000c3400000| Untracked 
|  53|0x00000000c3500000, 0x00000000c3500000, 0x00000000c3600000|  0%| F|  |TAMS 0x00000000c3500000, 0x00000000c3500000| Untracked 
|  54|0x00000000c3600000, 0x00000000c3600000, 0x00000000c3700000|  0%| F|  |TAMS 0x00000000c3600000, 0x00000000c3600000| Untracked 
|  55|0x00000000c3700000, 0x00000000c3700000, 0x00000000c3800000|  0%| F|  |TAMS 0x00000000c3700000, 0x00000000c3700000| Untracked 
|  56|0x00000000c3800000, 0x00000000c3800000, 0x00000000c3900000|  0%| F|  |TAMS 0x00000000c3800000, 0x00000000c3800000| Untracked 
|  57|0x00000000c3900000, 0x00000000c3900000, 0x00000000c3a00000|  0%| F|  |TAMS 0x00000000c3900000, 0x00000000c3900000| Untracked 
|  58|0x00000000c3a00000, 0x00000000c3a00000, 0x00000000c3b00000|  0%| F|  |TAMS 0x00000000c3a00000, 0x00000000c3a00000| Untracked 
|  59|0x00000000c3b00000, 0x00000000c3b00000, 0x00000000c3c00000|  0%| F|  |TAMS 0x00000000c3b00000, 0x00000000c3b00000| Untracked 
|  60|0x00000000c3c00000, 0x00000000c3c00000, 0x00000000c3d00000|  0%| F|  |TAMS 0x00000000c3c00000, 0x00000000c3c00000| Untracked 
|  61|0x00000000c3d00000, 0x00000000c3d00000, 0x00000000c3e00000|  0%| F|  |TAMS 0x00000000c3d00000, 0x00000000c3d00000| Untracked 
|  62|0x00000000c3e00000, 0x00000000c3e00000, 0x00000000c3f00000|  0%| F|  |TAMS 0x00000000c3e00000, 0x00000000c3e00000| Untracked 
|  63|0x00000000c3f00000, 0x00000000c3f00000, 0x00000000c4000000|  0%| F|  |TAMS 0x00000000c3f00000, 0x00000000c3f00000| Untracked 
|  64|0x00000000c4000000, 0x00000000c4000000, 0x00000000c4100000|  0%| F|  |TAMS 0x00000000c4000000, 0x00000000c4000000| Untracked 
|  65|0x00000000c4100000, 0x00000000c4100000, 0x00000000c4200000|  0%| F|  |TAMS 0x00000000c4100000, 0x00000000c4100000| Untracked 
|  66|0x00000000c4200000, 0x00000000c4200000, 0x00000000c4300000|  0%| F|  |TAMS 0x00000000c4200000, 0x00000000c4200000| Untracked 
|  67|0x00000000c4300000, 0x00000000c4300000, 0x00000000c4400000|  0%| F|  |TAMS 0x00000000c4300000, 0x00000000c4300000| Untracked 
|  68|0x00000000c4400000, 0x00000000c4400000, 0x00000000c4500000|  0%| F|  |TAMS 0x00000000c4400000, 0x00000000c4400000| Untracked 
|  69|0x00000000c4500000, 0x00000000c4500000, 0x00000000c4600000|  0%| F|  |TAMS 0x00000000c4500000, 0x00000000c4500000| Untracked 
|  70|0x00000000c4600000, 0x00000000c4600000, 0x00000000c4700000|  0%| F|  |TAMS 0x00000000c4600000, 0x00000000c4600000| Untracked 
|  71|0x00000000c4700000, 0x00000000c4700000, 0x00000000c4800000|  0%| F|  |TAMS 0x00000000c4700000, 0x00000000c4700000| Untracked 
|  72|0x00000000c4800000, 0x00000000c4800000, 0x00000000c4900000|  0%| F|  |TAMS 0x00000000c4800000, 0x00000000c4800000| Untracked 
|  73|0x00000000c4900000, 0x00000000c4900000, 0x00000000c4a00000|  0%| F|  |TAMS 0x00000000c4900000, 0x00000000c4900000| Untracked 
|  74|0x00000000c4a00000, 0x00000000c4a00000, 0x00000000c4b00000|  0%| F|  |TAMS 0x00000000c4a00000, 0x00000000c4a00000| Untracked 
|  75|0x00000000c4b00000, 0x00000000c4b00000, 0x00000000c4c00000|  0%| F|  |TAMS 0x00000000c4b00000, 0x00000000c4b00000| Untracked 
|  76|0x00000000c4c00000, 0x00000000c4c00000, 0x00000000c4d00000|  0%| F|  |TAMS 0x00000000c4c00000, 0x00000000c4c00000| Untracked 
|  77|0x00000000c4d00000, 0x00000000c4d1f958, 0x00000000c4e00000| 12%| E|  |TAMS 0x00000000c4d00000, 0x00000000c4d00000| Complete 
|  78|0x00000000c4e00000, 0x00000000c4f00000, 0x00000000c4f00000|100%| E|CS|TAMS 0x00000000c4e00000, 0x00000000c4e00000| Complete 
|  79|0x00000000c4f00000, 0x00000000c5000000, 0x00000000c5000000|100%| E|CS|TAMS 0x00000000c4f00000, 0x00000000c4f00000| Complete 
| 123|0x00000000c7b00000, 0x00000000c7c00000, 0x00000000c7c00000|100%| E|CS|TAMS 0x00000000c7b00000, 0x00000000c7b00000| Complete 

Card table byte_map: [0x0000020c216d0000,0x0000020c218d0000] _byte_map_base: 0x0000020c210d0000

Marking Bits (Prev, Next): (CMBitMap*) 0x0000020c0ed07ca0, (CMBitMap*) 0x0000020c0ed07ce0
 Prev Bits: [0x0000020c21ad0000, 0x0000020c22ad0000)
 Next Bits: [0x0000020c22ad0000, 0x0000020c23ad0000)

Polling page: 0x0000020c0ce50000

Metaspace:

Usage:
  Non-class:     35.60 MB used.
      Class:      5.46 MB used.
       Both:     41.06 MB used.

Virtual space:
  Non-class space:       64.00 MB reserved,      35.81 MB ( 56%) committed,  1 nodes.
      Class space:        1.00 GB reserved,       5.62 MB ( <1%) committed,  1 nodes.
             Both:        1.06 GB reserved,      41.44 MB (  4%) committed. 

Chunk freelists:
   Non-Class:  11.50 MB
       Class:  10.39 MB
        Both:  21.89 MB

MaxMetaspaceSize: unlimited
CompressedClassSpaceSize: 1.00 GB
Initial GC threshold: 21.00 MB
Current GC threshold: 59.06 MB
CDS: off
MetaspaceReclaimPolicy: balanced
 - commit_granule_bytes: 65536.
 - commit_granule_words: 8192.
 - virtual_space_node_default_size: 8388608.
 - enlarge_chunks_in_place: 1.
 - new_chunks_are_fully_committed: 0.
 - uncommit_free_chunks: 1.
 - use_allocation_guard: 0.
 - handle_deallocations: 1.


Internal statistics:

num_allocs_failed_limit: 6.
num_arena_births: 424.
num_arena_deaths: 0.
num_vsnodes_births: 2.
num_vsnodes_deaths: 0.
num_space_committed: 663.
num_space_uncommitted: 0.
num_chunks_returned_to_freelist: 6.
num_chunks_taken_from_freelist: 1580.
num_chunk_merges: 6.
num_chunk_splits: 1070.
num_chunks_enlarged: 777.
num_inconsistent_stats: 0.

CodeHeap 'non-profiled nmethods': size=120000Kb used=1918Kb max_used=1918Kb free=118081Kb
 bounds [0x0000020c19c70000, 0x0000020c19ee0000, 0x0000020c211a0000]
CodeHeap 'profiled nmethods': size=120000Kb used=7461Kb max_used=7461Kb free=112538Kb
 bounds [0x0000020c121a0000, 0x0000020c128f0000, 0x0000020c196d0000]
CodeHeap 'non-nmethods': size=5760Kb used=1603Kb max_used=1656Kb free=4156Kb
 bounds [0x0000020c196d0000, 0x0000020c19940000, 0x0000020c19c70000]
 total_blobs=4306 nmethods=3650 adapters=568
 compilation: enabled
              stopped_count=0, restarted_count=0
 full_count=0

Compilation events (20 events):
Event: 4.952 Thread 0x0000020c2678fb30 3651   !   2       java.util.AbstractList$Itr::next (46 bytes)
Event: 4.953 Thread 0x0000020c2678fb30 nmethod 3651 0x0000020c128da190 code [0x0000020c128da380, 0x0000020c128da738]
Event: 4.953 Thread 0x0000020c2678fb30 3650       2       java.util.AbstractList$Itr::hasNext (20 bytes)
Event: 4.953 Thread 0x0000020c2678fb30 nmethod 3650 0x0000020c128da990 code [0x0000020c128dab20, 0x0000020c128dac68]
Event: 4.955 Thread 0x0000020c2678fb30 3652       2       java.util.AbstractCollection::addAll (42 bytes)
Event: 4.956 Thread 0x0000020c2678fb30 nmethod 3652 0x0000020c128dad10 code [0x0000020c128daee0, 0x0000020c128db118]
Event: 4.956 Thread 0x0000020c2678fb30 3653       3       org.gradle.internal.classpath.DefaultClassPath::plus (57 bytes)
Event: 4.956 Thread 0x0000020c2678fb30 nmethod 3653 0x0000020c128db290 code [0x0000020c128db580, 0x0000020c128dc858]
Event: 4.958 Thread 0x0000020c2678fb30 3657       3       java.util.HashMap::prepareArray (38 bytes)
Event: 4.958 Thread 0x0000020c2678fb30 nmethod 3657 0x0000020c128dcd10 code [0x0000020c128dcf00, 0x0000020c128dd4d8]
Event: 4.960 Thread 0x0000020c2678fb30 3658       2       java.lang.String$CaseInsensitiveComparator::compare (68 bytes)
Event: 4.961 Thread 0x0000020c2678fb30 nmethod 3658 0x0000020c128dd690 code [0x0000020c128dd860, 0x0000020c128dda98]
Event: 4.965 Thread 0x0000020c2678fb30 3660       3       jdk.internal.loader.URLClassPath$JarLoader::findResource (18 bytes)
Event: 4.965 Thread 0x0000020c2678fb30 nmethod 3660 0x0000020c128ddc10 code [0x0000020c128dddc0, 0x0000020c128de018]
Event: 4.974 Thread 0x0000020c2678fb30 3661       3       jdk.internal.org.objectweb.asm.Type::getObjectType (31 bytes)
Event: 4.975 Thread 0x0000020c2678fb30 nmethod 3661 0x0000020c128de110 code [0x0000020c128de340, 0x0000020c128deb78]
Event: 4.975 Thread 0x0000020c2678fb30 3662       3       java.io.File::getName (42 bytes)
Event: 4.976 Thread 0x0000020c2678fb30 nmethod 3662 0x0000020c128def10 code [0x0000020c128df160, 0x0000020c128df998]
Event: 4.978 Thread 0x0000020c2678fb30 3663       3       org.gradle.api.internal.classpath.DefaultModuleRegistry::findJar (192 bytes)
Event: 4.979 Thread 0x0000020c2678fb30 nmethod 3663 0x0000020c128dfd10 code [0x0000020c128e00a0, 0x0000020c128e14a8]

GC Heap History (18 events):
Event: 0.953 GC heap before
{Heap before GC invocations=0 (full 0):
 garbage-first heap   total 126976K, used 26624K [0x00000000c0000000, 0x0000000100000000)
  region size 1024K, 23 young (23552K), 0 survivors (0K)
 Metaspace       used 10505K, committed 10624K, reserved 1114112K
  class space    used 1093K, committed 1152K, reserved 1048576K
}
Event: 0.963 GC heap after
{Heap after GC invocations=1 (full 0):
 garbage-first heap   total 126976K, used 10784K [0x00000000c0000000, 0x0000000100000000)
  region size 1024K, 3 young (3072K), 3 survivors (3072K)
 Metaspace       used 10505K, committed 10624K, reserved 1114112K
  class space    used 1093K, committed 1152K, reserved 1048576K
}
Event: 1.278 GC heap before
{Heap before GC invocations=1 (full 0):
 garbage-first heap   total 126976K, used 37408K [0x00000000c0000000, 0x0000000100000000)
  region size 1024K, 29 young (29696K), 3 survivors (3072K)
 Metaspace       used 11468K, committed 11648K, reserved 1114112K
  class space    used 1199K, committed 1280K, reserved 1048576K
}
Event: 1.283 GC heap after
{Heap after GC invocations=2 (full 0):
 garbage-first heap   total 126976K, used 11439K [0x00000000c0000000, 0x0000000100000000)
  region size 1024K, 1 young (1024K), 1 survivors (1024K)
 Metaspace       used 11468K, committed 11648K, reserved 1114112K
  class space    used 1199K, committed 1280K, reserved 1048576K
}
Event: 2.474 GC heap before
{Heap before GC invocations=2 (full 0):
 garbage-first heap   total 126976K, used 58543K [0x00000000c0000000, 0x0000000100000000)
  region size 1024K, 48 young (49152K), 1 survivors (1024K)
 Metaspace       used 21324K, committed 21504K, reserved 1114112K
  class space    used 2524K, committed 2624K, reserved 1048576K
}
Event: 2.481 GC heap after
{Heap after GC invocations=3 (full 0):
 garbage-first heap   total 126976K, used 18832K [0x00000000c0000000, 0x0000000100000000)
  region size 1024K, 8 young (8192K), 8 survivors (8192K)
 Metaspace       used 21324K, committed 21504K, reserved 1114112K
  class space    used 2524K, committed 2624K, reserved 1048576K
}
Event: 3.134 GC heap before
{Heap before GC invocations=4 (full 0):
 garbage-first heap   total 68608K, used 50576K [0x00000000c0000000, 0x0000000100000000)
  region size 1024K, 40 young (40960K), 8 survivors (8192K)
 Metaspace       used 26438K, committed 26688K, reserved 1114112K
  class space    used 3405K, committed 3520K, reserved 1048576K
}
Event: 3.141 GC heap after
{Heap after GC invocations=5 (full 0):
 garbage-first heap   total 68608K, used 20785K [0x00000000c0000000, 0x0000000100000000)
  region size 1024K, 3 young (3072K), 3 survivors (3072K)
 Metaspace       used 26438K, committed 26688K, reserved 1114112K
  class space    used 3405K, committed 3520K, reserved 1048576K
}
Event: 3.589 GC heap before
{Heap before GC invocations=5 (full 0):
 garbage-first heap   total 68608K, used 47409K [0x00000000c0000000, 0x0000000100000000)
  region size 1024K, 29 young (29696K), 3 survivors (3072K)
 Metaspace       used 30033K, committed 30336K, reserved 1114112K
  class space    used 4014K, committed 4160K, reserved 1048576K
}
Event: 3.593 GC heap after
{Heap after GC invocations=6 (full 0):
 garbage-first heap   total 68608K, used 21992K [0x00000000c0000000, 0x0000000100000000)
  region size 1024K, 4 young (4096K), 4 survivors (4096K)
 Metaspace       used 30033K, committed 30336K, reserved 1114112K
  class space    used 4014K, committed 4160K, reserved 1048576K
}
Event: 4.070 GC heap before
{Heap before GC invocations=6 (full 0):
 garbage-first heap   total 68608K, used 48616K [0x00000000c0000000, 0x0000000100000000)
  region size 1024K, 30 young (30720K), 4 survivors (4096K)
 Metaspace       used 33353K, committed 33664K, reserved 1114112K
  class space    used 4541K, committed 4672K, reserved 1048576K
}
Event: 4.076 GC heap after
{Heap after GC invocations=7 (full 0):
 garbage-first heap   total 68608K, used 23253K [0x00000000c0000000, 0x0000000100000000)
  region size 1024K, 3 young (3072K), 3 survivors (3072K)
 Metaspace       used 33353K, committed 33664K, reserved 1114112K
  class space    used 4541K, committed 4672K, reserved 1048576K
}
Event: 4.354 GC heap before
{Heap before GC invocations=7 (full 0):
 garbage-first heap   total 68608K, used 37589K [0x00000000c0000000, 0x0000000100000000)
  region size 1024K, 18 young (18432K), 3 survivors (3072K)
 Metaspace       used 35847K, committed 36160K, reserved 1114112K
  class space    used 4903K, committed 5056K, reserved 1048576K
}
Event: 4.357 GC heap after
{Heap after GC invocations=8 (full 0):
 garbage-first heap   total 68608K, used 24071K [0x00000000c0000000, 0x0000000100000000)
  region size 1024K, 2 young (2048K), 2 survivors (2048K)
 Metaspace       used 35847K, committed 36160K, reserved 1114112K
  class space    used 4903K, committed 5056K, reserved 1048576K
}
Event: 4.785 GC heap before
{Heap before GC invocations=9 (full 0):
 garbage-first heap   total 68608K, used 50695K [0x00000000c0000000, 0x0000000100000000)
  region size 1024K, 29 young (29696K), 2 survivors (2048K)
 Metaspace       used 40938K, committed 41280K, reserved 1114112K
  class space    used 5423K, committed 5568K, reserved 1048576K
}
Event: 4.789 GC heap after
{Heap after GC invocations=10 (full 0):
 garbage-first heap   total 68608K, used 27442K [0x00000000c0000000, 0x0000000100000000)
  region size 1024K, 4 young (4096K), 4 survivors (4096K)
 Metaspace       used 40938K, committed 41280K, reserved 1114112K
  class space    used 5423K, committed 5568K, reserved 1048576K
}
Event: 4.969 GC heap before
{Heap before GC invocations=10 (full 0):
 garbage-first heap   total 68608K, used 52018K [0x00000000c0000000, 0x0000000100000000)
  region size 1024K, 28 young (28672K), 4 survivors (4096K)
 Metaspace       used 41905K, committed 42304K, reserved 1114112K
  class space    used 5583K, committed 5760K, reserved 1048576K
}
Event: 4.973 GC heap after
{Heap after GC invocations=11 (full 0):
 garbage-first heap   total 82944K, used 29424K [0x00000000c0000000, 0x0000000100000000)
  region size 1024K, 2 young (2048K), 2 survivors (2048K)
 Metaspace       used 41905K, committed 42304K, reserved 1114112K
  class space    used 5583K, committed 5760K, reserved 1048576K
}

Dll operation events (3 events):
Event: 0.012 Loaded shared library C:\Program Files\Android\Android Studio\jbr\bin\java.dll
Event: 0.183 Loaded shared library C:\Program Files\Android\Android Studio\jbr\bin\zip.dll
Event: 0.630 Loaded shared library C:\Program Files\Android\Android Studio\jbr\bin\verify.dll

Deoptimization events (20 events):
Event: 4.748 Thread 0x0000020c2cb35100 Uncommon trap: trap_request=0xffffff45 fr.pc=0x0000020c19d69f00 relative=0x00000000000000e0
Event: 4.748 Thread 0x0000020c2cb35100 Uncommon trap: reason=unstable_if action=reinterpret pc=0x0000020c19d69f00 method=java.lang.ClassLoader.getClassLoadingLock(Ljava/lang/String;)Ljava/lang/Object; @ 6 c2
Event: 4.748 Thread 0x0000020c2cb35100 DEOPT PACKING pc=0x0000020c19d69f00 sp=0x000000c9b1df90f0
Event: 4.748 Thread 0x0000020c2cb35100 DEOPT UNPACKING pc=0x0000020c1972a1a3 sp=0x000000c9b1df9090 mode 2
Event: 4.821 Thread 0x0000020c2cb35100 Uncommon trap: trap_request=0xffffffbe fr.pc=0x0000020c19d50550 relative=0x0000000000000250
Event: 4.821 Thread 0x0000020c2cb35100 Uncommon trap: reason=profile_predicate action=maybe_recompile pc=0x0000020c19d50550 method=java.util.AbstractCollection.addAll(Ljava/util/Collection;)Z @ 15 c2
Event: 4.821 Thread 0x0000020c2cb35100 DEOPT PACKING pc=0x0000020c19d50550 sp=0x000000c9b1dfa6c0
Event: 4.821 Thread 0x0000020c2cb35100 DEOPT UNPACKING pc=0x0000020c1972a1a3 sp=0x000000c9b1dfa658 mode 2
Event: 4.899 Thread 0x0000020c2cb35100 Uncommon trap: trap_request=0xffffff45 fr.pc=0x0000020c19d8d9c8 relative=0x00000000000071e8
Event: 4.899 Thread 0x0000020c2cb35100 Uncommon trap: reason=unstable_if action=reinterpret pc=0x0000020c19d8d9c8 method=jdk.internal.org.objectweb.asm.Frame.execute(IILjdk/internal/org/objectweb/asm/Symbol;Ljdk/internal/org/objectweb/asm/SymbolTable;)V @ 1 c2
Event: 4.899 Thread 0x0000020c2cb35100 DEOPT PACKING pc=0x0000020c19d8d9c8 sp=0x000000c9b1df9d00
Event: 4.899 Thread 0x0000020c2cb35100 DEOPT UNPACKING pc=0x0000020c1972a1a3 sp=0x000000c9b1df9cb8 mode 2
Event: 4.952 Thread 0x0000020c2cb35100 Uncommon trap: trap_request=0xffffffbe fr.pc=0x0000020c19d50550 relative=0x0000000000000250
Event: 4.952 Thread 0x0000020c2cb35100 Uncommon trap: reason=profile_predicate action=maybe_recompile pc=0x0000020c19d50550 method=java.util.AbstractCollection.addAll(Ljava/util/Collection;)Z @ 15 c2
Event: 4.952 Thread 0x0000020c2cb35100 DEOPT PACKING pc=0x0000020c19d50550 sp=0x000000c9b1df9620
Event: 4.952 Thread 0x0000020c2cb35100 DEOPT UNPACKING pc=0x0000020c1972a1a3 sp=0x000000c9b1df95b8 mode 2
Event: 4.965 Thread 0x0000020c2cb35100 DEOPT PACKING pc=0x0000020c127f3dd9 sp=0x000000c9b1df9420
Event: 4.965 Thread 0x0000020c2cb35100 DEOPT UNPACKING pc=0x0000020c1972ace3 sp=0x000000c9b1df8910 mode 0
Event: 4.966 Thread 0x0000020c2cb35100 DEOPT PACKING pc=0x0000020c126d1e4e sp=0x000000c9b1df9450
Event: 4.966 Thread 0x0000020c2cb35100 DEOPT UNPACKING pc=0x0000020c1972ace3 sp=0x000000c9b1df8918 mode 0

Classes unloaded (0 events):
No events

Classes redefined (0 events):
No events

Internal exceptions (20 events):
Event: 4.819 Thread 0x0000020c2cb35100 Exception <a 'java/lang/ClassNotFoundException'{0x00000000c44f4928}: groovy/lang/GroovyObjectSupportCustomizer> (0x00000000c44f4928) 
thrown [s\src\hotspot\share\classfile\systemDictionary.cpp, line 256]
Event: 4.821 Thread 0x0000020c2cb35100 Exception <a 'java/lang/ClassNotFoundException'{0x00000000c390e458}: org/gradle/internal/extensibility/DefaultExtraPropertiesExtensionCustomizer> (0x00000000c390e458) 
thrown [s\src\hotspot\share\classfile\systemDictionary.cpp, line 256]
Event: 4.839 Thread 0x0000020c2cb35100 Exception <a 'sun/nio/fs/WindowsException'{0x00000000c3955590}> (0x00000000c3955590) 
thrown [s\src\hotspot\share\prims\jni.cpp, line 517]
Event: 4.840 Thread 0x0000020c2cb35100 Exception <a 'sun/nio/fs/WindowsException'{0x00000000c3956b50}> (0x00000000c3956b50) 
thrown [s\src\hotspot\share\prims\jni.cpp, line 517]
Event: 4.841 Thread 0x0000020c2cb35100 Exception <a 'sun/nio/fs/WindowsException'{0x00000000c39580c8}> (0x00000000c39580c8) 
thrown [s\src\hotspot\share\prims\jni.cpp, line 517]
Event: 4.843 Thread 0x0000020c2cb35100 Exception <a 'sun/nio/fs/WindowsException'{0x00000000c3959660}> (0x00000000c3959660) 
thrown [s\src\hotspot\share\prims\jni.cpp, line 517]
Event: 4.864 Thread 0x0000020c2cb35100 Exception <a 'java/lang/NoSuchMethodError'{0x00000000c38666a8}: 'java.lang.Object java.lang.invoke.Invokers$Holder.invoker(java.lang.Object, java.lang.Object, java.lang.Object, java.lang.Object, java.lang.Object, java.lang.Object, java.lang.Object, java.lang.Object, java.lang.Object)'> (0x00000000c38666a8) 
thrown [s\src\hotspot\share\interpreter\linkResolver.cpp, line 771]
Event: 4.876 Thread 0x0000020c2cb35100 Exception <a 'java/lang/NoSuchMethodError'{0x00000000c371aa20}: 'java.lang.Object java.lang.invoke.Invokers$Holder.invoker(java.lang.Object, java.lang.Object, java.lang.Object, java.lang.Object)'> (0x00000000c371aa20) 
thrown [s\src\hotspot\share\interpreter\linkResolver.cpp, line 771]
Event: 4.892 Thread 0x0000020c2cb35100 Exception <a 'java/lang/NoSuchMethodError'{0x00000000c37c7e78}: 'java.lang.Object java.lang.invoke.DelegatingMethodHandle$Holder.reinvoke_L(java.lang.Object, java.lang.Object, java.lang.Object, java.lang.Object, java.lang.Object, java.lang.Object, java.lang.Object, java.lang.Object, java.lang.Object, java.lang.Object, java.lang.Object, java.lang.Object, java.lang.Object, java.lang.Object, java.lang.Object, java.lang.Object, java.lang.Object, java.lang.Object, java.lang.Object, java.lang.Object, java.lang.O
Event: 4.892 Thread 0x0000020c2cb35100 Exception <a 'java/lang/NoSuchMethodError'{0x00000000c37d3a30}: 'java.lang.Object java.lang.invoke.Invokers$Holder.invoker(java.lang.Object, java.lang.Object, java.lang.Object, java.lang.Object, java.lang.Object, java.lang.Object, java.lang.Object, java.lang.Object, java.lang.Object, java.lang.Object, java.lang.Object, java.lang.Object, java.lang.Object, java.lang.Object, java.lang.Object, java.lang.Object, java.lang.Object, java.lang.Object, java.lang.Object, java.lang.Object, java.lang.Object, java.lang.
Event: 4.893 Thread 0x0000020c2cb35100 Exception <a 'java/lang/NoSuchMethodError'{0x00000000c37da638}: 'java.lang.Object java.lang.invoke.DelegatingMethodHandle$Holder.delegate(java.lang.Object, java.lang.Object, java.lang.Object, java.lang.Object, java.lang.Object, java.lang.Object, java.lang.Object, java.lang.Object, java.lang.Object, java.lang.Object, java.lang.Object, java.lang.Object, java.lang.Object, java.lang.Object, java.lang.Object, java.lang.Object, java.lang.Object, java.lang.Object, java.lang.Object, java.lang.Object, java.lang.Obj
Event: 4.900 Thread 0x0000020c2cb35100 Exception <a 'java/lang/NoSuchMethodError'{0x00000000c366d120}: 'java.lang.Object java.lang.invoke.DirectMethodHandle$Holder.invokeStatic(java.lang.Object, java.lang.Object, java.lang.Object, java.lang.Object, java.lang.Object, java.lang.Object, java.lang.Object, java.lang.Object, java.lang.Object, java.lang.Object, java.lang.Object, java.lang.Object, java.lang.Object, java.lang.Object, java.lang.Object, java.lang.Object, java.lang.Object)'> (0x00000000c366d120) 
thrown [s\src\hotspot\share\interpreter\lin
Event: 4.902 Thread 0x0000020c2cb35100 Exception <a 'java/lang/NoSuchMethodError'{0x00000000c369c3b8}: 'java.lang.Object java.lang.invoke.DirectMethodHandle$Holder.invokeStatic(java.lang.Object, java.lang.Object, java.lang.Object, java.lang.Object, java.lang.Object, java.lang.Object, java.lang.Object, java.lang.Object, java.lang.Object, java.lang.Object, java.lang.Object, java.lang.Object, java.lang.Object, java.lang.Object, java.lang.Object, java.lang.Object, java.lang.Object, java.lang.Object)'> (0x00000000c369c3b8) 
thrown [s\src\hotspot\sha
Event: 4.904 Thread 0x0000020c2cb35100 Exception <a 'java/lang/NoSuchMethodError'{0x00000000c36c6770}: 'java.lang.Object java.lang.invoke.DirectMethodHandle$Holder.invokeStatic(java.lang.Object, java.lang.Object, java.lang.Object, java.lang.Object, java.lang.Object, java.lang.Object, java.lang.Object, java.lang.Object, java.lang.Object, java.lang.Object, java.lang.Object, java.lang.Object, java.lang.Object, java.lang.Object, java.lang.Object, java.lang.Object, java.lang.Object, java.lang.Object, java.lang.Object)'> (0x00000000c36c6770) 
thrown 
Event: 4.906 Thread 0x0000020c2cb35100 Exception <a 'java/lang/NoSuchMethodError'{0x00000000c36f19d0}: 'java.lang.Object java.lang.invoke.DirectMethodHandle$Holder.invokeStatic(java.lang.Object, java.lang.Object, java.lang.Object, java.lang.Object, java.lang.Object, java.lang.Object, java.lang.Object, java.lang.Object, java.lang.Object, java.lang.Object, java.lang.Object, java.lang.Object, java.lang.Object, java.lang.Object, java.lang.Object, java.lang.Object, java.lang.Object, java.lang.Object, java.lang.Object, java.lang.Object)'> (0x00000000
Event: 4.907 Thread 0x0000020c2cb35100 Exception <a 'java/lang/NoSuchMethodError'{0x00000000c351dfc0}: 'java.lang.Object java.lang.invoke.DirectMethodHandle$Holder.invokeStatic(java.lang.Object, java.lang.Object, java.lang.Object, java.lang.Object, java.lang.Object, java.lang.Object, java.lang.Object, java.lang.Object, java.lang.Object, java.lang.Object, java.lang.Object, java.lang.Object, java.lang.Object, java.lang.Object, java.lang.Object, java.lang.Object, java.lang.Object, java.lang.Object, java.lang.Object, java.lang.Object, java.lang.Obj
Event: 4.909 Thread 0x0000020c2cb35100 Exception <a 'java/lang/NoSuchMethodError'{0x00000000c354b228}: 'java.lang.Object java.lang.invoke.DirectMethodHandle$Holder.invokeStatic(java.lang.Object, java.lang.Object, java.lang.Object, java.lang.Object, java.lang.Object, java.lang.Object, java.lang.Object, java.lang.Object, java.lang.Object, java.lang.Object, java.lang.Object, java.lang.Object, java.lang.Object, java.lang.Object, java.lang.Object, java.lang.Object, java.lang.Object, java.lang.Object, java.lang.Object, java.lang.Object, java.lang.Obj
Event: 4.910 Thread 0x0000020c2cb35100 Exception <a 'java/lang/NoSuchMethodError'{0x00000000c35790c0}: 'java.lang.Object java.lang.invoke.DirectMethodHandle$Holder.invokeStatic(java.lang.Object, java.lang.Object, java.lang.Object, java.lang.Object, java.lang.Object, java.lang.Object, java.lang.Object, java.lang.Object, java.lang.Object, java.lang.Object, java.lang.Object, java.lang.Object, java.lang.Object, java.lang.Object, java.lang.Object, java.lang.Object, java.lang.Object, java.lang.Object, java.lang.Object, java.lang.Object, java.lang.Obj
Event: 4.912 Thread 0x0000020c2cb35100 Exception <a 'java/lang/NoSuchMethodError'{0x00000000c35a8960}: 'java.lang.Object java.lang.invoke.DirectMethodHandle$Holder.invokeStatic(java.lang.Object, java.lang.Object, java.lang.Object, java.lang.Object, java.lang.Object, java.lang.Object, java.lang.Object, java.lang.Object, java.lang.Object, java.lang.Object, java.lang.Object, java.lang.Object, java.lang.Object, java.lang.Object, java.lang.Object, java.lang.Object, java.lang.Object, java.lang.Object, java.lang.Object, java.lang.Object, java.lang.Obj
Event: 4.914 Thread 0x0000020c2cb35100 Exception <a 'java/lang/NoSuchMethodError'{0x00000000c35d9d18}: 'java.lang.Object java.lang.invoke.DirectMethodHandle$Holder.invokeStatic(java.lang.Object, java.lang.Object, java.lang.Object, java.lang.Object, java.lang.Object, java.lang.Object, java.lang.Object, java.lang.Object, java.lang.Object, java.lang.Object, java.lang.Object, java.lang.Object, java.lang.Object, java.lang.Object, java.lang.Object, java.lang.Object, java.lang.Object, java.lang.Object, java.lang.Object, java.lang.Object, java.lang.Obj

VM Operations (20 events):
Event: 4.506 Executing VM operation: HandshakeAllThreads
Event: 4.506 Executing VM operation: HandshakeAllThreads done
Event: 4.547 Executing VM operation: HandshakeAllThreads
Event: 4.547 Executing VM operation: HandshakeAllThreads done
Event: 4.681 Executing VM operation: HandshakeAllThreads
Event: 4.681 Executing VM operation: HandshakeAllThreads done
Event: 4.681 Executing VM operation: HandshakeAllThreads
Event: 4.681 Executing VM operation: HandshakeAllThreads done
Event: 4.685 Executing VM operation: HandshakeAllThreads
Event: 4.685 Executing VM operation: HandshakeAllThreads done
Event: 4.690 Executing VM operation: HandshakeAllThreads
Event: 4.690 Executing VM operation: HandshakeAllThreads done
Event: 4.702 Executing VM operation: HandshakeAllThreads
Event: 4.702 Executing VM operation: HandshakeAllThreads done
Event: 4.755 Executing VM operation: HandshakeAllThreads
Event: 4.756 Executing VM operation: HandshakeAllThreads done
Event: 4.784 Executing VM operation: G1CollectForAllocation
Event: 4.789 Executing VM operation: G1CollectForAllocation done
Event: 4.968 Executing VM operation: G1CollectForAllocation
Event: 4.973 Executing VM operation: G1CollectForAllocation done

Events (20 events):
Event: 4.898 loading class java/lang/invoke/ClassSpecializer$Factory$1Var
Event: 4.898 loading class java/lang/invoke/ClassSpecializer$Factory$1Var done
Event: 4.901 loading class java/lang/invoke/BoundMethodHandle$Species_LLLLLLLLLLLLLLL
Event: 4.901 loading class java/lang/invoke/BoundMethodHandle$Species_LLLLLLLLLLLLLLL done
Event: 4.903 loading class java/lang/invoke/BoundMethodHandle$Species_LLLLLLLLLLLLLLLL
Event: 4.903 loading class java/lang/invoke/BoundMethodHandle$Species_LLLLLLLLLLLLLLLL done
Event: 4.905 loading class java/lang/invoke/BoundMethodHandle$Species_LLLLLLLLLLLLLLLLL
Event: 4.905 loading class java/lang/invoke/BoundMethodHandle$Species_LLLLLLLLLLLLLLLLL done
Event: 4.907 loading class java/lang/invoke/BoundMethodHandle$Species_LLLLLLLLLLLLLLLLLL
Event: 4.907 loading class java/lang/invoke/BoundMethodHandle$Species_LLLLLLLLLLLLLLLLLL done
Event: 4.908 loading class java/lang/invoke/BoundMethodHandle$Species_LLLLLLLLLLLLLLLLLLL
Event: 4.908 loading class java/lang/invoke/BoundMethodHandle$Species_LLLLLLLLLLLLLLLLLLL done
Event: 4.909 loading class java/lang/invoke/BoundMethodHandle$Species_LLLLLLLLLLLLLLLLLLLL
Event: 4.909 loading class java/lang/invoke/BoundMethodHandle$Species_LLLLLLLLLLLLLLLLLLLL done
Event: 4.911 loading class java/lang/invoke/BoundMethodHandle$Species_LLLLLLLLLLLLLLLLLLLLL
Event: 4.911 loading class java/lang/invoke/BoundMethodHandle$Species_LLLLLLLLLLLLLLLLLLLLL done
Event: 4.913 loading class java/lang/invoke/BoundMethodHandle$Species_LLLLLLLLLLLLLLLLLLLLLL
Event: 4.913 loading class java/lang/invoke/BoundMethodHandle$Species_LLLLLLLLLLLLLLLLLLLLLL done
Event: 4.924 loading class java/util/regex/Pattern$Pos
Event: 4.924 loading class java/util/regex/Pattern$Pos done


Dynamic libraries:
0x00007ff670c40000 - 0x00007ff670c4a000 	C:\Program Files\Android\Android Studio\jbr\bin\java.exe
0x00007ffa8ef50000 - 0x00007ffa8f166000 	C:\WINDOWS\SYSTEM32\ntdll.dll
0x00007ffa8eb50000 - 0x00007ffa8ec14000 	C:\WINDOWS\System32\KERNEL32.DLL
0x00007ffa8c810000 - 0x00007ffa8cbb7000 	C:\WINDOWS\System32\KERNELBASE.dll
0x00007ffa8c430000 - 0x00007ffa8c541000 	C:\WINDOWS\System32\ucrtbase.dll
0x00007ffa6e430000 - 0x00007ffa6e447000 	C:\Program Files\Android\Android Studio\jbr\bin\jli.dll
0x00007ffa6d630000 - 0x00007ffa6d64b000 	C:\Program Files\Android\Android Studio\jbr\bin\VCRUNTIME140.dll
0x00007ffa8ec60000 - 0x00007ffa8ee0e000 	C:\WINDOWS\System32\USER32.dll
0x00007ffa8b4f0000 - 0x00007ffa8b783000 	C:\WINDOWS\WinSxS\amd64_microsoft.windows.common-controls_6595b64144ccf1df_6.0.22621.3235_none_270f74e173860f98\COMCTL32.dll
0x00007ffa8c6c0000 - 0x00007ffa8c6e6000 	C:\WINDOWS\System32\win32u.dll
0x00007ffa8d850000 - 0x00007ffa8d8f7000 	C:\WINDOWS\System32\msvcrt.dll
0x00007ffa8ec30000 - 0x00007ffa8ec59000 	C:\WINDOWS\System32\GDI32.dll
0x00007ffa8c310000 - 0x00007ffa8c429000 	C:\WINDOWS\System32\gdi32full.dll
0x00007ffa8c270000 - 0x00007ffa8c30a000 	C:\WINDOWS\System32\msvcp_win.dll
0x00007ffa8d810000 - 0x00007ffa8d841000 	C:\WINDOWS\System32\IMM32.DLL
0x00007ffa7a780000 - 0x00007ffa7a78c000 	C:\Program Files\Android\Android Studio\jbr\bin\vcruntime140_1.dll
0x00007ffa52030000 - 0x00007ffa520bd000 	C:\Program Files\Android\Android Studio\jbr\bin\msvcp140.dll
0x00007ffa055a0000 - 0x00007ffa06223000 	C:\Program Files\Android\Android Studio\jbr\bin\server\jvm.dll
0x00007ffa8d980000 - 0x00007ffa8da32000 	C:\WINDOWS\System32\ADVAPI32.dll
0x00007ffa8cf80000 - 0x00007ffa8d028000 	C:\WINDOWS\System32\sechost.dll
0x00007ffa8c770000 - 0x00007ffa8c798000 	C:\WINDOWS\System32\bcrypt.dll
0x00007ffa8da40000 - 0x00007ffa8db55000 	C:\WINDOWS\System32\RPCRT4.dll
0x00007ffa7b2d0000 - 0x00007ffa7b2d9000 	C:\WINDOWS\SYSTEM32\WSOCK32.dll
0x00007ffa80d40000 - 0x00007ffa80d74000 	C:\WINDOWS\SYSTEM32\WINMM.dll
0x00007ffa8cc90000 - 0x00007ffa8cd01000 	C:\WINDOWS\System32\WS2_32.dll
0x00007ffa8bb90000 - 0x00007ffa8bbdd000 	C:\WINDOWS\SYSTEM32\POWRPROF.dll
0x00007ffa81be0000 - 0x00007ffa81bea000 	C:\WINDOWS\SYSTEM32\VERSION.dll
0x00007ffa8b8c0000 - 0x00007ffa8b8d3000 	C:\WINDOWS\SYSTEM32\UMPDC.dll
0x00007ffa8a9c0000 - 0x00007ffa8a9d8000 	C:\WINDOWS\SYSTEM32\kernel.appcore.dll
0x00007ffa7a4e0000 - 0x00007ffa7a4ea000 	C:\Program Files\Android\Android Studio\jbr\bin\jimage.dll
0x00007ffa8bbe0000 - 0x00007ffa8be13000 	C:\WINDOWS\SYSTEM32\DBGHELP.DLL
0x00007ffa8d030000 - 0x00007ffa8d3b8000 	C:\WINDOWS\System32\combase.dll
0x00007ffa8d470000 - 0x00007ffa8d547000 	C:\WINDOWS\System32\OLEAUT32.dll
0x00007ffa8ba80000 - 0x00007ffa8bab2000 	C:\WINDOWS\SYSTEM32\dbgcore.DLL
0x00007ffa8c6f0000 - 0x00007ffa8c769000 	C:\WINDOWS\System32\bcryptPrimitives.dll
0x00007ffa72e10000 - 0x00007ffa72e1e000 	C:\Program Files\Android\Android Studio\jbr\bin\instrument.dll
0x00007ffa6e730000 - 0x00007ffa6e755000 	C:\Program Files\Android\Android Studio\jbr\bin\java.dll
0x00007ffa71ed0000 - 0x00007ffa71ee8000 	C:\Program Files\Android\Android Studio\jbr\bin\zip.dll
0x00007ffa8e000000 - 0x00007ffa8e85c000 	C:\WINDOWS\System32\SHELL32.dll
0x00007ffa89750000 - 0x00007ffa8a049000 	C:\WINDOWS\SYSTEM32\windows.storage.dll
0x00007ffa89610000 - 0x00007ffa8974e000 	C:\WINDOWS\SYSTEM32\wintypes.dll
0x00007ffa8e9c0000 - 0x00007ffa8eab3000 	C:\WINDOWS\System32\SHCORE.dll
0x00007ffa8d3c0000 - 0x00007ffa8d41e000 	C:\WINDOWS\System32\shlwapi.dll
0x00007ffa8c1a0000 - 0x00007ffa8c1c1000 	C:\WINDOWS\SYSTEM32\profapi.dll
0x00007ffa6e470000 - 0x00007ffa6e489000 	C:\Program Files\Android\Android Studio\jbr\bin\net.dll
0x00007ffa82040000 - 0x00007ffa82176000 	C:\WINDOWS\SYSTEM32\WINHTTP.dll
0x00007ffa8adf0000 - 0x00007ffa8ae59000 	C:\WINDOWS\system32\mswsock.dll
0x00007ffa6e450000 - 0x00007ffa6e466000 	C:\Program Files\Android\Android Studio\jbr\bin\nio.dll
0x00007ffa7fc90000 - 0x00007ffa7fca0000 	C:\Program Files\Android\Android Studio\jbr\bin\verify.dll
0x00007ffa6d8a0000 - 0x00007ffa6d8c7000 	C:\Users\ASUS\.gradle\native\c067742578af261105cb4f569cf0c3c89f3d7b1fecec35dd04571415982c5e48\windows-amd64\native-platform.dll
0x00007ffa480b0000 - 0x00007ffa481f4000 	C:\Users\ASUS\.gradle\native\38dada09dfb8b06ba9b0570ebf7e218e3eb74d4ef43ca46872605cf95ebc2f47\windows-amd64\native-platform-file-events.dll
0x00007ffa7fcb0000 - 0x00007ffa7fcb9000 	C:\Program Files\Android\Android Studio\jbr\bin\management.dll
0x00007ffa7fca0000 - 0x00007ffa7fcab000 	C:\Program Files\Android\Android Studio\jbr\bin\management_ext.dll
0x00007ffa8ec20000 - 0x00007ffa8ec28000 	C:\WINDOWS\System32\PSAPI.DLL
0x00007ffa8bf10000 - 0x00007ffa8bf2b000 	C:\WINDOWS\SYSTEM32\CRYPTSP.dll
0x00007ffa8aed0000 - 0x00007ffa8af05000 	C:\WINDOWS\system32\rsaenh.dll
0x00007ffa8afc0000 - 0x00007ffa8afe8000 	C:\WINDOWS\SYSTEM32\USERENV.dll
0x00007ffa8b340000 - 0x00007ffa8b34c000 	C:\WINDOWS\SYSTEM32\CRYPTBASE.dll
0x00007ffa8a460000 - 0x00007ffa8a48d000 	C:\WINDOWS\SYSTEM32\IPHLPAPI.DLL
0x00007ffa8d800000 - 0x00007ffa8d809000 	C:\WINDOWS\System32\NSI.dll
0x00007ffa82210000 - 0x00007ffa82229000 	C:\WINDOWS\SYSTEM32\dhcpcsvc6.DLL
0x00007ffa81e80000 - 0x00007ffa81e9f000 	C:\WINDOWS\SYSTEM32\dhcpcsvc.DLL
0x00007ffa8a4d0000 - 0x00007ffa8a5c9000 	C:\WINDOWS\SYSTEM32\DNSAPI.dll
0x00007ffa7a640000 - 0x00007ffa7a648000 	C:\WINDOWS\system32\wshunix.dll

dbghelp: loaded successfully - version: 4.0.5 - missing functions: none
symbol engine: initialized successfully - sym options: 0x614 - pdb path: .;C:\Program Files\Android\Android Studio\jbr\bin;C:\WINDOWS\SYSTEM32;C:\WINDOWS\WinSxS\amd64_microsoft.windows.common-controls_6595b64144ccf1df_6.0.22621.3235_none_270f74e173860f98;C:\Program Files\Android\Android Studio\jbr\bin\server;C:\Users\ASUS\.gradle\native\c067742578af261105cb4f569cf0c3c89f3d7b1fecec35dd04571415982c5e48\windows-amd64;C:\Users\ASUS\.gradle\native\38dada09dfb8b06ba9b0570ebf7e218e3eb74d4ef43ca46872605cf95ebc2f47\windows-amd64

VM Arguments:
jvm_args: --add-opens=java.base/java.util=ALL-UNNAMED --add-opens=java.base/java.lang=ALL-UNNAMED --add-opens=java.base/java.lang.invoke=ALL-UNNAMED --add-opens=java.prefs/java.util.prefs=ALL-UNNAMED --add-opens=java.base/java.nio.charset=ALL-UNNAMED --add-opens=java.base/java.net=ALL-UNNAMED --add-opens=java.base/java.util.concurrent.atomic=ALL-UNNAMED -Xmx1024m -Dfile.encoding=UTF-8 -Duser.country=ID -Duser.language=en -Duser.variant -javaagent:C:\Users\ASUS\.gradle\wrapper\dists\gradle-8.4-bin\1w5dpkrfk8irigvoxmyhowfim\gradle-8.4\lib\agents\gradle-instrumentation-agent-8.4.jar 
java_command: org.gradle.launcher.daemon.bootstrap.GradleDaemon 8.4
java_class_path (initial): C:\Users\ASUS\.gradle\wrapper\dists\gradle-8.4-bin\1w5dpkrfk8irigvoxmyhowfim\gradle-8.4\lib\gradle-launcher-8.4.jar
Launcher Type: SUN_STANDARD

[Global flags]
     intx CICompilerCount                          = 4                                         {product} {ergonomic}
     uint ConcGCThreads                            = 2                                         {product} {ergonomic}
     uint G1ConcRefinementThreads                  = 8                                         {product} {ergonomic}
   size_t G1HeapRegionSize                         = 1048576                                   {product} {ergonomic}
    uintx GCDrainStackTargetSize                   = 64                                        {product} {ergonomic}
   size_t InitialHeapSize                          = 130023424                                 {product} {ergonomic}
   size_t MarkStackSize                            = 4194304                                   {product} {ergonomic}
   size_t MaxHeapSize                              = 1073741824                                {product} {command line}
   size_t MaxNewSize                               = 643825664                                 {product} {ergonomic}
   size_t MinHeapDeltaBytes                        = 1048576                                   {product} {ergonomic}
   size_t MinHeapSize                              = 8388608                                   {product} {ergonomic}
    uintx NonNMethodCodeHeapSize                   = 5839372                                {pd product} {ergonomic}
    uintx NonProfiledCodeHeapSize                  = 122909434                              {pd product} {ergonomic}
    uintx ProfiledCodeHeapSize                     = 122909434                              {pd product} {ergonomic}
    uintx ReservedCodeCacheSize                    = 251658240                              {pd product} {ergonomic}
     bool SegmentedCodeCache                       = true                                      {product} {ergonomic}
   size_t SoftMaxHeapSize                          = 1073741824                             {manageable} {ergonomic}
     bool UseCompressedClassPointers               = true                           {product lp64_product} {ergonomic}
     bool UseCompressedOops                        = true                           {product lp64_product} {ergonomic}
     bool UseG1GC                                  = true                                      {product} {ergonomic}
     bool UseLargePagesIndividualAllocation        = false                                  {pd product} {ergonomic}

Logging:
Log output configuration:
 #0: stdout all=warning uptime,level,tags
 #1: stderr all=off uptime,level,tags

Environment Variables:
PATH=C:\Program Files\Common Files\Oracle\Java\javapath;C:\WINDOWS\system32;C:\WINDOWS;C:\WINDOWS\System32\Wbem;C:\WINDOWS\System32\WindowsPowerShell\v1.0\;C:\WINDOWS\System32\OpenSSH\;C:\xampp\mysql\bin;C:\Program Files\PuTTY\;C:\xampp\php;C:\Users\ASUS\AppData\Local\Programs\Python\Python311\Scripts\;C:\Users\ASUS\AppData\Local\Programs\Python\Python311\;C:\Users\ASUS\AppData\Local\Microsoft\WindowsApps;;C:\Users\ASUS\AppData\Local\Programs\Microsoft VS Code\bin;C:\Program Files\JetBrains\IntelliJ IDEA Community Edition 2023.2.2\bin;
USERNAME=ASUS
OS=Windows_NT
PROCESSOR_IDENTIFIER=Intel64 Family 6 Model 140 Stepping 1, GenuineIntel
TMP=C:\Users\ASUS\AppData\Local\Temp
TEMP=C:\Users\ASUS\AppData\Local\Temp



Periodic native trim disabled

JNI global refs:
JNI global refs: 24, weak refs: 1

JNI global refs memory usage: 843, weak refs: 841

OOME stack traces (most recent first):
Classloader memory used:
Loader org.gradle.internal.classloader.VisitableURLClassLoader                         : 2421K
Loader bootstrap                                                                       : 2295K
Loader org.gradle.initialization.MixInLegacyTypesClassLoader                           : 452K
Loader jdk.internal.loader.ClassLoaders$PlatformClassLoader                            : 65548B
Loader jdk.internal.loader.ClassLoaders$AppClassLoader                                 : 28117B
Loader jdk.internal.reflect.DelegatingClassLoader                                      : 3966B

Classes loaded by more than one classloader:
Class org.gradle.internal.installation.GradleInstallation                             : loaded 2 times (x 73B)
Class org.gradle.internal.classpath.ClassPath                                         : loaded 2 times (x 68B)
Class org.gradle.api.internal.classpath.DefaultModuleRegistry                         : loaded 2 times (x 84B)
Class org.gradle.api.Action                                                           : loaded 2 times (x 68B)
Class org.gradle.api.internal.DefaultClassPathProvider                                : loaded 2 times (x 74B)
Class org.gradle.internal.installation.GradleInstallation$1                           : loaded 2 times (x 73B)
Class org.gradle.internal.classloader.FilteringClassLoader                            : loaded 2 times (x 103B)
Class org.gradle.internal.classpath.DefaultClassPath$ImmutableUniqueList$Builder      : loaded 2 times (x 73B)
Class org.gradle.internal.classloader.ClassLoaderVisitor                              : loaded 2 times (x 74B)
Class org.gradle.internal.service.DefaultServiceLocator                               : loaded 2 times (x 81B)
Class org.gradle.internal.service.UnknownServiceException                             : loaded 2 times (x 81B)
Class org.gradle.internal.classloader.DefaultClassLoaderFactory                       : loaded 2 times (x 80B)
Class org.gradle.internal.classloader.VisitableURLClassLoader$Spec                    : loaded 2 times (x 72B)
Class org.gradle.api.GradleException                                                  : loaded 2 times (x 80B)
Class org.gradle.api.internal.classpath.ModuleRegistry                                : loaded 2 times (x 68B)
Class org.gradle.api.internal.ClassPathProvider                                       : loaded 2 times (x 68B)
Class org.gradle.internal.classloader.ClasspathUtil$1                                 : loaded 2 times (x 74B)
Class org.gradle.internal.classloader.ClassLoaderFactory                              : loaded 2 times (x 68B)
Class org.gradle.api.internal.classpath.ManifestUtil                                  : loaded 2 times (x 69B)
Class org.gradle.api.specs.Spec                                                       : loaded 2 times (x 68B)
Class org.gradle.internal.IoActions                                                   : loaded 2 times (x 69B)
Class org.gradle.api.internal.classpath.EffectiveClassPath                            : loaded 2 times (x 88B)
Class org.gradle.internal.installation.CurrentGradleInstallation                      : loaded 2 times (x 71B)
Class org.gradle.internal.agents.InstrumentingClassLoader                             : loaded 2 times (x 68B)
Class org.gradle.internal.installation.CurrentGradleInstallationLocator               : loaded 2 times (x 69B)
Class org.gradle.api.internal.classpath.Module                                        : loaded 2 times (x 68B)
Class org.gradle.internal.service.CachingServiceLocator                               : loaded 2 times (x 80B)
Class org.gradle.internal.classpath.DefaultClassPath                                  : loaded 2 times (x 88B)
Class org.gradle.internal.classloader.SystemClassLoaderSpec                           : loaded 2 times (x 69B)
Class org.gradle.api.UncheckedIOException                                             : loaded 2 times (x 80B)
Class org.gradle.internal.classloader.ClasspathUtil                                   : loaded 2 times (x 69B)
Class org.gradle.api.internal.DefaultClassPathRegistry                                : loaded 2 times (x 74B)
Class org.gradle.api.internal.classpath.DefaultModuleRegistry$DefaultModule           : loaded 2 times (x 84B)
Class org.gradle.api.internal.classpath.UnknownModuleException                        : loaded 2 times (x 80B)
Class org.gradle.internal.service.ServiceLookupException                              : loaded 2 times (x 80B)
Class org.gradle.cache.GlobalCache                                                    : loaded 2 times (x 68B)
Class [Lorg.gradle.api.internal.ClassPathProvider;                                    : loaded 2 times (x 67B)
Class org.gradle.util.internal.GUtil                                                  : loaded 2 times (x 69B)
Class org.gradle.internal.classloader.ClassLoaderSpec                                 : loaded 2 times (x 69B)
Class org.gradle.internal.classloader.VisitableURLClassLoader                         : loaded 2 times (x 115B)
Class org.gradle.internal.Cast                                                        : loaded 2 times (x 69B)
Class org.gradle.api.internal.ClassPathRegistry                                       : loaded 2 times (x 68B)
Class org.gradle.internal.classloader.VisitableURLClassLoader$InstrumentingVisitableURLClassLoader: loaded 2 times (x 121B)
Class org.gradle.internal.classloader.ClassLoaderHierarchy                            : loaded 2 times (x 68B)
Class org.gradle.internal.InternalTransformer                                         : loaded 2 times (x 68B)
Class org.gradle.internal.service.ServiceLocator                                      : loaded 2 times (x 68B)
Class org.gradle.internal.classpath.DefaultClassPath$ImmutableUniqueList              : loaded 2 times (x 159B)
Class org.gradle.internal.classpath.TransformedClassPath                              : loaded 2 times (x 94B)


---------------  S Y S T E M  ---------------

OS:
 Windows 11 , 64 bit Build 22621 (10.0.22621.3374)
OS uptime: 0 days 22:34 hours
Hyper-V role detected

CPU: total 8 (initial active 8) (4 cores per cpu, 2 threads per core) family 6 model 140 stepping 1 microcode 0x9a, cx8, cmov, fxsr, ht, mmx, 3dnowpref, sse, sse2, sse3, ssse3, sse4.1, sse4.2, popcnt, lzcnt, tsc, tscinvbit, avx, avx2, aes, erms, clmul, bmi1, bmi2, adx, avx512f, avx512dq, avx512cd, avx512bw, avx512vl, sha, fma, vzeroupper, avx512_vpopcntdq, avx512_vpclmulqdq, avx512_vaes, avx512_vnni, clflush, clflushopt, clwb, avx512_vbmi2, avx512_vbmi, hv
Processor Information for all 8 processors :
  Max Mhz: 2419, Current Mhz: 2419, Mhz Limit: 2419

Memory: 4k page, system-wide physical 7882M (377M free)
TotalPageFile size 9930M (AvailPageFile size 6M)
current process WorkingSet (physical memory assigned to process): 224M, peak: 224M
current process commit charge ("private bytes"): 269M, peak: 272M

vm_info: OpenJDK 64-Bit Server VM (17.0.9+0--11185874) for windows-amd64 JRE (17.0.9+0--11185874), built on Dec  6 2023 18:57:44 by "androidbuild" with MS VC++ 16.10 / 16.11 (VS2019)

END.
