#
# There is insufficient memory for the Java Runtime Environment to continue.
# Native memory allocation (malloc) failed to allocate 1056544 bytes for Chunk::new
# Possible reasons:
#   The system is out of physical RAM or swap space
#   The process is running with CompressedOops enabled, and the Java Heap may be blocking the growth of the native heap
# Possible solutions:
#   Reduce memory load on the system
#   Increase physical memory or swap space
#   Check if swap backing store is full
#   Decrease Java heap size (-Xmx/-Xms)
#   Decrease number of Java threads
#   Decrease Java thread stack sizes (-Xss)
#   Set larger code cache with -XX:ReservedCodeCacheSize=
#   JVM is running with Unscaled Compressed Oops mode in which the Java heap is
#     placed in the first 4GB address space. The Java Heap base address is the
#     maximum limit for the native heap growth. Please use -XX:HeapBaseMinAddress
#     to set the Java Heap base and to place the Java Heap above 4GB virtual address.
# This output file may be truncated or incomplete.
#
#  Out of Memory Error (arena.cpp:191), pid=8668, tid=3180
#
# JRE version: OpenJDK Runtime Environment (17.0.9) (build 17.0.9+0--11185874)
# Java VM: OpenJDK 64-Bit Server VM (17.0.9+0--11185874, mixed mode, tiered, compressed oops, compressed class ptrs, g1 gc, windows-amd64)
# No core dump will be written. Minidumps are not enabled by default on client versions of Windows
#

---------------  S U M M A R Y ------------

Command Line: --add-opens=java.base/java.util=ALL-UNNAMED --add-opens=java.base/java.lang=ALL-UNNAMED --add-opens=java.base/java.lang.invoke=ALL-UNNAMED --add-opens=java.prefs/java.util.prefs=ALL-UNNAMED --add-opens=java.base/java.nio.charset=ALL-UNNAMED --add-opens=java.base/java.net=ALL-UNNAMED --add-opens=java.base/java.util.concurrent.atomic=ALL-UNNAMED -Xmx2048m -Dfile.encoding=UTF-8 -Duser.country=ID -Duser.language=en -Duser.variant -javaagent:C:\Users\ASUS\.gradle\wrapper\dists\gradle-8.4-bin\1w5dpkrfk8irigvoxmyhowfim\gradle-8.4\lib\agents\gradle-instrumentation-agent-8.4.jar org.gradle.launcher.daemon.bootstrap.GradleDaemon 8.4

Host: 11th Gen Intel(R) Core(TM) i5-1135G7 @ 2.40GHz, 8 cores, 7G,  Windows 11 , 64 bit Build 22621 (10.0.22621.3374)
Time: Mon May  6 17:53:55 2024 Malay Peninsula Standard Time elapsed time: 5.415311 seconds (0d 0h 0m 5s)

---------------  T H R E A D  ---------------

Current thread (0x00000167675993a0):  JavaThread "C2 CompilerThread0" daemon [_thread_in_native, id=3180, stack(0x0000001b0a600000,0x0000001b0a700000)]


Current CompileTask:
C2:   5415 6486       4       org.objectweb.asm.SymbolTable::addConstantMemberReference (147 bytes)

Stack: [0x0000001b0a600000,0x0000001b0a700000]
Native frames: (J=compiled Java code, j=interpreted, Vv=VM code, C=native code)
V  [jvm.dll+0x6886e9]
V  [jvm.dll+0x841e4a]
V  [jvm.dll+0x843a8e]
V  [jvm.dll+0x8440f3]
V  [jvm.dll+0x24c14f]
V  [jvm.dll+0xac44c]
V  [jvm.dll+0xaca9c]
V  [jvm.dll+0x36c1f7]
V  [jvm.dll+0x33651a]
V  [jvm.dll+0x3359ba]
V  [jvm.dll+0x21ddb1]
V  [jvm.dll+0x21d1d1]
V  [jvm.dll+0x1a674d]
V  [jvm.dll+0x22d088]
V  [jvm.dll+0x22b1c0]
V  [jvm.dll+0x7f62f7]
V  [jvm.dll+0x7f06aa]
V  [jvm.dll+0x687565]
C  [ucrtbase.dll+0x29333]
C  [KERNEL32.DLL+0x1257d]
C  [ntdll.dll+0x5aa48]


---------------  P R O C E S S  ---------------

Threads class SMR info:
_java_thread_list=0x000001676f5c20c0, length=52, elements={
0x000001674d54a000, 0x000001676754a010, 0x000001676754e9f0, 0x0000016767592280,
0x0000016767592d50, 0x0000016767597c40, 0x0000016767598600, 0x00000167675993a0,
0x0000016767599e50, 0x000001676759a850, 0x0000016767296c40, 0x00000167677da2b0,
0x000001676d7c9a90, 0x000001676db07090, 0x000001676d8439c0, 0x000001676d438110,
0x000001676d4385f0, 0x000001676d8399d0, 0x000001676d838590, 0x000001676d839ee0,
0x000001676d83a3f0, 0x000001676d8394c0, 0x000001676d838fb0, 0x000001676d838080,
0x000001676d83ae10, 0x000001676d83b320, 0x000001676d83b830, 0x000001676d838aa0,
0x000001676e970f90, 0x000001676e9765a0, 0x000001676e9774d0, 0x000001676e9714a0,
0x000001676e970060, 0x000001676e973300, 0x000001676e975160, 0x000001676e973810,
0x000001676e9728e0, 0x000001676e973d20, 0x000001676e9719b0, 0x000001676e976fc0,
0x000001676e976ab0, 0x000001676e976090, 0x000001676e9779e0, 0x000001676e970570,
0x000001676e974740, 0x000001676e974230, 0x000001676e970a80, 0x000001676e974c50,
0x000001676e972df0, 0x000001676e975670, 0x000001676e975b80, 0x000001676e971ec0
}

Java Threads: ( => current thread )
  0x000001674d54a000 JavaThread "main" [_thread_blocked, id=9980, stack(0x0000001b09900000,0x0000001b09a00000)]
  0x000001676754a010 JavaThread "Reference Handler" daemon [_thread_blocked, id=9644, stack(0x0000001b0a000000,0x0000001b0a100000)]
  0x000001676754e9f0 JavaThread "Finalizer" daemon [_thread_blocked, id=5108, stack(0x0000001b0a100000,0x0000001b0a200000)]
  0x0000016767592280 JavaThread "Signal Dispatcher" daemon [_thread_blocked, id=11108, stack(0x0000001b0a200000,0x0000001b0a300000)]
  0x0000016767592d50 JavaThread "Attach Listener" daemon [_thread_blocked, id=6620, stack(0x0000001b0a300000,0x0000001b0a400000)]
  0x0000016767597c40 JavaThread "Service Thread" daemon [_thread_blocked, id=1324, stack(0x0000001b0a400000,0x0000001b0a500000)]
  0x0000016767598600 JavaThread "Monitor Deflation Thread" daemon [_thread_blocked, id=4980, stack(0x0000001b0a500000,0x0000001b0a600000)]
=>0x00000167675993a0 JavaThread "C2 CompilerThread0" daemon [_thread_in_native, id=3180, stack(0x0000001b0a600000,0x0000001b0a700000)]
  0x0000016767599e50 JavaThread "C1 CompilerThread0" daemon [_thread_blocked, id=7316, stack(0x0000001b0a700000,0x0000001b0a800000)]
  0x000001676759a850 JavaThread "Sweeper thread" daemon [_thread_blocked, id=6884, stack(0x0000001b0a800000,0x0000001b0a900000)]
  0x0000016767296c40 JavaThread "Common-Cleaner" daemon [_thread_blocked, id=13248, stack(0x0000001b0a900000,0x0000001b0aa00000)]
  0x00000167677da2b0 JavaThread "Notification Thread" daemon [_thread_blocked, id=8580, stack(0x0000001b0aa00000,0x0000001b0ab00000)]
  0x000001676d7c9a90 JavaThread "Daemon health stats" [_thread_blocked, id=7512, stack(0x0000001b0b000000,0x0000001b0b100000)]
  0x000001676db07090 JavaThread "Incoming local TCP Connector on port 51519" [_thread_in_native, id=15200, stack(0x0000001b0b100000,0x0000001b0b200000)]
  0x000001676d8439c0 JavaThread "Daemon periodic checks" [_thread_blocked, id=12324, stack(0x0000001b0b200000,0x0000001b0b300000)]
  0x000001676d438110 JavaThread "Daemon" [_thread_blocked, id=15404, stack(0x0000001b0b300000,0x0000001b0b400000)]
  0x000001676d4385f0 JavaThread "Handler for socket connection from /127.0.0.1:51519 to /127.0.0.1:51520" [_thread_in_native, id=11320, stack(0x0000001b0b400000,0x0000001b0b500000)]
  0x000001676d8399d0 JavaThread "Cancel handler" [_thread_blocked, id=8928, stack(0x0000001b0b500000,0x0000001b0b600000)]
  0x000001676d838590 JavaThread "Daemon worker" [_thread_in_vm, id=16364, stack(0x0000001b0b600000,0x0000001b0b700000)]
  0x000001676d839ee0 JavaThread "Asynchronous log dispatcher for DefaultDaemonConnection: socket connection from /127.0.0.1:51519 to /127.0.0.1:51520" [_thread_blocked, id=12504, stack(0x0000001b0b700000,0x0000001b0b800000)]
  0x000001676d83a3f0 JavaThread "Stdin handler" [_thread_blocked, id=14416, stack(0x0000001b0b800000,0x0000001b0b900000)]
  0x000001676d8394c0 JavaThread "Daemon client event forwarder" [_thread_blocked, id=11416, stack(0x0000001b0b900000,0x0000001b0ba00000)]
  0x000001676d838fb0 JavaThread "Cache worker for journal cache (C:\Users\ASUS\.gradle\caches\journal-1)" [_thread_blocked, id=9764, stack(0x0000001b0be00000,0x0000001b0bf00000)]
  0x000001676d838080 JavaThread "File lock request listener" [_thread_in_native, id=15988, stack(0x0000001b0bf00000,0x0000001b0c000000)]
  0x000001676d83ae10 JavaThread "Cache worker for file hash cache (C:\Users\ASUS\.gradle\caches\8.4\fileHashes)" [_thread_blocked, id=7560, stack(0x0000001b0c000000,0x0000001b0c100000)]
  0x000001676d83b320 JavaThread "File watcher server" daemon [_thread_in_native, id=1608, stack(0x0000001b0c100000,0x0000001b0c200000)]
  0x000001676d83b830 JavaThread "File watcher consumer" daemon [_thread_blocked, id=8140, stack(0x0000001b0c200000,0x0000001b0c300000)]
  0x000001676d838aa0 JavaThread "Cache worker for checksums cache (C:\Android Studio\Dice Roller\.gradle\8.4\checksums)" [_thread_blocked, id=2140, stack(0x0000001b0c300000,0x0000001b0c400000)]
  0x000001676e970f90 JavaThread "Cache worker for file hash cache (C:\Android Studio\Dice Roller\.gradle\8.4\fileHashes)" [_thread_blocked, id=4428, stack(0x0000001b0c400000,0x0000001b0c500000)]
  0x000001676e9765a0 JavaThread "Cache worker for cache directory md-supplier (C:\Users\ASUS\.gradle\caches\8.4\md-supplier)" [_thread_blocked, id=13008, stack(0x0000001b0c500000,0x0000001b0c600000)]
  0x000001676e9774d0 JavaThread "Cache worker for file content cache (C:\Users\ASUS\.gradle\caches\8.4\fileContent)" [_thread_blocked, id=12444, stack(0x0000001b0c600000,0x0000001b0c700000)]
  0x000001676e9714a0 JavaThread "Cache worker for cache directory md-rule (C:\Users\ASUS\.gradle\caches\8.4\md-rule)" [_thread_blocked, id=7820, stack(0x0000001b0c700000,0x0000001b0c800000)]
  0x000001676e970060 JavaThread "Cache worker for execution history cache (C:\Users\ASUS\.gradle\caches\8.4\executionHistory)" [_thread_blocked, id=16708, stack(0x0000001b0c800000,0x0000001b0c900000)]
  0x000001676e973300 JavaThread "Cache worker for kotlin-dsl (C:\Users\ASUS\.gradle\caches\8.4\kotlin-dsl)" [_thread_blocked, id=9348, stack(0x0000001b0ca00000,0x0000001b0cb00000)]
  0x000001676e975160 JavaThread "jar transforms" [_thread_blocked, id=6112, stack(0x0000001b0cb00000,0x0000001b0cc00000)]
  0x000001676e973810 JavaThread "jar transforms Thread 2" [_thread_blocked, id=1720, stack(0x0000001b0cc00000,0x0000001b0cd00000)]
  0x000001676e9728e0 JavaThread "jar transforms Thread 3" [_thread_blocked, id=9888, stack(0x0000001b0cd00000,0x0000001b0ce00000)]
  0x000001676e973d20 JavaThread "jar transforms Thread 4" [_thread_blocked, id=12268, stack(0x0000001b0ce00000,0x0000001b0cf00000)]
  0x000001676e9719b0 JavaThread "Cache worker for dependencies-accessors (C:\Android Studio\Dice Roller\.gradle\8.4\dependencies-accessors)" [_thread_blocked, id=2276, stack(0x0000001b0cf00000,0x0000001b0d000000)]
  0x000001676e976fc0 JavaThread "Cache worker for Build Output Cleanup Cache (C:\Android Studio\Dice Roller\.gradle\buildOutputCleanup)" [_thread_blocked, id=1844, stack(0x0000001b0d000000,0x0000001b0d100000)]
  0x000001676e976ab0 JavaThread "jar transforms Thread 5" [_thread_blocked, id=15356, stack(0x0000001b0d100000,0x0000001b0d200000)]
  0x000001676e976090 JavaThread "jar transforms Thread 6" [_thread_blocked, id=3188, stack(0x0000001b0d200000,0x0000001b0d300000)]
  0x000001676e9779e0 JavaThread "Unconstrained build operations" [_thread_blocked, id=3532, stack(0x0000001b0d300000,0x0000001b0d400000)]
  0x000001676e970570 JavaThread "Unconstrained build operations Thread 2" [_thread_blocked, id=9208, stack(0x0000001b0d400000,0x0000001b0d500000)]
  0x000001676e974740 JavaThread "Unconstrained build operations Thread 3" [_thread_blocked, id=6640, stack(0x0000001b0d500000,0x0000001b0d600000)]
  0x000001676e974230 JavaThread "Unconstrained build operations Thread 4" [_thread_blocked, id=15888, stack(0x0000001b0d600000,0x0000001b0d700000)]
  0x000001676e970a80 JavaThread "Unconstrained build operations Thread 5" [_thread_blocked, id=3664, stack(0x0000001b0d700000,0x0000001b0d800000)]
  0x000001676e974c50 JavaThread "Unconstrained build operations Thread 6" [_thread_blocked, id=16076, stack(0x0000001b0d800000,0x0000001b0d900000)]
  0x000001676e972df0 JavaThread "Unconstrained build operations Thread 7" [_thread_blocked, id=11384, stack(0x0000001b0d900000,0x0000001b0da00000)]
  0x000001676e975670 JavaThread "jar transforms Thread 7" [_thread_blocked, id=7976, stack(0x0000001b0da00000,0x0000001b0db00000)]
  0x000001676e975b80 JavaThread "jar transforms Thread 8" [_thread_blocked, id=9620, stack(0x0000001b0db00000,0x0000001b0dc00000)]
  0x000001676e971ec0 JavaThread "build event listener" [_thread_blocked, id=5880, stack(0x0000001b0dc00000,0x0000001b0dd00000)]

Other Threads:
  0x00000167672de910 VMThread "VM Thread" [stack: 0x0000001b09f00000,0x0000001b0a000000] [id=2564]
  0x000001674d54ae80 WatcherThread [stack: 0x0000001b0ab00000,0x0000001b0ac00000] [id=7952]
  0x000001674d5a7240 GCTaskThread "GC Thread#0" [stack: 0x0000001b09a00000,0x0000001b09b00000] [id=4488]
  0x000001676c0d6130 GCTaskThread "GC Thread#1" [stack: 0x0000001b0ac00000,0x0000001b0ad00000] [id=14912]
  0x000001676cb2ab90 GCTaskThread "GC Thread#2" [stack: 0x0000001b0ad00000,0x0000001b0ae00000] [id=5380]
  0x000001676c0d6a40 GCTaskThread "GC Thread#3" [stack: 0x0000001b0ae00000,0x0000001b0af00000] [id=15128]
  0x000001676cae6d50 GCTaskThread "GC Thread#4" [stack: 0x0000001b0af00000,0x0000001b0b000000] [id=6652]
  0x000001676dceabc0 GCTaskThread "GC Thread#5" [stack: 0x0000001b0ba00000,0x0000001b0bb00000] [id=15688]
  0x000001676da97f10 GCTaskThread "GC Thread#6" [stack: 0x0000001b0bb00000,0x0000001b0bc00000] [id=8364]
  0x000001676d74c5e0 GCTaskThread "GC Thread#7" [stack: 0x0000001b0bc00000,0x0000001b0bd00000] [id=6344]
  0x000001674d5b8190 ConcurrentGCThread "G1 Main Marker" [stack: 0x0000001b09b00000,0x0000001b09c00000] [id=5400]
  0x000001674d5b8bb0 ConcurrentGCThread "G1 Conc#0" [stack: 0x0000001b09c00000,0x0000001b09d00000] [id=6212]
  0x000001676d74c8a0 ConcurrentGCThread "G1 Conc#1" [stack: 0x0000001b0bd00000,0x0000001b0be00000] [id=9000]
  0x0000016767161ef0 ConcurrentGCThread "G1 Refine#0" [stack: 0x0000001b09d00000,0x0000001b09e00000] [id=10008]
  0x000001676e01f150 ConcurrentGCThread "G1 Refine#1" [stack: 0x0000001b0c900000,0x0000001b0ca00000] [id=2420]
  0x0000016767162920 ConcurrentGCThread "G1 Service" [stack: 0x0000001b09e00000,0x0000001b09f00000] [id=14888]

Threads with active compile tasks:
C2 CompilerThread0     5430 6486       4       org.objectweb.asm.SymbolTable::addConstantMemberReference (147 bytes)

VM state: not at safepoint (normal execution)

VM Mutex/Monitor currently owned by a thread: None

Heap address: 0x0000000080000000, size: 2048 MB, Compressed Oops mode: 32-bit

CDS archive(s) not mapped
Compressed class space mapped at: 0x0000000100000000-0x0000000140000000, reserved size: 1073741824
Narrow klass base: 0x0000000000000000, Narrow klass shift: 3, Narrow klass range: 0x140000000

GC Precious Log:
 CPUs: 8 total, 8 available
 Memory: 7882M
 Large Page Support: Disabled
 NUMA Support: Disabled
 Compressed Oops: Enabled (32-bit)
 Heap Region Size: 1M
 Heap Min Capacity: 8M
 Heap Initial Capacity: 124M
 Heap Max Capacity: 2G
 Pre-touch: Disabled
 Parallel Workers: 8
 Concurrent Workers: 2
 Concurrent Refinement Workers: 8
 Periodic GC: Disabled

Heap:
 garbage-first heap   total 107520K, used 75528K [0x0000000080000000, 0x0000000100000000)
  region size 1024K, 18 young (18432K), 2 survivors (2048K)
 Metaspace       used 65560K, committed 66176K, reserved 1114112K
  class space    used 8863K, committed 9152K, reserved 1048576K

Heap Regions: E=young(eden), S=young(survivor), O=old, HS=humongous(starts), HC=humongous(continues), CS=collection set, F=free, OA=open archive, CA=closed archive, TAMS=top-at-mark-start (previous, next)
|   0|0x0000000080000000, 0x0000000080100000, 0x0000000080100000|100%|HS|  |TAMS 0x0000000080100000, 0x0000000080000000| Complete 
|   1|0x0000000080100000, 0x0000000080200000, 0x0000000080200000|100%|HC|  |TAMS 0x0000000080200000, 0x0000000080100000| Complete 
|   2|0x0000000080200000, 0x0000000080300000, 0x0000000080300000|100%|HC|  |TAMS 0x0000000080300000, 0x0000000080200000| Complete 
|   3|0x0000000080300000, 0x0000000080400000, 0x0000000080400000|100%|HC|  |TAMS 0x0000000080400000, 0x0000000080300000| Complete 
|   4|0x0000000080400000, 0x0000000080500000, 0x0000000080500000|100%| O|  |TAMS 0x0000000080500000, 0x0000000080400000| Untracked 
|   5|0x0000000080500000, 0x0000000080600000, 0x0000000080600000|100%| O|  |TAMS 0x0000000080600000, 0x0000000080500000| Untracked 
|   6|0x0000000080600000, 0x0000000080700000, 0x0000000080700000|100%| O|  |TAMS 0x0000000080700000, 0x0000000080600000| Untracked 
|   7|0x0000000080700000, 0x0000000080800000, 0x0000000080800000|100%| O|  |TAMS 0x0000000080800000, 0x0000000080700000| Untracked 
|   8|0x0000000080800000, 0x0000000080900000, 0x0000000080900000|100%| O|  |TAMS 0x0000000080900000, 0x0000000080800000| Untracked 
|   9|0x0000000080900000, 0x0000000080a00000, 0x0000000080a00000|100%| O|  |TAMS 0x0000000080a00000, 0x0000000080900000| Untracked 
|  10|0x0000000080a00000, 0x0000000080a9dc00, 0x0000000080b00000| 61%| O|  |TAMS 0x0000000080a9dc00, 0x0000000080a00000| Untracked 
|  11|0x0000000080b00000, 0x0000000080c00000, 0x0000000080c00000|100%| O|  |TAMS 0x0000000080c00000, 0x0000000080b00000| Untracked 
|  12|0x0000000080c00000, 0x0000000080d00000, 0x0000000080d00000|100%| O|  |TAMS 0x0000000080d00000, 0x0000000080c00000| Untracked 
|  13|0x0000000080d00000, 0x0000000080e00000, 0x0000000080e00000|100%| O|  |TAMS 0x0000000080e00000, 0x0000000080d00000| Untracked 
|  14|0x0000000080e00000, 0x0000000080f00000, 0x0000000080f00000|100%| O|  |TAMS 0x0000000080f00000, 0x0000000080e00000| Untracked 
|  15|0x0000000080f00000, 0x0000000081000000, 0x0000000081000000|100%| O|  |TAMS 0x0000000081000000, 0x0000000080f00000| Untracked 
|  16|0x0000000081000000, 0x0000000081100000, 0x0000000081100000|100%| O|  |TAMS 0x0000000081100000, 0x0000000081000000| Untracked 
|  17|0x0000000081100000, 0x0000000081200000, 0x0000000081200000|100%| O|  |TAMS 0x0000000081200000, 0x0000000081100000| Untracked 
|  18|0x0000000081200000, 0x0000000081300000, 0x0000000081300000|100%| O|  |TAMS 0x0000000081300000, 0x0000000081200000| Untracked 
|  19|0x0000000081300000, 0x0000000081400000, 0x0000000081400000|100%| O|  |TAMS 0x0000000081400000, 0x0000000081300000| Untracked 
|  20|0x0000000081400000, 0x0000000081500000, 0x0000000081500000|100%| O|  |TAMS 0x0000000081500000, 0x0000000081400000| Untracked 
|  21|0x0000000081500000, 0x0000000081600000, 0x0000000081600000|100%| O|  |TAMS 0x0000000081600000, 0x0000000081500000| Untracked 
|  22|0x0000000081600000, 0x0000000081700000, 0x0000000081700000|100%| O|  |TAMS 0x0000000081700000, 0x0000000081600000| Untracked 
|  23|0x0000000081700000, 0x0000000081800000, 0x0000000081800000|100%| O|  |TAMS 0x0000000081800000, 0x0000000081700000| Untracked 
|  24|0x0000000081800000, 0x0000000081900000, 0x0000000081900000|100%| O|  |TAMS 0x0000000081900000, 0x0000000081800000| Untracked 
|  25|0x0000000081900000, 0x0000000081a00000, 0x0000000081a00000|100%| O|  |TAMS 0x0000000081a00000, 0x0000000081900000| Untracked 
|  26|0x0000000081a00000, 0x0000000081b00000, 0x0000000081b00000|100%| O|  |TAMS 0x0000000081b00000, 0x0000000081a00000| Untracked 
|  27|0x0000000081b00000, 0x0000000081c00000, 0x0000000081c00000|100%| O|  |TAMS 0x0000000081c00000, 0x0000000081b00000| Untracked 
|  28|0x0000000081c00000, 0x0000000081d00000, 0x0000000081d00000|100%| O|  |TAMS 0x0000000081d00000, 0x0000000081c00000| Untracked 
|  29|0x0000000081d00000, 0x0000000081e00000, 0x0000000081e00000|100%| O|  |TAMS 0x0000000081e00000, 0x0000000081d00000| Untracked 
|  30|0x0000000081e00000, 0x0000000081f00000, 0x0000000081f00000|100%| O|  |TAMS 0x0000000081f00000, 0x0000000081e00000| Untracked 
|  31|0x0000000081f00000, 0x0000000082000000, 0x0000000082000000|100%| O|  |TAMS 0x0000000082000000, 0x0000000081f00000| Untracked 
|  32|0x0000000082000000, 0x0000000082100000, 0x0000000082100000|100%|HS|  |TAMS 0x0000000082100000, 0x0000000082000000| Complete 
|  33|0x0000000082100000, 0x0000000082200000, 0x0000000082200000|100%|HS|  |TAMS 0x0000000082200000, 0x0000000082100000| Complete 
|  34|0x0000000082200000, 0x0000000082300000, 0x0000000082300000|100%|HS|  |TAMS 0x0000000082300000, 0x0000000082200000| Complete 
|  35|0x0000000082300000, 0x0000000082400000, 0x0000000082400000|100%|HC|  |TAMS 0x0000000082400000, 0x0000000082300000| Complete 
|  36|0x0000000082400000, 0x0000000082500000, 0x0000000082500000|100%|HS|  |TAMS 0x0000000082500000, 0x0000000082400000| Complete 
|  37|0x0000000082500000, 0x0000000082600000, 0x0000000082600000|100%|HC|  |TAMS 0x0000000082600000, 0x0000000082500000| Complete 
|  38|0x0000000082600000, 0x0000000082700000, 0x0000000082700000|100%|HS|  |TAMS 0x0000000082700000, 0x0000000082600000| Complete 
|  39|0x0000000082700000, 0x0000000082800000, 0x0000000082800000|100%|HS|  |TAMS 0x0000000082800000, 0x0000000082700000| Complete 
|  40|0x0000000082800000, 0x0000000082900000, 0x0000000082900000|100%|HC|  |TAMS 0x0000000082900000, 0x0000000082800000| Complete 
|  41|0x0000000082900000, 0x0000000082a00000, 0x0000000082a00000|100%|HC|  |TAMS 0x0000000082a00000, 0x0000000082900000| Complete 
|  42|0x0000000082a00000, 0x0000000082b00000, 0x0000000082b00000|100%|HC|  |TAMS 0x0000000082b00000, 0x0000000082a00000| Complete 
|  43|0x0000000082b00000, 0x0000000082c00000, 0x0000000082c00000|100%|HS|  |TAMS 0x0000000082c00000, 0x0000000082b00000| Complete 
|  44|0x0000000082c00000, 0x0000000082d00000, 0x0000000082d00000|100%| O|  |TAMS 0x0000000082d00000, 0x0000000082c00000| Untracked 
|  45|0x0000000082d00000, 0x0000000082e00000, 0x0000000082e00000|100%| O|  |TAMS 0x0000000082e00000, 0x0000000082d00000| Untracked 
|  46|0x0000000082e00000, 0x0000000082f00000, 0x0000000082f00000|100%| O|  |TAMS 0x0000000082f00000, 0x0000000082e00000| Untracked 
|  47|0x0000000082f00000, 0x0000000083000000, 0x0000000083000000|100%|HS|  |TAMS 0x0000000083000000, 0x0000000082f00000| Complete 
|  48|0x0000000083000000, 0x0000000083100000, 0x0000000083100000|100%| O|  |TAMS 0x0000000083100000, 0x0000000083000000| Untracked 
|  49|0x0000000083100000, 0x0000000083200000, 0x0000000083200000|100%| O|  |TAMS 0x0000000083200000, 0x0000000083100000| Untracked 
|  50|0x0000000083200000, 0x0000000083300000, 0x0000000083300000|100%| O|  |TAMS 0x0000000083300000, 0x0000000083200000| Untracked 
|  51|0x0000000083300000, 0x0000000083400000, 0x0000000083400000|100%| O|  |TAMS 0x0000000083400000, 0x0000000083300000| Untracked 
|  52|0x0000000083400000, 0x0000000083500000, 0x0000000083500000|100%| O|  |TAMS 0x0000000083500000, 0x0000000083400000| Untracked 
|  53|0x0000000083500000, 0x0000000083600000, 0x0000000083600000|100%| O|  |TAMS 0x0000000083600000, 0x0000000083500000| Untracked 
|  54|0x0000000083600000, 0x0000000083700000, 0x0000000083700000|100%| O|  |TAMS 0x0000000083700000, 0x0000000083600000| Untracked 
|  55|0x0000000083700000, 0x0000000083800000, 0x0000000083800000|100%| O|  |TAMS 0x0000000083800000, 0x0000000083700000| Untracked 
|  56|0x0000000083800000, 0x0000000083900000, 0x0000000083900000|100%| O|  |TAMS 0x0000000083900000, 0x0000000083800000| Untracked 
|  57|0x0000000083900000, 0x0000000083951800, 0x0000000083a00000| 31%| O|  |TAMS 0x0000000083951800, 0x0000000083900000| Untracked 
|  58|0x0000000083a00000, 0x0000000083a00000, 0x0000000083b00000|  0%| F|  |TAMS 0x0000000083a00000, 0x0000000083a00000| Untracked 
|  59|0x0000000083b00000, 0x0000000083b00000, 0x0000000083c00000|  0%| F|  |TAMS 0x0000000083b00000, 0x0000000083b00000| Untracked 
|  60|0x0000000083c00000, 0x0000000083c00000, 0x0000000083d00000|  0%| F|  |TAMS 0x0000000083c00000, 0x0000000083c00000| Untracked 
|  61|0x0000000083d00000, 0x0000000083d00000, 0x0000000083e00000|  0%| F|  |TAMS 0x0000000083d00000, 0x0000000083d00000| Untracked 
|  62|0x0000000083e00000, 0x0000000083e00000, 0x0000000083f00000|  0%| F|  |TAMS 0x0000000083e00000, 0x0000000083e00000| Untracked 
|  63|0x0000000083f00000, 0x0000000083f00000, 0x0000000084000000|  0%| F|  |TAMS 0x0000000083f00000, 0x0000000083f00000| Untracked 
|  64|0x0000000084000000, 0x0000000084000000, 0x0000000084100000|  0%| F|  |TAMS 0x0000000084000000, 0x0000000084000000| Untracked 
|  65|0x0000000084100000, 0x0000000084100000, 0x0000000084200000|  0%| F|  |TAMS 0x0000000084100000, 0x0000000084100000| Untracked 
|  66|0x0000000084200000, 0x0000000084200000, 0x0000000084300000|  0%| F|  |TAMS 0x0000000084200000, 0x0000000084200000| Untracked 
|  67|0x0000000084300000, 0x0000000084300000, 0x0000000084400000|  0%| F|  |TAMS 0x0000000084300000, 0x0000000084300000| Untracked 
|  68|0x0000000084400000, 0x0000000084400000, 0x0000000084500000|  0%| F|  |TAMS 0x0000000084400000, 0x0000000084400000| Untracked 
|  69|0x0000000084500000, 0x0000000084500000, 0x0000000084600000|  0%| F|  |TAMS 0x0000000084500000, 0x0000000084500000| Untracked 
|  70|0x0000000084600000, 0x0000000084600000, 0x0000000084700000|  0%| F|  |TAMS 0x0000000084600000, 0x0000000084600000| Untracked 
|  71|0x0000000084700000, 0x0000000084700000, 0x0000000084800000|  0%| F|  |TAMS 0x0000000084700000, 0x0000000084700000| Untracked 
|  72|0x0000000084800000, 0x0000000084800000, 0x0000000084900000|  0%| F|  |TAMS 0x0000000084800000, 0x0000000084800000| Untracked 
|  73|0x0000000084900000, 0x0000000084900000, 0x0000000084a00000|  0%| F|  |TAMS 0x0000000084900000, 0x0000000084900000| Untracked 
|  74|0x0000000084a00000, 0x0000000084a00000, 0x0000000084b00000|  0%| F|  |TAMS 0x0000000084a00000, 0x0000000084a00000| Untracked 
|  75|0x0000000084b00000, 0x0000000084b00000, 0x0000000084c00000|  0%| F|  |TAMS 0x0000000084b00000, 0x0000000084b00000| Untracked 
|  76|0x0000000084c00000, 0x0000000084c00000, 0x0000000084d00000|  0%| F|  |TAMS 0x0000000084c00000, 0x0000000084c00000| Untracked 
|  77|0x0000000084d00000, 0x0000000084d00000, 0x0000000084e00000|  0%| F|  |TAMS 0x0000000084d00000, 0x0000000084d00000| Untracked 
|  78|0x0000000084e00000, 0x0000000084e00000, 0x0000000084f00000|  0%| F|  |TAMS 0x0000000084e00000, 0x0000000084e00000| Untracked 
|  79|0x0000000084f00000, 0x0000000084f00000, 0x0000000085000000|  0%| F|  |TAMS 0x0000000084f00000, 0x0000000084f00000| Untracked 
|  80|0x0000000085000000, 0x00000000850d2e10, 0x0000000085100000| 82%| S|CS|TAMS 0x0000000085000000, 0x0000000085000000| Complete 
|  81|0x0000000085100000, 0x0000000085200000, 0x0000000085200000|100%| S|CS|TAMS 0x0000000085100000, 0x0000000085100000| Complete 
|  82|0x0000000085200000, 0x0000000085200000, 0x0000000085300000|  0%| F|  |TAMS 0x0000000085200000, 0x0000000085200000| Untracked 
|  83|0x0000000085300000, 0x0000000085300000, 0x0000000085400000|  0%| F|  |TAMS 0x0000000085300000, 0x0000000085300000| Untracked 
|  84|0x0000000085400000, 0x0000000085400000, 0x0000000085500000|  0%| F|  |TAMS 0x0000000085400000, 0x0000000085400000| Untracked 
|  85|0x0000000085500000, 0x0000000085500000, 0x0000000085600000|  0%| F|  |TAMS 0x0000000085500000, 0x0000000085500000| Untracked 
|  86|0x0000000085600000, 0x0000000085600000, 0x0000000085700000|  0%| F|  |TAMS 0x0000000085600000, 0x0000000085600000| Untracked 
|  87|0x0000000085700000, 0x0000000085700000, 0x0000000085800000|  0%| F|  |TAMS 0x0000000085700000, 0x0000000085700000| Untracked 
|  88|0x0000000085800000, 0x0000000085880800, 0x0000000085900000| 50%| E|  |TAMS 0x0000000085800000, 0x0000000085800000| Complete 
|  89|0x0000000085900000, 0x0000000085a00000, 0x0000000085a00000|100%| E|CS|TAMS 0x0000000085900000, 0x0000000085900000| Complete 
|  90|0x0000000085a00000, 0x0000000085b00000, 0x0000000085b00000|100%| E|CS|TAMS 0x0000000085a00000, 0x0000000085a00000| Complete 
|  91|0x0000000085b00000, 0x0000000085c00000, 0x0000000085c00000|100%| E|CS|TAMS 0x0000000085b00000, 0x0000000085b00000| Complete 
|  92|0x0000000085c00000, 0x0000000085d00000, 0x0000000085d00000|100%| E|CS|TAMS 0x0000000085c00000, 0x0000000085c00000| Complete 
|  93|0x0000000085d00000, 0x0000000085e00000, 0x0000000085e00000|100%| E|CS|TAMS 0x0000000085d00000, 0x0000000085d00000| Complete 
|  94|0x0000000085e00000, 0x0000000085f00000, 0x0000000085f00000|100%| E|CS|TAMS 0x0000000085e00000, 0x0000000085e00000| Complete 
|  95|0x0000000085f00000, 0x0000000086000000, 0x0000000086000000|100%| E|CS|TAMS 0x0000000085f00000, 0x0000000085f00000| Complete 
|  96|0x0000000086000000, 0x0000000086100000, 0x0000000086100000|100%| E|CS|TAMS 0x0000000086000000, 0x0000000086000000| Complete 
|  97|0x0000000086100000, 0x0000000086200000, 0x0000000086200000|100%| E|CS|TAMS 0x0000000086100000, 0x0000000086100000| Complete 
|  98|0x0000000086200000, 0x0000000086300000, 0x0000000086300000|100%| E|CS|TAMS 0x0000000086200000, 0x0000000086200000| Complete 
|  99|0x0000000086300000, 0x0000000086400000, 0x0000000086400000|100%| E|CS|TAMS 0x0000000086300000, 0x0000000086300000| Complete 
| 100|0x0000000086400000, 0x0000000086500000, 0x0000000086500000|100%| E|CS|TAMS 0x0000000086400000, 0x0000000086400000| Complete 
| 101|0x0000000086500000, 0x0000000086600000, 0x0000000086600000|100%| E|CS|TAMS 0x0000000086500000, 0x0000000086500000| Complete 
| 102|0x0000000086600000, 0x0000000086700000, 0x0000000086700000|100%| E|CS|TAMS 0x0000000086600000, 0x0000000086600000| Complete 
| 103|0x0000000086700000, 0x0000000086800000, 0x0000000086800000|100%| E|CS|TAMS 0x0000000086700000, 0x0000000086700000| Complete 
| 123|0x0000000087b00000, 0x0000000087c00000, 0x0000000087c00000|100%| E|CS|TAMS 0x0000000087b00000, 0x0000000087b00000| Complete 

Card table byte_map: [0x0000016760160000,0x0000016760560000] _byte_map_base: 0x000001675fd60000

Marking Bits (Prev, Next): (CMBitMap*) 0x000001674d5a7860, (CMBitMap*) 0x000001674d5a78a0
 Prev Bits: [0x0000016760960000, 0x0000016762960000)
 Next Bits: [0x0000016762960000, 0x0000016764960000)

Polling page: 0x000001674b4b0000

Metaspace:

Usage:
  Non-class:     55.38 MB used.
      Class:      8.66 MB used.
       Both:     64.05 MB used.

Virtual space:
  Non-class space:       64.00 MB reserved,      55.69 MB ( 87%) committed,  1 nodes.
      Class space:        1.00 GB reserved,       8.94 MB ( <1%) committed,  1 nodes.
             Both:        1.06 GB reserved,      64.62 MB (  6%) committed. 

Chunk freelists:
   Non-Class:  8.00 MB
       Class:  7.02 MB
        Both:  15.02 MB

MaxMetaspaceSize: unlimited
CompressedClassSpaceSize: 1.00 GB
Initial GC threshold: 21.00 MB
Current GC threshold: 101.19 MB
CDS: off
MetaspaceReclaimPolicy: balanced
 - commit_granule_bytes: 65536.
 - commit_granule_words: 8192.
 - virtual_space_node_default_size: 8388608.
 - enlarge_chunks_in_place: 1.
 - new_chunks_are_fully_committed: 0.
 - uncommit_free_chunks: 1.
 - use_allocation_guard: 0.
 - handle_deallocations: 1.


Internal statistics:

num_allocs_failed_limit: 6.
num_arena_births: 748.
num_arena_deaths: 0.
num_vsnodes_births: 2.
num_vsnodes_deaths: 0.
num_space_committed: 1034.
num_space_uncommitted: 0.
num_chunks_returned_to_freelist: 6.
num_chunks_taken_from_freelist: 2982.
num_chunk_merges: 6.
num_chunk_splits: 1992.
num_chunks_enlarged: 1361.
num_inconsistent_stats: 0.

CodeHeap 'non-profiled nmethods': size=120000Kb used=3051Kb max_used=3051Kb free=116948Kb
 bounds [0x00000167584f0000, 0x00000167587f0000, 0x000001675fa20000]
CodeHeap 'profiled nmethods': size=120000Kb used=11429Kb max_used=11429Kb free=108570Kb
 bounds [0x0000016750a20000, 0x0000016751550000, 0x0000016757f50000]
CodeHeap 'non-nmethods': size=5760Kb used=1656Kb max_used=1697Kb free=4103Kb
 bounds [0x0000016757f50000, 0x00000167581c0000, 0x00000167584f0000]
 total_blobs=7223 nmethods=6501 adapters=634
 compilation: enabled
              stopped_count=0, restarted_count=0
 full_count=0

Compilation events (20 events):
Event: 5.410 Thread 0x0000016767599e50 6525       3       com.google.common.reflect.TypeResolver::resolveTypes (32 bytes)
Event: 5.410 Thread 0x0000016767599e50 nmethod 6525 0x000001675153c390 code [0x000001675153c560, 0x000001675153c9a8]
Event: 5.410 Thread 0x0000016767599e50 6526       1       sun.reflect.generics.tree.MethodTypeSignature::getFormalTypeParameters (5 bytes)
Event: 5.410 Thread 0x0000016767599e50 nmethod 6526 0x00000167587ea690 code [0x00000167587ea820, 0x00000167587ea8f8]
Event: 5.411 Thread 0x0000016767599e50 6527       3       com.google.common.collect.LinkedHashMultimap$ValueSet::add (144 bytes)
Event: 5.411 Thread 0x0000016767599e50 nmethod 6527 0x000001675153cb10 code [0x000001675153ce20, 0x000001675153e3f8]
Event: 5.411 Thread 0x0000016767599e50 6528       3       com.google.common.collect.LinkedHashMultimap$ValueSet::mask (8 bytes)
Event: 5.412 Thread 0x0000016767599e50 nmethod 6528 0x000001675153eb90 code [0x000001675153ed20, 0x000001675153ee38]
Event: 5.412 Thread 0x0000016767599e50 6530       3       com.google.common.collect.AbstractMapBasedMultimap$WrappedCollection::<init> (44 bytes)
Event: 5.412 Thread 0x0000016767599e50 nmethod 6530 0x000001675153ef10 code [0x000001675153f0c0, 0x000001675153f558]
Event: 5.412 Thread 0x0000016767599e50 6531       3       com.google.common.collect.AbstractMapBasedMultimap$WrappedSet::<init> (14 bytes)
Event: 5.412 Thread 0x0000016767599e50 nmethod 6531 0x000001675153f690 code [0x000001675153f840, 0x000001675153f9e8]
Event: 5.412 Thread 0x0000016767599e50 6532       3       com.google.common.collect.AbstractSetMultimap::wrapCollection (14 bytes)
Event: 5.412 Thread 0x0000016767599e50 nmethod 6532 0x000001675153fa90 code [0x000001675153fc40, 0x000001675153ff08]
Event: 5.412 Thread 0x0000016767599e50 6529       1       org.gradle.internal.reflect.MutableClassDetails::getInstanceFields (5 bytes)
Event: 5.412 Thread 0x0000016767599e50 nmethod 6529 0x00000167587ea990 code [0x00000167587eab20, 0x00000167587eabf8]
Event: 5.413 Thread 0x0000016767599e50 6533       3       java.util.HashMap::keysToArray (81 bytes)
Event: 5.413 Thread 0x0000016767599e50 nmethod 6533 0x0000016751540010 code [0x00000167515401e0, 0x0000016751540698]
Event: 5.413 Thread 0x0000016767599e50 6534       3       com.google.common.cache.LocalCache$LocalLoadingCache::get (9 bytes)
Event: 5.413 Thread 0x0000016767599e50 nmethod 6534 0x0000016751540890 code [0x0000016751540a40, 0x0000016751540c08]

GC Heap History (20 events):
Event: 2.443 GC heap before
{Heap before GC invocations=6 (full 0):
 garbage-first heap   total 86016K, used 61318K [0x0000000080000000, 0x0000000100000000)
  region size 1024K, 43 young (44032K), 4 survivors (4096K)
 Metaspace       used 35798K, committed 36096K, reserved 1114112K
  class space    used 4890K, committed 5056K, reserved 1048576K
}
Event: 2.447 GC heap after
{Heap after GC invocations=7 (full 0):
 garbage-first heap   total 86016K, used 24309K [0x0000000080000000, 0x0000000100000000)
  region size 1024K, 4 young (4096K), 4 survivors (4096K)
 Metaspace       used 35798K, committed 36096K, reserved 1114112K
  class space    used 4890K, committed 5056K, reserved 1048576K
}
Event: 2.777 GC heap before
{Heap before GC invocations=8 (full 0):
 garbage-first heap   total 86016K, used 63221K [0x0000000080000000, 0x0000000100000000)
  region size 1024K, 43 young (44032K), 4 survivors (4096K)
 Metaspace       used 41347K, committed 41728K, reserved 1114112K
  class space    used 5497K, committed 5696K, reserved 1048576K
}
Event: 2.782 GC heap after
{Heap after GC invocations=9 (full 0):
 garbage-first heap   total 86016K, used 28400K [0x0000000080000000, 0x0000000100000000)
  region size 1024K, 6 young (6144K), 6 survivors (6144K)
 Metaspace       used 41347K, committed 41728K, reserved 1114112K
  class space    used 5497K, committed 5696K, reserved 1048576K
}
Event: 3.089 GC heap before
{Heap before GC invocations=9 (full 0):
 garbage-first heap   total 86016K, used 65264K [0x0000000080000000, 0x0000000100000000)
  region size 1024K, 41 young (41984K), 6 survivors (6144K)
 Metaspace       used 45157K, committed 45504K, reserved 1114112K
  class space    used 6014K, committed 6144K, reserved 1048576K
}
Event: 3.094 GC heap after
{Heap after GC invocations=10 (full 0):
 garbage-first heap   total 86016K, used 30165K [0x0000000080000000, 0x0000000100000000)
  region size 1024K, 3 young (3072K), 3 survivors (3072K)
 Metaspace       used 45157K, committed 45504K, reserved 1114112K
  class space    used 6014K, committed 6144K, reserved 1048576K
}
Event: 3.445 GC heap before
{Heap before GC invocations=10 (full 0):
 garbage-first heap   total 86016K, used 63957K [0x0000000080000000, 0x0000000100000000)
  region size 1024K, 37 young (37888K), 3 survivors (3072K)
 Metaspace       used 49755K, committed 50240K, reserved 1114112K
  class space    used 6739K, committed 6976K, reserved 1048576K
}
Event: 3.448 GC heap after
{Heap after GC invocations=11 (full 0):
 garbage-first heap   total 86016K, used 31660K [0x0000000080000000, 0x0000000100000000)
  region size 1024K, 4 young (4096K), 4 survivors (4096K)
 Metaspace       used 49755K, committed 50240K, reserved 1114112K
  class space    used 6739K, committed 6976K, reserved 1048576K
}
Event: 3.840 GC heap before
{Heap before GC invocations=11 (full 0):
 garbage-first heap   total 86016K, used 66476K [0x0000000080000000, 0x0000000100000000)
  region size 1024K, 38 young (38912K), 4 survivors (4096K)
 Metaspace       used 53909K, committed 54400K, reserved 1114112K
  class space    used 7424K, committed 7616K, reserved 1048576K
}
Event: 3.844 GC heap after
{Heap after GC invocations=12 (full 0):
 garbage-first heap   total 86016K, used 33459K [0x0000000080000000, 0x0000000100000000)
  region size 1024K, 4 young (4096K), 4 survivors (4096K)
 Metaspace       used 53909K, committed 54400K, reserved 1114112K
  class space    used 7424K, committed 7616K, reserved 1048576K
}
Event: 4.326 GC heap before
{Heap before GC invocations=12 (full 0):
 garbage-first heap   total 86016K, used 66227K [0x0000000080000000, 0x0000000100000000)
  region size 1024K, 37 young (37888K), 4 survivors (4096K)
 Metaspace       used 55797K, committed 56384K, reserved 1114112K
  class space    used 7659K, committed 7936K, reserved 1048576K
}
Event: 4.331 GC heap after
{Heap after GC invocations=13 (full 0):
 garbage-first heap   total 103424K, used 36770K [0x0000000080000000, 0x0000000100000000)
  region size 1024K, 5 young (5120K), 5 survivors (5120K)
 Metaspace       used 55797K, committed 56384K, reserved 1114112K
  class space    used 7659K, committed 7936K, reserved 1048576K
}
Event: 4.678 GC heap before
{Heap before GC invocations=13 (full 0):
 garbage-first heap   total 103424K, used 78754K [0x0000000080000000, 0x0000000100000000)
  region size 1024K, 35 young (35840K), 5 survivors (5120K)
 Metaspace       used 57259K, committed 57856K, reserved 1114112K
  class space    used 7839K, committed 8128K, reserved 1048576K
}
Event: 4.683 GC heap after
{Heap after GC invocations=14 (full 0):
 garbage-first heap   total 103424K, used 57283K [0x0000000080000000, 0x0000000100000000)
  region size 1024K, 6 young (6144K), 6 survivors (6144K)
 Metaspace       used 57259K, committed 57856K, reserved 1114112K
  class space    used 7839K, committed 8128K, reserved 1048576K
}
Event: 4.866 GC heap before
{Heap before GC invocations=15 (full 0):
 garbage-first heap   total 103424K, used 80835K [0x0000000080000000, 0x0000000100000000)
  region size 1024K, 28 young (28672K), 6 survivors (6144K)
 Metaspace       used 59042K, committed 59584K, reserved 1114112K
  class space    used 8093K, committed 8384K, reserved 1048576K
}
Event: 4.869 GC heap after
{Heap after GC invocations=16 (full 0):
 garbage-first heap   total 103424K, used 59154K [0x0000000080000000, 0x0000000100000000)
  region size 1024K, 1 young (1024K), 1 survivors (1024K)
 Metaspace       used 59042K, committed 59584K, reserved 1114112K
  class space    used 8093K, committed 8384K, reserved 1048576K
}
Event: 5.057 GC heap before
{Heap before GC invocations=16 (full 0):
 garbage-first heap   total 103424K, used 81682K [0x0000000080000000, 0x0000000100000000)
  region size 1024K, 23 young (23552K), 1 survivors (1024K)
 Metaspace       used 61219K, committed 61824K, reserved 1114112K
  class space    used 8336K, committed 8640K, reserved 1048576K
}
Event: 5.058 GC heap after
{Heap after GC invocations=17 (full 0):
 garbage-first heap   total 103424K, used 59592K [0x0000000080000000, 0x0000000100000000)
  region size 1024K, 2 young (2048K), 2 survivors (2048K)
 Metaspace       used 61219K, committed 61824K, reserved 1114112K
  class space    used 8336K, committed 8640K, reserved 1048576K
}
Event: 5.261 GC heap before
{Heap before GC invocations=18 (full 0):
 garbage-first heap   total 107520K, used 82120K [0x0000000080000000, 0x0000000100000000)
  region size 1024K, 25 young (25600K), 2 survivors (2048K)
 Metaspace       used 63794K, committed 64384K, reserved 1114112K
  class space    used 8598K, committed 8832K, reserved 1048576K
}
Event: 5.264 GC heap after
{Heap after GC invocations=19 (full 0):
 garbage-first heap   total 107520K, used 60168K [0x0000000080000000, 0x0000000100000000)
  region size 1024K, 2 young (2048K), 2 survivors (2048K)
 Metaspace       used 63794K, committed 64384K, reserved 1114112K
  class space    used 8598K, committed 8832K, reserved 1048576K
}

Dll operation events (3 events):
Event: 0.006 Loaded shared library C:\Program Files\Android\Android Studio\jbr\bin\java.dll
Event: 0.090 Loaded shared library C:\Program Files\Android\Android Studio\jbr\bin\zip.dll
Event: 0.255 Loaded shared library C:\Program Files\Android\Android Studio\jbr\bin\verify.dll

Deoptimization events (20 events):
Event: 4.613 Thread 0x000001676d838590 Uncommon trap: trap_request=0xffffffde fr.pc=0x0000016758695b38 relative=0x0000000000000a38
Event: 4.613 Thread 0x000001676d838590 Uncommon trap: reason=class_check action=maybe_recompile pc=0x0000016758695b38 method=java.io.BufferedInputStream.read1([BII)I @ 39 c2
Event: 4.613 Thread 0x000001676d838590 DEOPT PACKING pc=0x0000016758695b38 sp=0x0000001b0b6f6d10
Event: 4.613 Thread 0x000001676d838590 DEOPT UNPACKING pc=0x0000016757faa1a3 sp=0x0000001b0b6f6c28 mode 2
Event: 4.659 Thread 0x000001676d838590 Uncommon trap: trap_request=0xffffffde fr.pc=0x000001675875aeb0 relative=0x00000000000060d0
Event: 4.659 Thread 0x000001676d838590 Uncommon trap: reason=class_check action=maybe_recompile pc=0x000001675875aeb0 method=java.util.jar.JarFile.getManifestFromReference()Ljava/util/jar/Manifest; @ 152 c2
Event: 4.659 Thread 0x000001676d838590 DEOPT PACKING pc=0x000001675875aeb0 sp=0x0000001b0b6f66a0
Event: 4.659 Thread 0x000001676d838590 DEOPT UNPACKING pc=0x0000016757faa1a3 sp=0x0000001b0b6f64f8 mode 2
Event: 4.938 Thread 0x000001676d838590 Uncommon trap: trap_request=0xffffffde fr.pc=0x0000016758695b38 relative=0x0000000000000a38
Event: 4.938 Thread 0x000001676d838590 Uncommon trap: reason=class_check action=maybe_recompile pc=0x0000016758695b38 method=java.io.BufferedInputStream.read1([BII)I @ 39 c2
Event: 4.938 Thread 0x000001676d838590 DEOPT PACKING pc=0x0000016758695b38 sp=0x0000001b0b6f74c0
Event: 4.938 Thread 0x000001676d838590 DEOPT UNPACKING pc=0x0000016757faa1a3 sp=0x0000001b0b6f73d8 mode 2
Event: 4.938 Thread 0x000001676d838590 Uncommon trap: trap_request=0xffffffde fr.pc=0x0000016758696794 relative=0x00000000000001d4
Event: 4.938 Thread 0x000001676d838590 Uncommon trap: reason=class_check action=maybe_recompile pc=0x0000016758696794 method=java.io.BufferedInputStream.read1([BII)I @ 39 c2
Event: 4.938 Thread 0x000001676d838590 DEOPT PACKING pc=0x0000016758696794 sp=0x0000001b0b6f7420
Event: 4.938 Thread 0x000001676d838590 DEOPT UNPACKING pc=0x0000016757faa1a3 sp=0x0000001b0b6f73c8 mode 2
Event: 4.965 Thread 0x000001676d838590 Uncommon trap: trap_request=0xffffffde fr.pc=0x000001675875aeb0 relative=0x00000000000060d0
Event: 4.965 Thread 0x000001676d838590 Uncommon trap: reason=class_check action=maybe_recompile pc=0x000001675875aeb0 method=java.util.jar.JarFile.getManifestFromReference()Ljava/util/jar/Manifest; @ 152 c2
Event: 4.965 Thread 0x000001676d838590 DEOPT PACKING pc=0x000001675875aeb0 sp=0x0000001b0b6f6a70
Event: 4.965 Thread 0x000001676d838590 DEOPT UNPACKING pc=0x0000016757faa1a3 sp=0x0000001b0b6f68c8 mode 2

Classes unloaded (0 events):
No events

Classes redefined (0 events):
No events

Internal exceptions (20 events):
Event: 3.809 Thread 0x000001676d838590 Exception <a 'java/lang/NoSuchMethodError'{0x00000000834efbd8}: 'void java.lang.invoke.DirectMethodHandle$Holder.invokeSpecial(java.lang.Object, java.lang.Object, java.lang.Object, int)'> (0x00000000834efbd8) 
thrown [s\src\hotspot\share\interpreter\linkResolver.cpp, line 771]
Event: 3.864 Thread 0x000001676d838590 Exception <a 'java/lang/NoSuchMethodError'{0x00000000852c1718}: 'int java.lang.invoke.DirectMethodHandle$Holder.invokeSpecialIFC(java.lang.Object, java.lang.Object, java.lang.Object)'> (0x00000000852c1718) 
thrown [s\src\hotspot\share\interpreter\linkResolver.cpp, line 771]
Event: 3.903 Thread 0x000001676d838590 Exception <a 'java/lang/NoSuchMethodError'{0x0000000084e681a0}: 'java.lang.Object java.lang.invoke.DirectMethodHandle$Holder.newInvokeSpecial(java.lang.Object, java.lang.Object, java.lang.Object, java.lang.Object, java.lang.Object, int)'> (0x0000000084e681a0) 
thrown [s\src\hotspot\share\interpreter\linkResolver.cpp, line 771]
Event: 3.903 Thread 0x000001676d838590 Exception <a 'java/lang/NoSuchMethodError'{0x0000000084e6d5f8}: 'java.lang.Object java.lang.invoke.DirectMethodHandle$Holder.invokeSpecial(java.lang.Object, java.lang.Object, java.lang.Object, java.lang.Object, java.lang.Object, java.lang.Object, int)'> (0x0000000084e6d5f8) 
thrown [s\src\hotspot\share\interpreter\linkResolver.cpp, line 771]
Event: 3.906 Thread 0x000001676d838590 Exception <a 'java/lang/NoSuchMethodError'{0x0000000084ea3430}: 'java.lang.Object java.lang.invoke.DirectMethodHandle$Holder.invokeSpecial(java.lang.Object, java.lang.Object, java.lang.Object, java.lang.Object, java.lang.Object, long)'> (0x0000000084ea3430) 
thrown [s\src\hotspot\share\interpreter\linkResolver.cpp, line 771]
Event: 3.907 Thread 0x000001676d838590 Exception <a 'java/lang/NoSuchMethodError'{0x0000000084ec5560}: 'void java.lang.invoke.DirectMethodHandle$Holder.invokeStatic(java.lang.Object, java.lang.Object, java.lang.Object, int, java.lang.Object)'> (0x0000000084ec5560) 
thrown [s\src\hotspot\share\interpreter\linkResolver.cpp, line 771]
Event: 4.324 Thread 0x000001676d838590 Exception <a 'java/lang/NoSuchMethodError'{0x00000000833e2220}: 'long java.lang.invoke.DirectMethodHandle$Holder.invokeVirtual(java.lang.Object, java.lang.Object)'> (0x00000000833e2220) 
thrown [s\src\hotspot\share\interpreter\linkResolver.cpp, line 771]
Event: 4.333 Thread 0x000001676d8394c0 Exception <a 'java/lang/NoSuchMethodError'{0x0000000087b88f18}: static Lorg/gradle/internal/build/event/types/DefaultOperationFinishedProgressEvent;.<clinit>()V> (0x0000000087b88f18) 
thrown [s\src\hotspot\share\prims\jni.cpp, line 1108]
Event: 4.335 Thread 0x000001676d8394c0 Exception <a 'java/lang/NoSuchMethodError'{0x0000000087bb4ec0}: static Lorg/gradle/internal/build/event/types/DefaultProjectConfigurationSuccessResult;.<clinit>()V> (0x0000000087bb4ec0) 
thrown [s\src\hotspot\share\prims\jni.cpp, line 1108]
Event: 4.335 Thread 0x000001676d8394c0 Exception <a 'java/lang/NoSuchMethodError'{0x0000000087bb8f78}: static Lorg/gradle/internal/build/event/types/AbstractProjectConfigurationResult;.<clinit>()V> (0x0000000087bb8f78) 
thrown [s\src\hotspot\share\prims\jni.cpp, line 1108]
Event: 4.335 Thread 0x000001676d8394c0 Exception <a 'java/lang/NoSuchMethodError'{0x0000000087bba480}: static Lorg/gradle/internal/build/event/types/AbstractOperationResult;.<clinit>()V> (0x0000000087bba480) 
thrown [s\src\hotspot\share\prims\jni.cpp, line 1108]
Event: 4.335 Thread 0x000001676d8394c0 Exception <a 'java/lang/NoSuchMethodError'{0x0000000087bbb6c0}: static Lorg/gradle/internal/build/event/types/AbstractResult;.<clinit>()V> (0x0000000087bbb6c0) 
thrown [s\src\hotspot\share\prims\jni.cpp, line 1108]
Event: 4.336 Thread 0x000001676d8394c0 Exception <a 'java/lang/NoSuchMethodError'{0x0000000087bd0f68}: static Lorg/gradle/internal/build/event/types/DefaultPluginApplicationResult;.<clinit>()V> (0x0000000087bd0f68) 
thrown [s\src\hotspot\share\prims\jni.cpp, line 1108]
Event: 4.337 Thread 0x000001676d8394c0 Exception <a 'java/lang/NoSuchMethodError'{0x0000000087bdc2d8}: static Lorg/gradle/internal/build/event/types/DefaultBinaryPluginIdentifier;.<clinit>()V> (0x0000000087bdc2d8) 
thrown [s\src\hotspot\share\prims\jni.cpp, line 1108]
Event: 4.338 Thread 0x000001676d8394c0 Exception <a 'java/lang/NoSuchMethodError'{0x0000000087bf2c50}: static Lorg/gradle/internal/build/event/types/DefaultScriptPluginIdentifier;.<clinit>()V> (0x0000000087bf2c50) 
thrown [s\src\hotspot\share\prims\jni.cpp, line 1108]
Event: 4.426 Thread 0x000001676d838590 Exception <a 'java/lang/NoSuchMethodError'{0x0000000085ea7d00}: 'void java.lang.invoke.Invokers$Holder.invoke_MT(java.lang.Object, java.lang.Object, java.lang.Object, java.lang.Object)'> (0x0000000085ea7d00) 
thrown [s\src\hotspot\share\interpreter\linkResolver.cpp, line 771]
Event: 4.531 Thread 0x000001676d838590 Exception <a 'java/lang/ClassNotFoundException'{0x0000000085785588}: sun/misc/SharedSecrets> (0x0000000085785588) 
thrown [s\src\hotspot\share\classfile\systemDictionary.cpp, line 256]
Event: 4.531 Thread 0x000001676d838590 Exception <a 'java/lang/ClassNotFoundException'{0x0000000085786b60}: org/gradle/api/internal/plugins/DefaultObjectConfigurationActionBeanInfo> (0x0000000085786b60) 
thrown [s\src\hotspot\share\classfile\systemDictionary.cpp, line 256]
Event: 4.532 Thread 0x000001676d838590 Exception <a 'java/lang/ClassNotFoundException'{0x000000008579d348}: org/gradle/api/internal/plugins/DefaultObjectConfigurationActionCustomizer> (0x000000008579d348) 
thrown [s\src\hotspot\share\classfile\systemDictionary.cpp, line 256]
Event: 4.921 Thread 0x000001676d838590 Exception <a 'java/lang/NoSuchMethodError'{0x0000000085fb8ef0}: 'int java.lang.invoke.DirectMethodHandle$Holder.invokeInterface(java.lang.Object, java.lang.Object, java.lang.Object, java.lang.Object)'> (0x0000000085fb8ef0) 
thrown [s\src\hotspot\share\interpreter\linkResolver.cpp, line 771]

VM Operations (20 events):
Event: 4.699 Executing VM operation: G1PauseRemark
Event: 4.701 Executing VM operation: G1PauseRemark done
Event: 4.710 Executing VM operation: G1PauseCleanup
Event: 4.710 Executing VM operation: G1PauseCleanup done
Event: 4.866 Executing VM operation: G1CollectForAllocation
Event: 4.869 Executing VM operation: G1CollectForAllocation done
Event: 4.914 Executing VM operation: HandshakeAllThreads
Event: 4.914 Executing VM operation: HandshakeAllThreads done
Event: 4.919 Executing VM operation: HandshakeAllThreads
Event: 4.919 Executing VM operation: HandshakeAllThreads done
Event: 4.920 Executing VM operation: HandshakeAllThreads
Event: 4.920 Executing VM operation: HandshakeAllThreads done
Event: 5.056 Executing VM operation: G1CollectForAllocation
Event: 5.058 Executing VM operation: G1CollectForAllocation done
Event: 5.085 Executing VM operation: G1PauseRemark
Event: 5.087 Executing VM operation: G1PauseRemark done
Event: 5.099 Executing VM operation: G1PauseCleanup
Event: 5.099 Executing VM operation: G1PauseCleanup done
Event: 5.261 Executing VM operation: G1CollectForAllocation
Event: 5.264 Executing VM operation: G1CollectForAllocation done

Events (20 events):
Event: 5.098 loading class java/time/format/DateTimeTextProvider$LocaleStore done
Event: 5.098 loading class java/time/format/DateTimeTextProvider
Event: 5.098 loading class java/time/format/DateTimeTextProvider done
Event: 5.099 loading class java/time/format/DateTimeTextProvider$1
Event: 5.099 loading class java/time/format/DateTimeTextProvider$1 done
Event: 5.099 loading class java/time/format/DateTimeFormatterBuilder$1
Event: 5.099 loading class java/time/format/DateTimeFormatterBuilder$1 done
Event: 5.099 loading class java/time/format/DateTimeFormatterBuilder$TextPrinterParser
Event: 5.099 loading class java/time/format/DateTimeFormatterBuilder$TextPrinterParser done
Event: 5.100 loading class java/util/concurrent/Executors$DefaultThreadFactory
Event: 5.100 loading class java/util/concurrent/Executors$DefaultThreadFactory done
Event: 5.143 Thread 0x000001676e971ec0 Thread added: 0x000001676e971ec0
Event: 5.208 loading class java/nio/charset/UnsupportedCharsetException
Event: 5.208 loading class java/nio/charset/UnsupportedCharsetException done
Event: 5.234 loading class java/util/IdentityHashMap$KeyIterator
Event: 5.234 loading class java/util/IdentityHashMap$IdentityHashMapIterator
Event: 5.234 loading class java/util/IdentityHashMap$IdentityHashMapIterator done
Event: 5.234 loading class java/util/IdentityHashMap$KeyIterator done
Event: 5.242 loading class jdk/internal/access/foreign/MemorySegmentProxy
Event: 5.242 loading class jdk/internal/access/foreign/MemorySegmentProxy done


Dynamic libraries:
0x00007ff7be7a0000 - 0x00007ff7be7aa000 	C:\Program Files\Android\Android Studio\jbr\bin\java.exe
0x00007ffba1610000 - 0x00007ffba1826000 	C:\WINDOWS\SYSTEM32\ntdll.dll
0x00007ffba0b60000 - 0x00007ffba0c24000 	C:\WINDOWS\System32\KERNEL32.DLL
0x00007ffb9ed60000 - 0x00007ffb9f107000 	C:\WINDOWS\System32\KERNELBASE.dll
0x00007ffb9e9d0000 - 0x00007ffb9eae1000 	C:\WINDOWS\System32\ucrtbase.dll
0x00007ffb97850000 - 0x00007ffb97867000 	C:\Program Files\Android\Android Studio\jbr\bin\jli.dll
0x00007ffb972d0000 - 0x00007ffb972eb000 	C:\Program Files\Android\Android Studio\jbr\bin\VCRUNTIME140.dll
0x00007ffb9f6f0000 - 0x00007ffb9f89e000 	C:\WINDOWS\System32\USER32.dll
0x00007ffb9ed30000 - 0x00007ffb9ed56000 	C:\WINDOWS\System32\win32u.dll
0x00007ffb81f50000 - 0x00007ffb821e3000 	C:\WINDOWS\WinSxS\amd64_microsoft.windows.common-controls_6595b64144ccf1df_6.0.22621.3235_none_270f74e173860f98\COMCTL32.dll
0x00007ffba0aa0000 - 0x00007ffba0ac9000 	C:\WINDOWS\System32\GDI32.dll
0x00007ffba09f0000 - 0x00007ffba0a97000 	C:\WINDOWS\System32\msvcrt.dll
0x00007ffb9eaf0000 - 0x00007ffb9ec09000 	C:\WINDOWS\System32\gdi32full.dll
0x00007ffb9e930000 - 0x00007ffb9e9ca000 	C:\WINDOWS\System32\msvcp_win.dll
0x00007ffb9fde0000 - 0x00007ffb9fe11000 	C:\WINDOWS\System32\IMM32.DLL
0x00007ffb962f0000 - 0x00007ffb962fc000 	C:\Program Files\Android\Android Studio\jbr\bin\vcruntime140_1.dll
0x00007ffb86290000 - 0x00007ffb8631d000 	C:\Program Files\Android\Android Studio\jbr\bin\msvcp140.dll
0x00007ffb36560000 - 0x00007ffb371e3000 	C:\Program Files\Android\Android Studio\jbr\bin\server\jvm.dll
0x00007ffb9f8a0000 - 0x00007ffb9f952000 	C:\WINDOWS\System32\ADVAPI32.dll
0x00007ffba0c90000 - 0x00007ffba0d38000 	C:\WINDOWS\System32\sechost.dll
0x00007ffb9ec80000 - 0x00007ffb9eca8000 	C:\WINDOWS\System32\bcrypt.dll
0x00007ffba0f00000 - 0x00007ffba1015000 	C:\WINDOWS\System32\RPCRT4.dll
0x00007ffb974a0000 - 0x00007ffb974d4000 	C:\WINDOWS\SYSTEM32\WINMM.dll
0x00007ffb9e800000 - 0x00007ffb9e84d000 	C:\WINDOWS\SYSTEM32\POWRPROF.dll
0x00007ffb9b9e0000 - 0x00007ffb9b9e9000 	C:\WINDOWS\SYSTEM32\WSOCK32.dll
0x00007ffb97350000 - 0x00007ffb9735a000 	C:\WINDOWS\SYSTEM32\VERSION.dll
0x00007ffba0ae0000 - 0x00007ffba0b51000 	C:\WINDOWS\System32\WS2_32.dll
0x00007ffb9e7e0000 - 0x00007ffb9e7f3000 	C:\WINDOWS\SYSTEM32\UMPDC.dll
0x00007ffb9d970000 - 0x00007ffb9d988000 	C:\WINDOWS\SYSTEM32\kernel.appcore.dll
0x00007ffb9b9d0000 - 0x00007ffb9b9da000 	C:\Program Files\Android\Android Studio\jbr\bin\jimage.dll
0x00007ffb93150000 - 0x00007ffb93383000 	C:\WINDOWS\SYSTEM32\DBGHELP.DLL
0x00007ffba1240000 - 0x00007ffba15c8000 	C:\WINDOWS\System32\combase.dll
0x00007ffba1160000 - 0x00007ffba1237000 	C:\WINDOWS\System32\OLEAUT32.dll
0x00007ffb7c330000 - 0x00007ffb7c362000 	C:\WINDOWS\SYSTEM32\dbgcore.DLL
0x00007ffb9ecb0000 - 0x00007ffb9ed29000 	C:\WINDOWS\System32\bcryptPrimitives.dll
0x00007ffb99c20000 - 0x00007ffb99c2e000 	C:\Program Files\Android\Android Studio\jbr\bin\instrument.dll
0x00007ffb9b9a0000 - 0x00007ffb9b9c5000 	C:\Program Files\Android\Android Studio\jbr\bin\java.dll
0x00007ffb9b980000 - 0x00007ffb9b998000 	C:\Program Files\Android\Android Studio\jbr\bin\zip.dll
0x00007ffba0080000 - 0x00007ffba08dc000 	C:\WINDOWS\System32\SHELL32.dll
0x00007ffb9c890000 - 0x00007ffb9d189000 	C:\WINDOWS\SYSTEM32\windows.storage.dll
0x00007ffb9c750000 - 0x00007ffb9c88e000 	C:\WINDOWS\SYSTEM32\wintypes.dll
0x00007ffba0d40000 - 0x00007ffba0e33000 	C:\WINDOWS\System32\SHCORE.dll
0x00007ffba0e40000 - 0x00007ffba0e9e000 	C:\WINDOWS\System32\shlwapi.dll
0x00007ffb9e860000 - 0x00007ffb9e881000 	C:\WINDOWS\SYSTEM32\profapi.dll
0x00007ffb9b960000 - 0x00007ffb9b979000 	C:\Program Files\Android\Android Studio\jbr\bin\net.dll
0x00007ffb99320000 - 0x00007ffb99456000 	C:\WINDOWS\SYSTEM32\WINHTTP.dll
0x00007ffb9dde0000 - 0x00007ffb9de49000 	C:\WINDOWS\system32\mswsock.dll
0x00007ffb9b940000 - 0x00007ffb9b956000 	C:\Program Files\Android\Android Studio\jbr\bin\nio.dll
0x00007ffb99c30000 - 0x00007ffb99c40000 	C:\Program Files\Android\Android Studio\jbr\bin\verify.dll
0x00007ffb89850000 - 0x00007ffb89877000 	C:\Users\ASUS\.gradle\native\c067742578af261105cb4f569cf0c3c89f3d7b1fecec35dd04571415982c5e48\windows-amd64\native-platform.dll
0x00007ffb57420000 - 0x00007ffb57564000 	C:\Users\ASUS\.gradle\native\38dada09dfb8b06ba9b0570ebf7e218e3eb74d4ef43ca46872605cf95ebc2f47\windows-amd64\native-platform-file-events.dll
0x00007ffb9b920000 - 0x00007ffb9b929000 	C:\Program Files\Android\Android Studio\jbr\bin\management.dll
0x00007ffb9b8b0000 - 0x00007ffb9b8bb000 	C:\Program Files\Android\Android Studio\jbr\bin\management_ext.dll
0x00007ffba0ad0000 - 0x00007ffba0ad8000 	C:\WINDOWS\System32\PSAPI.DLL
0x00007ffb9e040000 - 0x00007ffb9e05b000 	C:\WINDOWS\SYSTEM32\CRYPTSP.dll
0x00007ffb9d8d0000 - 0x00007ffb9d905000 	C:\WINDOWS\system32\rsaenh.dll
0x00007ffb9dee0000 - 0x00007ffb9df08000 	C:\WINDOWS\SYSTEM32\USERENV.dll
0x00007ffb9e060000 - 0x00007ffb9e06c000 	C:\WINDOWS\SYSTEM32\CRYPTBASE.dll
0x00007ffb9d3f0000 - 0x00007ffb9d41d000 	C:\WINDOWS\SYSTEM32\IPHLPAPI.DLL
0x00007ffba0c30000 - 0x00007ffba0c39000 	C:\WINDOWS\System32\NSI.dll
0x00007ffb99290000 - 0x00007ffb992a9000 	C:\WINDOWS\SYSTEM32\dhcpcsvc6.DLL
0x00007ffb99250000 - 0x00007ffb9926f000 	C:\WINDOWS\SYSTEM32\dhcpcsvc.DLL
0x00007ffb9d460000 - 0x00007ffb9d559000 	C:\WINDOWS\SYSTEM32\DNSAPI.dll
0x00007ffb9b930000 - 0x00007ffb9b938000 	C:\WINDOWS\system32\wshunix.dll

dbghelp: loaded successfully - version: 4.0.5 - missing functions: none
symbol engine: initialized successfully - sym options: 0x614 - pdb path: .;C:\Program Files\Android\Android Studio\jbr\bin;C:\WINDOWS\SYSTEM32;C:\WINDOWS\WinSxS\amd64_microsoft.windows.common-controls_6595b64144ccf1df_6.0.22621.3235_none_270f74e173860f98;C:\Program Files\Android\Android Studio\jbr\bin\server;C:\Users\ASUS\.gradle\native\c067742578af261105cb4f569cf0c3c89f3d7b1fecec35dd04571415982c5e48\windows-amd64;C:\Users\ASUS\.gradle\native\38dada09dfb8b06ba9b0570ebf7e218e3eb74d4ef43ca46872605cf95ebc2f47\windows-amd64

VM Arguments:
jvm_args: --add-opens=java.base/java.util=ALL-UNNAMED --add-opens=java.base/java.lang=ALL-UNNAMED --add-opens=java.base/java.lang.invoke=ALL-UNNAMED --add-opens=java.prefs/java.util.prefs=ALL-UNNAMED --add-opens=java.base/java.nio.charset=ALL-UNNAMED --add-opens=java.base/java.net=ALL-UNNAMED --add-opens=java.base/java.util.concurrent.atomic=ALL-UNNAMED -Xmx2048m -Dfile.encoding=UTF-8 -Duser.country=ID -Duser.language=en -Duser.variant -javaagent:C:\Users\ASUS\.gradle\wrapper\dists\gradle-8.4-bin\1w5dpkrfk8irigvoxmyhowfim\gradle-8.4\lib\agents\gradle-instrumentation-agent-8.4.jar 
java_command: org.gradle.launcher.daemon.bootstrap.GradleDaemon 8.4
java_class_path (initial): C:\Users\ASUS\.gradle\wrapper\dists\gradle-8.4-bin\1w5dpkrfk8irigvoxmyhowfim\gradle-8.4\lib\gradle-launcher-8.4.jar
Launcher Type: SUN_STANDARD

[Global flags]
     intx CICompilerCount                          = 4                                         {product} {ergonomic}
     uint ConcGCThreads                            = 2                                         {product} {ergonomic}
     uint G1ConcRefinementThreads                  = 8                                         {product} {ergonomic}
   size_t G1HeapRegionSize                         = 1048576                                   {product} {ergonomic}
    uintx GCDrainStackTargetSize                   = 64                                        {product} {ergonomic}
   size_t InitialHeapSize                          = 130023424                                 {product} {ergonomic}
   size_t MarkStackSize                            = 4194304                                   {product} {ergonomic}
   size_t MaxHeapSize                              = 2147483648                                {product} {command line}
   size_t MaxNewSize                               = 1287651328                                {product} {ergonomic}
   size_t MinHeapDeltaBytes                        = 1048576                                   {product} {ergonomic}
   size_t MinHeapSize                              = 8388608                                   {product} {ergonomic}
    uintx NonNMethodCodeHeapSize                   = 5839372                                {pd product} {ergonomic}
    uintx NonProfiledCodeHeapSize                  = 122909434                              {pd product} {ergonomic}
    uintx ProfiledCodeHeapSize                     = 122909434                              {pd product} {ergonomic}
    uintx ReservedCodeCacheSize                    = 251658240                              {pd product} {ergonomic}
     bool SegmentedCodeCache                       = true                                      {product} {ergonomic}
   size_t SoftMaxHeapSize                          = 2147483648                             {manageable} {ergonomic}
     bool UseCompressedClassPointers               = true                           {product lp64_product} {ergonomic}
     bool UseCompressedOops                        = true                           {product lp64_product} {ergonomic}
     bool UseG1GC                                  = true                                      {product} {ergonomic}
     bool UseLargePagesIndividualAllocation        = false                                  {pd product} {ergonomic}

Logging:
Log output configuration:
 #0: stdout all=warning uptime,level,tags
 #1: stderr all=off uptime,level,tags

Environment Variables:
PATH=C:\Program Files\Common Files\Oracle\Java\javapath;C:\WINDOWS\system32;C:\WINDOWS;C:\WINDOWS\System32\Wbem;C:\WINDOWS\System32\WindowsPowerShell\v1.0\;C:\WINDOWS\System32\OpenSSH\;C:\xampp\mysql\bin;C:\Program Files\PuTTY\;C:\xampp\php;C:\Users\ASUS\AppData\Local\Programs\Python\Python311\Scripts\;C:\Users\ASUS\AppData\Local\Programs\Python\Python311\;C:\Users\ASUS\AppData\Local\Microsoft\WindowsApps;;C:\Users\ASUS\AppData\Local\Programs\Microsoft VS Code\bin;C:\Program Files\JetBrains\IntelliJ IDEA Community Edition 2023.2.2\bin;
USERNAME=ASUS
OS=Windows_NT
PROCESSOR_IDENTIFIER=Intel64 Family 6 Model 140 Stepping 1, GenuineIntel
TMP=C:\Users\ASUS\AppData\Local\Temp
TEMP=C:\Users\ASUS\AppData\Local\Temp



Periodic native trim disabled

JNI global refs:
JNI global refs: 27, weak refs: 8

JNI global refs memory usage: 843, weak refs: 841

OOME stack traces (most recent first):
Classloader memory used:
Loader org.gradle.internal.classloader.VisitableURLClassLoader                         : 3561K
Loader bootstrap                                                                       : 2520K
Loader org.gradle.initialization.MixInLegacyTypesClassLoader                           : 1118K
Loader org.gradle.internal.classloader.VisitableURLClassLoader$InstrumentingVisitableURLClassLoader: 874K
Loader jdk.internal.loader.ClassLoaders$PlatformClassLoader                            : 65565B
Loader jdk.internal.reflect.DelegatingClassLoader                                      : 29176B
Loader jdk.internal.loader.ClassLoaders$AppClassLoader                                 : 28117B
Loader org.gradle.internal.classloader.VisitableURLClassLoader                         : 8099B

Classes loaded by more than one classloader:
Class Program                                                                         : loaded 4 times (x 72B)
Class com.google.common.collect.Iterators$MergingIterator                             : loaded 2 times (x 79B)
Class [Lcom.google.common.collect.AbstractMapEntry;                                   : loaded 2 times (x 67B)
Class com.google.common.collect.SingletonImmutableList                                : loaded 2 times (x 167B)
Class com.google.common.cache.CacheLoader$SupplierToCacheLoader                       : loaded 2 times (x 73B)
Class org.gradle.internal.classpath.ClassPath                                         : loaded 2 times (x 68B)
Class com.google.common.cache.RemovalListener                                         : loaded 2 times (x 68B)
Class org.gradle.api.internal.classpath.DefaultModuleRegistry                         : loaded 2 times (x 84B)
Class Settings_gradle$1$1                                                             : loaded 2 times (x 72B)
Class com.google.common.collect.ListMultimap                                          : loaded 2 times (x 68B)
Class com.google.common.base.CharMatcher$JavaDigit                                    : loaded 2 times (x 109B)
Class com.google.common.base.CharMatcher$Digit                                        : loaded 2 times (x 110B)
Class com.google.common.collect.AbstractMultimap                                      : loaded 2 times (x 121B)
Class com.google.common.cache.CacheBuilder$OneWeigher                                 : loaded 2 times (x 80B)
Class org.gradle.api.Action                                                           : loaded 2 times (x 68B)
Class com.google.common.collect.ImmutableEntry                                        : loaded 2 times (x 80B)
Class com.google.common.collect.Lists$StringAsImmutableList                           : loaded 2 times (x 167B)
Class com.google.common.cache.LocalCache$StrongEntry                                  : loaded 2 times (x 106B)
Class com.google.common.base.CharMatcher                                              : loaded 2 times (x 109B)
Class com.google.common.base.CharMatcher$IsNot                                        : loaded 2 times (x 109B)
Class com.google.common.base.Splitter                                                 : loaded 2 times (x 70B)
Class [Lcom.google.common.cache.Weigher;                                              : loaded 2 times (x 67B)
Class com.google.common.collect.Iterators$ArrayItr                                    : loaded 2 times (x 95B)
Class com.google.common.cache.LocalCache$Segment                                      : loaded 2 times (x 152B)
Class org.gradle.api.internal.DefaultClassPathProvider                                : loaded 2 times (x 74B)
Class org.gradle.internal.installation.GradleInstallation$1                           : loaded 2 times (x 73B)
Class com.google.common.cache.LocalCache$AbstractReferenceEntry                       : loaded 2 times (x 105B)
Class com.google.common.util.concurrent.AbstractFuture$Failure                        : loaded 2 times (x 70B)
Class com.google.common.base.CharMatcher$BitSetMatcher                                : loaded 2 times (x 110B)
Class com.google.common.collect.ImmutableMap$IteratorBasedImmutableMap                : loaded 2 times (x 123B)
Class com.google.common.collect.ImmutableMap                                          : loaded 2 times (x 118B)
Class com.google.common.base.Converter                                                : loaded 2 times (x 88B)
Class com.google.common.collect.ImmutableSet$EmptySetBuilderImpl                      : loaded 2 times (x 74B)
Class com.google.common.base.Equivalence                                              : loaded 2 times (x 80B)
Class com.google.common.cache.LocalCache$EntryFactory$1                               : loaded 2 times (x 81B)
Class com.google.common.cache.LocalCache$EntryFactory$2                               : loaded 2 times (x 81B)
Class com.google.common.cache.LocalCache$EntryFactory$3                               : loaded 2 times (x 81B)
Class com.google.common.cache.LocalCache$EntryFactory$4                               : loaded 2 times (x 81B)
Class com.google.common.cache.LocalCache$EntryFactory$5                               : loaded 2 times (x 81B)
Class com.google.common.cache.LocalCache$EntryFactory$6                               : loaded 2 times (x 81B)
Class com.google.common.cache.LocalCache$EntryFactory$7                               : loaded 2 times (x 81B)
Class com.google.common.cache.LocalCache$EntryFactory$8                               : loaded 2 times (x 81B)
Class com.google.common.base.Predicate                                                : loaded 2 times (x 68B)
Class com.google.common.cache.LocalCache$StrongValueReference                         : loaded 2 times (x 88B)
Class org.gradle.internal.classloader.FilteringClassLoader                            : loaded 2 times (x 103B)
Class com.google.common.collect.RegularImmutableSet                                   : loaded 2 times (x 146B)
Class [Lcom.google.common.cache.LocalCache$Strength;                                  : loaded 2 times (x 67B)
Class org.gradle.internal.classpath.DefaultClassPath$ImmutableUniqueList$Builder      : loaded 2 times (x 73B)
Class com.google.common.collect.Maps$8                                                : loaded 2 times (x 80B)
Class [Lcom.google.common.cache.CacheBuilder$NullListener;                            : loaded 2 times (x 67B)
Class com.google.common.base.PatternCompiler                                          : loaded 2 times (x 68B)
Class com.google.common.base.CharMatcher$InRange                                      : loaded 2 times (x 109B)
Class com.google.common.collect.BiMap                                                 : loaded 2 times (x 68B)
Class com.google.common.collect.Lists                                                 : loaded 2 times (x 69B)
Class com.google.common.math.IntMath$1                                                : loaded 2 times (x 69B)
Class org.gradle.internal.classloader.ClassLoaderVisitor                              : loaded 2 times (x 74B)
Class com.google.common.cache.CacheBuilder$NullListener                               : loaded 2 times (x 80B)
Class com.google.common.math.MathPreconditions                                        : loaded 2 times (x 69B)
Class org.gradle.internal.service.DefaultServiceLocator                               : loaded 2 times (x 81B)
Class org.gradle.internal.service.UnknownServiceException                             : loaded 2 times (x 81B)
Class com.google.common.util.concurrent.AbstractFuture$SynchronizedHelper             : loaded 2 times (x 76B)
Class com.google.common.collect.ArrayListMultimap                                     : loaded 2 times (x 170B)
Class com.google.common.base.Strings                                                  : loaded 2 times (x 69B)
Class com.google.common.cache.CacheLoader$InvalidCacheLoadException                   : loaded 2 times (x 80B)
Class org.gradle.internal.classloader.DefaultClassLoaderFactory                       : loaded 2 times (x 80B)
Class com.google.common.collect.UnmodifiableIterator                                  : loaded 2 times (x 78B)
Class com.google.common.base.Stopwatch                                                : loaded 2 times (x 70B)
Class com.google.common.base.Platform$JdkPatternCompiler                              : loaded 2 times (x 73B)
Class com.google.common.cache.LocalCache$LoadingValueReference                        : loaded 2 times (x 94B)
Class com.google.common.base.CharMatcher$SingleWidth                                  : loaded 2 times (x 110B)
Class com.google.common.collect.Hashing                                               : loaded 2 times (x 69B)
Class com.google.common.base.JdkPattern                                               : loaded 2 times (x 73B)
Class com.google.common.collect.Multimap                                              : loaded 2 times (x 68B)
Class com.google.common.base.FunctionalEquivalence                                    : loaded 2 times (x 81B)
Class com.google.common.cache.LocalCache$1                                            : loaded 2 times (x 87B)
Class com.google.common.cache.LocalCache$2                                            : loaded 2 times (x 140B)
Class com.google.common.collect.RegularImmutableBiMap                                 : loaded 2 times (x 146B)
Class org.gradle.internal.classloader.VisitableURLClassLoader$Spec                    : loaded 2 times (x 72B)
Class org.gradle.api.GradleException                                                  : loaded 2 times (x 80B)
Class com.google.common.base.CharMatcher$JavaLetterOrDigit                            : loaded 2 times (x 109B)
Class org.gradle.api.internal.classpath.ModuleRegistry                                : loaded 2 times (x 68B)
Class com.google.common.collect.ForwardingObject                                      : loaded 2 times (x 70B)
Class com.google.common.cache.CacheBuilder                                            : loaded 2 times (x 70B)
Class com.google.common.collect.ImmutableCollection                                   : loaded 2 times (x 123B)
Class com.google.common.base.PairwiseEquivalence                                      : loaded 2 times (x 81B)
Class com.google.common.base.Ticker                                                   : loaded 2 times (x 70B)
Class org.gradle.api.internal.ClassPathProvider                                       : loaded 2 times (x 68B)
Class com.google.common.collect.RegularImmutableMap$Values                            : loaded 2 times (x 167B)
Class org.gradle.internal.classloader.ClasspathUtil$1                                 : loaded 2 times (x 74B)
Class com.google.common.collect.ImmutableEnumMap                                      : loaded 2 times (x 123B)
Class com.google.common.collect.ForwardingMap                                         : loaded 2 times (x 130B)
Class com.google.common.collect.ImmutableList$ReverseImmutableList                    : loaded 2 times (x 168B)
Class com.google.common.cache.AbstractCache$StatsCounter                              : loaded 2 times (x 68B)
Class com.google.common.cache.LocalCache$Strength$1                                   : loaded 2 times (x 79B)
Class com.google.common.cache.LocalCache$Strength$2                                   : loaded 2 times (x 79B)
Class com.google.common.cache.LocalCache$Strength$3                                   : loaded 2 times (x 79B)
Class org.gradle.internal.classloader.ClassLoaderFactory                              : loaded 2 times (x 68B)
Class com.google.common.collect.ObjectArrays                                          : loaded 2 times (x 69B)
Class com.google.common.util.concurrent.AbstractFuture$Waiter                         : loaded 2 times (x 70B)
Class com.google.common.util.concurrent.Uninterruptibles                              : loaded 2 times (x 69B)
Class com.google.common.collect.Iterators$10                                          : loaded 2 times (x 79B)
Class com.google.common.collect.ImmutableList                                         : loaded 2 times (x 166B)
Class org.gradle.api.internal.classpath.ManifestUtil                                  : loaded 2 times (x 69B)
Class org.gradle.api.specs.Spec                                                       : loaded 2 times (x 68B)
Class com.google.common.cache.CacheLoader$UnsupportedLoadingOperationException        : loaded 2 times (x 80B)
Class com.google.common.base.CharMatcher$Whitespace                                   : loaded 2 times (x 110B)
Class com.google.common.util.concurrent.ListenableFuture                              : loaded 2 times (x 68B)
Class com.google.common.collect.Iterators$1                                           : loaded 2 times (x 79B)
Class com.google.common.collect.Iterators$4                                           : loaded 2 times (x 80B)
Class com.google.common.collect.RegularImmutableMap$BucketOverflowException           : loaded 2 times (x 80B)
Class com.google.common.collect.Iterators$5                                           : loaded 2 times (x 80B)
Class com.google.common.util.concurrent.AbstractFuture$UnsafeAtomicHelper             : loaded 2 times (x 76B)
Class com.google.common.base.Equivalence$Equals                                       : loaded 2 times (x 80B)
Class com.google.common.base.Preconditions                                            : loaded 2 times (x 69B)
Class com.google.common.base.Function                                                 : loaded 2 times (x 68B)
Class com.google.common.collect.Iterators$9                                           : loaded 2 times (x 79B)
Class org.gradle.internal.IoActions                                                   : loaded 2 times (x 69B)
Class com.google.common.cache.ReferenceEntry                                          : loaded 2 times (x 68B)
Class com.google.common.collect.RegularImmutableMap$KeySet                            : loaded 2 times (x 148B)
Class com.google.common.collect.CollectPreconditions                                  : loaded 2 times (x 69B)
Class com.google.common.collect.Maps                                                  : loaded 2 times (x 69B)
Class com.google.common.collect.RegularImmutableMap                                   : loaded 2 times (x 119B)
Class com.google.common.collect.AbstractIndexedListIterator                           : loaded 2 times (x 94B)
Class com.google.common.base.CharMatcher$None                                         : loaded 2 times (x 110B)
Class org.gradle.api.internal.classpath.EffectiveClassPath                            : loaded 2 times (x 88B)
Class com.google.common.collect.UnmodifiableListIterator                              : loaded 2 times (x 93B)
Class com.google.common.cache.CacheLoader$FunctionToCacheLoader                       : loaded 2 times (x 73B)
Class com.google.common.cache.CacheBuilder$1                                          : loaded 2 times (x 83B)
Class com.google.common.cache.CacheBuilder$2                                          : loaded 2 times (x 70B)
Class com.google.common.collect.ImmutableList$1                                       : loaded 2 times (x 95B)
Class com.google.common.base.Splitter$Strategy                                        : loaded 2 times (x 68B)
Class com.google.common.collect.ImmutableMapEntrySet$RegularEntrySet                  : loaded 2 times (x 149B)
Class [Lcom.google.common.cache.RemovalListener;                                      : loaded 2 times (x 67B)
Class [Lcom.google.common.collect.ImmutableMapEntry;                                  : loaded 2 times (x 67B)
Class org.gradle.internal.installation.CurrentGradleInstallation                      : loaded 2 times (x 71B)
Class org.gradle.internal.agents.InstrumentingClassLoader                             : loaded 2 times (x 68B)
Class org.gradle.internal.installation.CurrentGradleInstallationLocator               : loaded 2 times (x 69B)
Class [Lcom.google.common.cache.LocalCache$Segment;                                   : loaded 2 times (x 67B)
Class org.gradle.api.internal.classpath.Module                                        : loaded 2 times (x 68B)
Class com.google.common.base.Splitter$1$1                                             : loaded 2 times (x 84B)
Class com.google.common.collect.ImmutableSet$JdkBackedSetBuilderImpl                  : loaded 2 times (x 74B)
Class com.google.common.collect.ImmutableSet$RegularSetBuilderImpl                    : loaded 2 times (x 75B)
Class org.gradle.internal.service.CachingServiceLocator                               : loaded 2 times (x 80B)
Class [Lcom.google.common.collect.ImmutableEntry;                                     : loaded 2 times (x 67B)
Class org.gradle.internal.classpath.DefaultClassPath                                  : loaded 2 times (x 88B)
Class com.google.common.util.concurrent.AbstractFuture$SetFuture                      : loaded 2 times (x 73B)
Class com.google.common.base.Splitter$SplittingIterator                               : loaded 2 times (x 82B)
Class com.google.common.cache.LocalCache$LocalManualCache$1                           : loaded 2 times (x 73B)
Class Build_gradle$1                                                                  : loaded 2 times (x 76B)
Class [Lcom.google.common.cache.LocalCache$EntryFactory;                              : loaded 2 times (x 67B)
Class com.google.common.base.CharMatcher$Is                                           : loaded 2 times (x 109B)
Class com.google.common.base.Platform                                                 : loaded 2 times (x 69B)
Class com.google.common.collect.RegularImmutableAsList                                : loaded 2 times (x 176B)
Class com.google.common.collect.PeekingIterator                                       : loaded 2 times (x 68B)
Class com.google.common.collect.ImmutableMapEntrySet                                  : loaded 2 times (x 149B)
Class com.google.common.cache.CacheLoader                                             : loaded 2 times (x 72B)
Class com.google.common.collect.ImmutableBiMapFauxverideShim                          : loaded 2 times (x 118B)
Class com.google.common.cache.Cache                                                   : loaded 2 times (x 68B)
Class org.gradle.internal.classloader.SystemClassLoaderSpec                           : loaded 2 times (x 69B)
Class com.google.common.util.concurrent.internal.InternalFutureFailureAccess          : loaded 2 times (x 70B)
Class com.google.common.collect.SingletonImmutableSet                                 : loaded 2 times (x 144B)
Class [Lcom.google.common.base.AbstractIterator$State;                                : loaded 2 times (x 67B)
Class com.google.common.collect.ImmutableMap$Builder                                  : loaded 2 times (x 80B)
Class com.google.common.base.AbstractIterator                                         : loaded 2 times (x 78B)
Class com.google.common.base.AbstractIterator$1                                       : loaded 2 times (x 69B)
Class [Lcom.google.common.cache.CacheBuilder$OneWeigher;                              : loaded 2 times (x 67B)
Class com.google.common.collect.Iterators                                             : loaded 2 times (x 69B)
Class com.google.common.base.CharMatcher$1                                            : loaded 2 times (x 111B)
Class com.google.common.base.CharMatcher$Ascii                                        : loaded 2 times (x 110B)
Class com.google.common.cache.LocalCache$ComputingValueReference                      : loaded 2 times (x 94B)
Class org.gradle.api.UncheckedIOException                                             : loaded 2 times (x 80B)
Class com.google.common.base.CharMatcher$And                                          : loaded 2 times (x 110B)
Class com.google.common.collect.IndexedImmutableSet                                   : loaded 2 times (x 148B)
Class com.google.common.collect.IndexedImmutableSet$1                                 : loaded 2 times (x 172B)
Class com.google.common.collect.AbstractListMultimap                                  : loaded 2 times (x 170B)
Class com.google.common.base.CharMatcher$Any                                          : loaded 2 times (x 110B)
Class org.gradle.internal.installation.GradleInstallation                             : loaded 2 times (x 73B)
Class com.google.common.cache.LocalCache$Strength                                     : loaded 2 times (x 79B)
Class com.google.common.collect.ArrayListMultimapGwtSerializationDependencies         : loaded 2 times (x 170B)
Class com.google.common.base.CharMatcher$RangesMatcher                                : loaded 2 times (x 110B)
Class com.google.common.collect.ImmutableList$SubList                                 : loaded 2 times (x 168B)
Class com.google.common.cache.LocalCache$ValueReference                               : loaded 2 times (x 68B)
Class org.gradle.internal.classloader.ClasspathUtil                                   : loaded 2 times (x 69B)
Class com.google.common.util.concurrent.AbstractFuture                                : loaded 2 times (x 93B)
Class com.google.common.base.Splitter$1                                               : loaded 2 times (x 75B)
Class com.google.common.base.Ticker$1                                                 : loaded 2 times (x 70B)
Class com.google.common.collect.Maps$BiMapConverter                                   : loaded 2 times (x 88B)
Class org.gradle.api.internal.DefaultClassPathRegistry                                : loaded 2 times (x 74B)
Class com.google.common.util.concurrent.AbstractFuture$Cancellation                   : loaded 2 times (x 70B)
Class com.google.common.collect.ImmutableSet$SetBuilderImpl                           : loaded 2 times (x 74B)
Class org.gradle.api.internal.classpath.DefaultModuleRegistry$DefaultModule           : loaded 2 times (x 84B)
Class com.google.common.base.CharMatcher$JavaIsoControl                               : loaded 2 times (x 110B)
Class com.google.common.collect.ImmutableMap$1                                        : loaded 2 times (x 79B)
Class com.google.common.base.CharMatcher$Or                                           : loaded 2 times (x 110B)
Class org.gradle.kotlin.dsl.VersionCatalogAccessorsKt                                 : loaded 2 times (x 69B)
Class com.google.common.base.Suppliers$SupplierOfInstance                             : loaded 2 times (x 77B)
Class com.google.common.collect.Iterables                                             : loaded 2 times (x 69B)
Class com.google.common.base.CharMatcher$JavaLowerCase                                : loaded 2 times (x 109B)
Class org.gradle.api.internal.classpath.UnknownModuleException                        : loaded 2 times (x 80B)
Class com.google.common.util.concurrent.AbstractFuture$Listener                       : loaded 2 times (x 70B)
Class com.google.common.collect.Maps$EntryTransformer                                 : loaded 2 times (x 68B)
Class com.google.common.collect.ImmutableCollection$Builder                           : loaded 2 times (x 74B)
Class com.google.common.collect.SingletonImmutableBiMap                               : loaded 2 times (x 141B)
Class com.google.common.base.CommonPattern                                            : loaded 2 times (x 72B)
Class com.google.common.base.Suppliers                                                : loaded 2 times (x 69B)
Class com.google.common.cache.LoadingCache                                            : loaded 2 times (x 68B)
Class org.gradle.internal.service.ServiceLookupException                              : loaded 2 times (x 80B)
Class org.gradle.cache.GlobalCache                                                    : loaded 2 times (x 68B)
Class com.google.common.base.CharMatcher$NegatedFastMatcher                           : loaded 2 times (x 111B)
Class [Lorg.gradle.api.internal.ClassPathProvider;                                    : loaded 2 times (x 67B)
Class com.google.common.util.concurrent.AbstractFuture$SafeAtomicHelper               : loaded 2 times (x 77B)
Class org.gradle.util.internal.GUtil                                                  : loaded 2 times (x 69B)
Class com.google.common.math.IntMath                                                  : loaded 2 times (x 69B)
Class com.google.common.collect.AbstractIterator                                      : loaded 2 times (x 80B)
Class org.gradle.internal.classloader.ClassLoaderSpec                                 : loaded 2 times (x 69B)
Class com.google.common.base.NullnessCasts                                            : loaded 2 times (x 69B)
Class com.google.common.cache.LocalCache$LocalManualCache                             : loaded 2 times (x 97B)
Class com.google.common.collect.AbstractMapEntry                                      : loaded 2 times (x 79B)
Class com.google.common.base.CharMatcher$Negated                                      : loaded 2 times (x 111B)
Class com.google.common.cache.CacheLoader$1                                           : loaded 2 times (x 73B)
Class com.google.common.util.concurrent.AbstractFuture$TrustedFuture                  : loaded 2 times (x 95B)
Class com.google.common.collect.ImmutableSet$Builder                                  : loaded 2 times (x 83B)
Class com.google.common.base.CharMatcher$ForPredicate                                 : loaded 2 times (x 110B)
Class com.google.common.collect.ImmutableMap$MapViewOfValuesAsSingletonSets           : loaded 2 times (x 123B)
Class com.google.common.base.MoreObjects                                              : loaded 2 times (x 69B)
Class com.google.common.collect.SortedMapDifference                                   : loaded 2 times (x 68B)
Class com.google.common.cache.CacheStats                                              : loaded 2 times (x 69B)
Class org.gradle.internal.classloader.VisitableURLClassLoader                         : loaded 2 times (x 115B)
Class com.google.common.cache.LocalCache$LocalLoadingCache                            : loaded 2 times (x 132B)
Class com.google.common.base.Supplier                                                 : loaded 2 times (x 68B)
Class com.google.common.util.concurrent.AbstractFuture$AtomicHelper                   : loaded 2 times (x 76B)
Class com.google.common.collect.ImmutableBiMap                                        : loaded 2 times (x 141B)
Class org.gradle.internal.Cast                                                        : loaded 2 times (x 69B)
Class Build_gradle                                                                    : loaded 2 times (x 70B)
Class org.gradle.api.internal.ClassPathRegistry                                       : loaded 2 times (x 68B)
Class com.google.common.cache.LocalCache$EntryFactory                                 : loaded 2 times (x 81B)
Class com.google.common.util.concurrent.UncheckedExecutionException                   : loaded 2 times (x 80B)
Class com.google.common.collect.ImmutableSet                                          : loaded 2 times (x 143B)
Class org.gradle.internal.classloader.VisitableURLClassLoader$InstrumentingVisitableURLClassLoader: loaded 2 times (x 121B)
Class org.gradle.internal.classloader.ClassLoaderHierarchy                            : loaded 2 times (x 68B)
Class com.google.common.base.AbstractIterator$State                                   : loaded 2 times (x 77B)
Class com.google.common.cache.Weigher                                                 : loaded 2 times (x 68B)
Class com.google.common.base.CharMatcher$NamedFastMatcher                             : loaded 2 times (x 110B)
Class org.gradle.internal.InternalTransformer                                         : loaded 2 times (x 68B)
Class org.gradle.internal.service.ServiceLocator                                      : loaded 2 times (x 68B)
Class Settings_gradle$1                                                               : loaded 2 times (x 72B)
Class com.google.common.util.concurrent.SettableFuture                                : loaded 2 times (x 95B)
Class com.google.common.collect.ImmutableMapEntry                                     : loaded 2 times (x 83B)
Class com.google.common.base.CharMatcher$Invisible                                    : loaded 2 times (x 110B)
Class com.google.common.base.CharMatcher$FastMatcher                                  : loaded 2 times (x 109B)
Class org.gradle.internal.classpath.DefaultClassPath$ImmutableUniqueList              : loaded 2 times (x 159B)
Class com.google.common.base.CharMatcher$JavaLetter                                   : loaded 2 times (x 109B)
Class org.gradle.internal.classpath.TransformedClassPath                              : loaded 2 times (x 94B)
Class com.google.common.collect.MapDifference                                         : loaded 2 times (x 68B)
Class com.google.common.util.concurrent.AbstractFuture$Trusted                        : loaded 2 times (x 68B)
Class Settings_gradle                                                                 : loaded 2 times (x 126B)
Class com.google.common.collect.Platform                                              : loaded 2 times (x 69B)
Class com.google.common.collect.ImmutableAsList                                       : loaded 2 times (x 169B)
Class com.google.common.util.concurrent.ExecutionError                                : loaded 2 times (x 80B)
Class com.google.common.base.Equivalence$Identity                                     : loaded 2 times (x 80B)
Class com.google.common.base.CharMatcher$AnyOf                                        : loaded 2 times (x 110B)
Class com.google.common.base.CharMatcher$IsEither                                     : loaded 2 times (x 109B)
Class com.google.common.cache.LocalCache                                              : loaded 2 times (x 185B)
Class com.google.common.collect.RegularImmutableList                                  : loaded 2 times (x 172B)
Class com.google.common.util.concurrent.AbstractFuture$UnsafeAtomicHelper$1           : loaded 2 times (x 74B)
Class com.google.common.base.CharMatcher$JavaUpperCase                                : loaded 2 times (x 109B)
Class com.google.common.collect.Multiset                                              : loaded 2 times (x 68B)
Class com.google.common.collect.ImmutableSet$CachingAsList                            : loaded 2 times (x 145B)
Class com.google.common.collect.ImmutableMapEntry$NonTerminalImmutableMapEntry        : loaded 2 times (x 83B)
Class com.google.common.collect.AbstractMapBasedMultimap                              : loaded 2 times (x 137B)


---------------  S Y S T E M  ---------------

OS:
 Windows 11 , 64 bit Build 22621 (10.0.22621.3374)
OS uptime: 0 days 0:23 hours

CPU: total 8 (initial active 8) (4 cores per cpu, 2 threads per core) family 6 model 140 stepping 1 microcode 0x9a, cx8, cmov, fxsr, ht, mmx, 3dnowpref, sse, sse2, sse3, ssse3, sse4.1, sse4.2, popcnt, lzcnt, tsc, tscinvbit, avx, avx2, aes, erms, clmul, bmi1, bmi2, adx, avx512f, avx512dq, avx512cd, avx512bw, avx512vl, sha, fma, vzeroupper, avx512_vpopcntdq, avx512_vpclmulqdq, avx512_vaes, avx512_vnni, clflush, clflushopt, clwb, avx512_vbmi2, avx512_vbmi
Processor Information for processor 0
  Max Mhz: 2419, Current Mhz: 2419, Mhz Limit: 2419
Processor Information for processor 1
  Max Mhz: 2419, Current Mhz: 2419, Mhz Limit: 2419
Processor Information for processor 2
  Max Mhz: 2419, Current Mhz: 2419, Mhz Limit: 2419
Processor Information for processor 3
  Max Mhz: 2419, Current Mhz: 2419, Mhz Limit: 2419
Processor Information for processor 4
  Max Mhz: 2419, Current Mhz: 2419, Mhz Limit: 2419
Processor Information for processor 5
  Max Mhz: 2419, Current Mhz: 2419, Mhz Limit: 2419
Processor Information for processor 6
  Max Mhz: 2419, Current Mhz: 2419, Mhz Limit: 2419
Processor Information for processor 7
  Max Mhz: 2419, Current Mhz: 1209, Mhz Limit: 2419

Memory: 4k page, system-wide physical 7882M (29M free)
TotalPageFile size 9930M (AvailPageFile size 6M)
current process WorkingSet (physical memory assigned to process): 286M, peak: 286M
current process commit charge ("private bytes"): 322M, peak: 323M

vm_info: OpenJDK 64-Bit Server VM (17.0.9+0--11185874) for windows-amd64 JRE (17.0.9+0--11185874), built on Dec  6 2023 18:57:44 by "androidbuild" with MS VC++ 16.10 / 16.11 (VS2019)

END.
